Linux 2.6.32-431.el6.i686 (bogon) 	06/13/2019 	_i686_	(24 CPU)

12:00:01 AM       DEV       tps  rd_sec/s  wr_sec/s  avgrq-sz  avgqu-sz     await     svctm     %util
12:10:01 AM    dev8-0      0.86      0.00     17.98     20.99      0.01     14.33      3.94      0.34
12:10:01 AM  dev253-0      2.24      0.00     17.91      8.00      0.05     23.94      1.51      0.34
12:10:01 AM  dev253-1      0.00      0.00      0.00      0.00      0.00      0.00      0.00      0.00
12:10:01 AM  dev253-2      0.00      0.00      0.00      0.00      0.00      0.00      0.00      0.00
12:20:01 AM    dev8-0      0.33      0.00      3.46     10.52      0.00     10.00      4.87      0.16
12:20:01 AM  dev253-0      0.43      0.00      3.46      8.00      0.00      9.99      3.71      0.16
12:20:01 AM  dev253-1      0.00      0.00      0.00      0.00      0.00      0.00      0.00      0.00
12:20:01 AM  dev253-2      0.00      0.00      0.00      0.00      0.00      0.00      0.00      0.00
12:30:01 AM    dev8-0      0.34      0.00      3.60     10.64      0.00      9.42      4.67      0.16
12:30:01 AM  dev253-0      0.45      0.00      3.60      8.00      0.00      9.30      3.52      0.16
12:30:01 AM  dev253-1      0.00      0.00      0.00      0.00      0.00      0.00      0.00      0.00
12:30:01 AM  dev253-2      0.00      0.00      0.00      0.00      0.00      0.00      0.00      0.00
12:40:01 AM    dev8-0      0.33      0.00      3.51     10.52      0.00     10.16      4.89      0.16
12:40:01 AM  dev253-0      0.44      0.00      3.51      8.00      0.00     10.56      3.72      0.16
12:40:01 AM  dev253-1      0.00      0.00      0.00      0.00      0.00      0.00      0.00      0.00
12:40:01 AM  dev253-2      0.00      0.00      0.00      0.00      0.00      0.00      0.00      0.00
12:50:01 AM    dev8-0      0.34      0.00      3.66     10.75      0.00     10.04      4.88      0.17
12:50:01 AM  dev253-0      0.46      0.00      3.66      8.00      0.00     10.12      3.64      0.17
12:50:01 AM  dev253-1      0.00      0.00      0.00      0.00      0.00      0.00      0.00      0.00
12:50:01 AM  dev253-2      0.00      0.00      0.00      0.00      0.00      0.00      0.00      0.00
01:00:01 AM    dev8-0      0.39      0.00      4.08     10.55      0.00     10.37      4.89      0.19
01:00:01 AM  dev253-0      0.52      0.00      4.14      8.00      0.01     10.05      3.66      0.19
01:00:01 AM  dev253-1      0.00      0.00      0.00      0.00      0.00      0.00      0.00      0.00
01:00:01 AM  dev253-2      0.00      0.00      0.00      0.00      0.00      0.00      0.00      0.00
01:10:01 AM    dev8-0      0.35      0.00      3.76     10.79      0.00     10.56      4.59      0.16
01:10:01 AM  dev253-0      0.46      0.00      3.71      8.00      0.00     10.65      3.45      0.16
01:10:01 AM  dev253-1      0.00      0.00      0.00      0.00      0.00      0.00      0.00      0.00
01:10:01 AM  dev253-2      0.00      0.00      0.00      0.00      0.00      0.00      0.00      0.00
01:20:01 AM    dev8-0      0.35      0.00      3.60     10.38      0.00      9.83      4.88      0.17
01:20:01 AM  dev253-0      0.46      0.00      3.69      8.00      0.00      9.57      3.67      0.17
01:20:01 AM  dev253-1      0.00      0.00      0.00      0.00      0.00      0.00      0.00      0.00
01:20:01 AM  dev253-2      0.00      0.00      0.00      0.00      0.00      0.00      0.00      0.00
01:30:01 AM    dev8-0      0.38      0.00      4.14     10.88      0.00      8.96      5.02      0.19
01:30:01 AM  dev253-0      0.51      0.00      4.04      8.00      0.00      9.25      3.78      0.19
01:30:01 AM  dev253-1      0.00      0.00      0.00      0.00      0.00      0.00      0.00      0.00
01:30:01 AM  dev253-2      0.00      0.00      0.00      0.00      0.00      0.00      0.00      0.00
01:40:01 AM    dev8-0      0.37      0.00      4.64     12.48      0.00     10.23      4.67      0.17
01:40:01 AM  dev253-0      0.58      0.00      4.64      8.00      0.01     10.58      2.99      0.17
01:40:01 AM  dev253-1      0.00      0.00      0.00      0.00      0.00      0.00      0.00      0.00
01:40:01 AM  dev253-2      0.00      0.00      0.00      0.00      0.00      0.00      0.00      0.00
01:50:01 AM    dev8-0      0.31      0.00      3.31     10.84      0.00     10.96      5.19      0.16
01:50:01 AM  dev253-0      0.41      0.00      3.31      8.00      0.00     11.50      3.83      0.16
01:50:01 AM  dev253-1      0.00      0.00      0.00      0.00      0.00      0.00      0.00      0.00
01:50:01 AM  dev253-2      0.00      0.00      0.00      0.00      0.00      0.00      0.00      0.00
02:00:01 AM    dev8-0      0.34      0.00      3.40     10.15      0.00      9.72      4.88      0.16
02:00:01 AM  dev253-0      0.43      0.00      3.40      8.00      0.00     10.00      3.84      0.16
02:00:01 AM  dev253-1      0.00      0.00      0.00      0.00      0.00      0.00      0.00      0.00
02:00:01 AM  dev253-2      0.00      0.00      0.00      0.00      0.00      0.00      0.00      0.00
02:10:01 AM    dev8-0      0.34      0.00      3.69     10.86      0.00     10.57      4.86      0.17
02:10:01 AM  dev253-0      0.46      0.00      3.69      8.00      0.01     11.10      3.58      0.17
02:10:01 AM  dev253-1      0.00      0.00      0.00      0.00      0.00      0.00      0.00      0.00
02:10:01 AM  dev253-2      0.00      0.00      0.00      0.00      0.00      0.00      0.00      0.00
02:20:01 AM    dev8-0      0.28      0.00      2.96     10.51      0.00      8.84      4.95      0.14
02:20:01 AM  dev253-0      0.38      0.00      3.02      8.00      0.00      8.92      3.70      0.14
02:20:01 AM  dev253-1      0.00      0.00      0.00      0.00      0.00      0.00      0.00      0.00
02:20:01 AM  dev253-2      0.00      0.00      0.00      0.00      0.00      0.00      0.00      0.00
02:30:01 AM    dev8-0      0.81      0.00      8.45     10.38      0.01      6.91      4.34      0.35
02:30:01 AM  dev253-0      1.05      0.00      8.39      8.00      0.01      7.46      3.36      0.35
02:30:01 AM  dev253-1      0.00      0.00      0.00      0.00      0.00      0.00      0.00      0.00
02:30:01 AM  dev253-2      0.00      0.00      0.00      0.00      0.00      0.00      0.00      0.00
02:40:01 AM    dev8-0      0.30      0.00      3.18     10.52      0.00      9.51      4.92      0.15
02:40:01 AM  dev253-0      0.40      0.00      3.18      8.00      0.00      9.29      3.74      0.15
02:40:01 AM  dev253-1      0.00      0.00      0.00      0.00      0.00      0.00      0.00      0.00
02:40:01 AM  dev253-2      0.00      0.00      0.00      0.00      0.00      0.00      0.00      0.00
02:50:01 AM    dev8-0      0.32      0.00      3.35     10.62      0.00      9.46      4.92      0.15
02:50:01 AM  dev253-0      0.43      0.00      3.40      8.00      0.00      9.83      3.64      0.15
02:50:01 AM  dev253-1      0.00      0.00      0.00      0.00      0.00      0.00      0.00      0.00
02:50:01 AM  dev253-2      0.00      0.00      0.00      0.00      0.00      0.00      0.00      0.00
03:00:01 AM    dev8-0      0.30      0.00      3.27     10.83      0.00      9.69      5.08      0.15
03:00:01 AM  dev253-0      0.40      0.00      3.22      8.00      0.00      9.29      3.81      0.15
03:00:01 AM  dev253-1      0.00      0.00      0.00      0.00      0.00      0.00      0.00      0.00
03:00:01 AM  dev253-2      0.00      0.00      0.00      0.00      0.00      0.00      0.00      0.00
03:10:01 AM    dev8-0      0.34      0.00      3.40     10.05      0.00      9.24      4.63      0.16
03:10:01 AM  dev253-0      0.43      0.00      3.40      8.00      0.00      9.19      3.69      0.16
03:10:01 AM  dev253-1      0.00      0.00      0.00      0.00      0.00      0.00      0.00      0.00
03:10:01 AM  dev253-2      0.00      0.00      0.00      0.00      0.00      0.00      0.00      0.00
03:20:01 AM    dev8-0      0.24      0.00      2.59     10.85      0.00      8.49      4.77      0.11
03:20:01 AM  dev253-0      0.32      0.00      2.59      8.00      0.00      8.85      3.52      0.11
03:20:01 AM  dev253-1      0.00      0.00      0.00      0.00      0.00      0.00      0.00      0.00
03:20:01 AM  dev253-2      0.00      0.00      0.00      0.00      0.00      0.00      0.00      0.00
03:30:01 AM    dev8-0      0.30      0.00      3.07     10.34      0.00      9.69      5.03      0.15
03:30:01 AM  dev253-0      0.38      0.00      3.07      8.00      0.00      9.84      3.90      0.15
03:30:01 AM  dev253-1      0.00      0.00      0.00      0.00      0.00      0.00      0.00      0.00
03:30:01 AM  dev253-2      0.00      0.00      0.00      0.00      0.00      0.00      0.00      0.00
03:40:01 AM    dev8-0      1.56      6.74     59.92     42.76      0.10     62.36      2.67      0.42
03:40:01 AM  dev253-0      7.64      1.21     59.92      8.00      2.05    268.45      0.49      0.37
03:40:01 AM  dev253-1      0.00      0.00      0.00      0.00      0.00      0.00      0.00      0.00
03:40:01 AM  dev253-2      0.69      5.52      0.00      8.00      0.00      0.99      0.99      0.07
03:50:01 AM    dev8-0      0.72      0.17     20.13     28.19      0.04     56.90      4.24      0.31
03:50:01 AM  dev253-0      2.54      0.17     20.19      8.02      0.20     77.32      1.20      0.31
03:50:01 AM  dev253-1      0.00      0.00      0.00      0.00      0.00      0.00      0.00      0.00
03:50:01 AM  dev253-2      0.00      0.00      0.00      0.00      0.00      0.00      0.00      0.00
04:00:01 AM    dev8-0      0.33      0.00      3.40     10.30      0.00      9.92      4.93      0.16
04:00:01 AM  dev253-0      0.42      0.00      3.35      8.00      0.00     10.34      3.89      0.16
04:00:01 AM  dev253-1      0.00      0.00      0.00      0.00      0.00      0.00      0.00      0.00
04:00:01 AM  dev253-2      0.00      0.00      0.00      0.00      0.00      0.00      0.00      0.00
04:10:01 AM    dev8-0      0.31      0.00      3.25     10.44      0.00     10.15      5.17      0.16
04:10:01 AM  dev253-0      0.42      0.00      3.32      8.00      0.00      9.94      3.88      0.16
04:10:01 AM  dev253-1      0.00      0.00      0.00      0.00      0.00      0.00      0.00      0.00
04:10:01 AM  dev253-2      0.00      0.00      0.00      0.00      0.00      0.00      0.00      0.00
04:20:01 AM    dev8-0      0.30      0.00      3.11     10.24      0.00      9.25      5.15      0.16
04:20:01 AM  dev253-0      0.38      0.00      3.04      8.00      0.00      9.39      4.11      0.16
04:20:01 AM  dev253-1      0.00      0.00      0.00      0.00      0.00      0.00      0.00      0.00
04:20:01 AM  dev253-2      0.00      0.00      0.00      0.00      0.00      0.00      0.00      0.00
04:30:01 AM    dev8-0      0.28      0.00      3.00     10.84      0.00      8.72      4.89      0.14
04:30:01 AM  dev253-0      0.38      0.00      3.00      8.00      0.00      8.62      3.61      0.14
04:30:01 AM  dev253-1      0.00      0.00      0.00      0.00      0.00      0.00      0.00      0.00
04:30:01 AM  dev253-2      0.00      0.00      0.00      0.00      0.00      0.00      0.00      0.00
04:40:01 AM    dev8-0      0.25      0.00      2.65     10.76      0.00      9.05      4.86      0.12
04:40:01 AM  dev253-0      0.33      0.00      2.65      8.00      0.00      9.46      3.62      0.12
04:40:01 AM  dev253-1      0.00      0.00      0.00      0.00      0.00      0.00      0.00      0.00
04:40:01 AM  dev253-2      0.00      0.00      0.00      0.00      0.00      0.00      0.00      0.00
04:50:01 AM    dev8-0      0.38      0.00      5.22     13.60      0.01     18.25      4.34      0.17
04:50:01 AM  dev253-0      0.65      0.00      5.22      8.00      0.01     15.23      2.55      0.17
04:50:01 AM  dev253-1      0.00      0.00      0.00      0.00      0.00      0.00      0.00      0.00
04:50:01 AM  dev253-2      0.00      0.00      0.00      0.00      0.00      0.00      0.00      0.00
05:00:01 AM    dev8-0      0.31      0.00      3.29     10.68      0.00      9.48      4.97      0.15
05:00:01 AM  dev253-0      0.41      0.00      3.29      8.00      0.00      9.78      3.73      0.15
05:00:01 AM  dev253-1      0.00      0.00      0.00      0.00      0.00      0.00      0.00      0.00
05:00:01 AM  dev253-2      0.00      0.00      0.00      0.00      0.00      0.00      0.00      0.00
05:10:01 AM    dev8-0      0.27      0.00      2.84     10.39      0.00      9.56      5.20      0.14
05:10:01 AM  dev253-0      0.36      0.00      2.90      8.00      0.00      9.24      3.93      0.14
05:10:01 AM  dev253-1      0.00      0.00      0.00      0.00      0.00      0.00      0.00      0.00
05:10:01 AM  dev253-2      0.00      0.00      0.00      0.00      0.00      0.00      0.00      0.00
05:20:01 AM    dev8-0      0.29      0.00      3.00     10.40      0.00      9.61      5.01      0.14
05:20:01 AM  dev253-0      0.37      0.00      2.95      8.00      0.00      9.92      3.92      0.14
05:20:01 AM  dev253-1      0.00      0.00      0.00      0.00      0.00      0.00      0.00      0.00
05:20:01 AM  dev253-2      0.00      0.00      0.00      0.00      0.00      0.00      0.00      0.00
05:30:01 AM    dev8-0      0.29      0.00      3.01     10.27      0.00      9.27      5.05      0.15
05:30:01 AM  dev253-0      0.38      0.00      3.01      8.00      0.00      9.44      3.93      0.15
05:30:01 AM  dev253-1      0.00      0.00      0.00      0.00      0.00      0.00      0.00      0.00
05:30:01 AM  dev253-2      0.00      0.00      0.00      0.00      0.00      0.00      0.00      0.00
05:40:01 AM    dev8-0      0.25      0.00      2.67     10.67      0.00      9.77      5.81      0.15
05:40:01 AM  dev253-0      0.34      0.00      2.72      8.00      0.00     10.34      4.28      0.15
05:40:01 AM  dev253-1      0.00      0.00      0.00      0.00      0.00      0.00      0.00      0.00
05:40:01 AM  dev253-2      0.00      0.00      0.00      0.00      0.00      0.00      0.00      0.00
05:50:01 AM    dev8-0      0.29      0.00      3.31     11.34      0.00      9.15      4.94      0.14
05:50:01 AM  dev253-0      0.41      0.00      3.26      8.00      0.00      9.24      3.54      0.14
05:50:01 AM  dev253-1      0.00      0.00      0.00      0.00      0.00      0.00      0.00      0.00
05:50:01 AM  dev253-2      0.00      0.00      0.00      0.00      0.00      0.00      0.00      0.00
06:00:01 AM    dev8-0      0.35      0.00      3.56     10.32      0.00      9.57      4.66      0.16
06:00:01 AM  dev253-0      0.45      0.00      3.56      8.00      0.00      9.42      3.61      0.16
06:00:01 AM  dev253-1      0.00      0.00      0.00      0.00      0.00      0.00      0.00      0.00
06:00:01 AM  dev253-2      0.00      0.00      0.00      0.00      0.00      0.00      0.00      0.00
06:10:01 AM    dev8-0      0.34      0.00      3.49     10.24      0.00     10.13      5.07      0.17
06:10:01 AM  dev253-0      0.44      0.00      3.49      8.00      0.00     10.32      3.97      0.17
06:10:01 AM  dev253-1      0.00      0.00      0.00      0.00      0.00      0.00      0.00      0.00
06:10:01 AM  dev253-2      0.00      0.00      0.00      0.00      0.00      0.00      0.00      0.00
06:20:01 AM    dev8-0      0.32      0.00      3.15      9.88      0.00      9.07      4.98      0.16
06:20:01 AM  dev253-0      0.39      0.00      3.15      8.00      0.00      8.91      4.03      0.16
06:20:01 AM  dev253-1      0.00      0.00      0.00      0.00      0.00      0.00      0.00      0.00
06:20:01 AM  dev253-2      0.00      0.00      0.00      0.00      0.00      0.00      0.00      0.00
06:30:01 AM    dev8-0      0.33      0.00      3.36     10.29      0.00      8.84      4.72      0.15
06:30:01 AM  dev253-0      0.42      0.00      3.36      8.00      0.00      8.77      3.67      0.15
06:30:01 AM  dev253-1      0.00      0.00      0.00      0.00      0.00      0.00      0.00      0.00
06:30:01 AM  dev253-2      0.00      0.00      0.00      0.00      0.00      0.00      0.00      0.00
06:40:01 AM    dev8-0      0.27      0.00      2.79     10.52      0.00      8.57      4.91      0.13
06:40:01 AM  dev253-0      0.36      0.00      2.84      8.00      0.00      8.47      3.67      0.13
06:40:01 AM  dev253-1      0.00      0.00      0.00      0.00      0.00      0.00      0.00      0.00
06:40:01 AM  dev253-2      0.00      0.00      0.00      0.00      0.00      0.00      0.00      0.00
06:50:01 AM    dev8-0      0.31      0.00      3.47     11.24      0.00      9.82      5.16      0.16
06:50:01 AM  dev253-0      0.43      0.00      3.41      8.00      0.00      9.78      3.73      0.16
06:50:01 AM  dev253-1      0.00      0.00      0.00      0.00      0.00      0.00      0.00      0.00
06:50:01 AM  dev253-2      0.00      0.00      0.00      0.00      0.00      0.00      0.00      0.00
07:00:01 AM    dev8-0      0.26      0.00      2.91     11.04      0.00      9.65      4.88      0.13
07:00:01 AM  dev253-0      0.36      0.00      2.91      8.00      0.00      9.56      3.54      0.13
07:00:01 AM  dev253-1      0.00      0.00      0.00      0.00      0.00      0.00      0.00      0.00
07:00:01 AM  dev253-2      0.00      0.00      0.00      0.00      0.00      0.00      0.00      0.00
07:10:01 AM    dev8-0      0.39      0.00      5.15     13.20      0.01     16.24      4.48      0.17
07:10:01 AM  dev253-0      0.60      0.00      4.83      8.00      0.01     15.67      2.61      0.16
07:10:01 AM  dev253-1      0.00      0.00      0.00      0.00      0.00      0.00      0.00      0.00
07:10:01 AM  dev253-2      0.04      0.00      0.32      8.00      0.00     12.29      4.29      0.02
07:20:01 AM    dev8-0      0.24      0.00      2.58     10.72      0.00      8.76      4.87      0.12
07:20:01 AM  dev253-0      0.32      0.00      2.58      8.00      0.00      8.80      3.63      0.12
07:20:01 AM  dev253-1      0.00      0.00      0.00      0.00      0.00      0.00      0.00      0.00
07:20:01 AM  dev253-2      0.00      0.00      0.00      0.00      0.00      0.00      0.00      0.00
07:30:01 AM    dev8-0      0.26      0.00      2.80     10.70      0.00      8.84      4.73      0.12
07:30:01 AM  dev253-0      0.35      0.00      2.80      8.00      0.00      8.78      3.53      0.12
07:30:01 AM  dev253-1      0.00      0.00      0.00      0.00      0.00      0.00      0.00      0.00
07:30:01 AM  dev253-2      0.00      0.00      0.00      0.00      0.00      0.00      0.00      0.00
07:40:01 AM    dev8-0      0.25      0.00      2.67     10.74      0.00      8.83      4.91      0.12
07:40:01 AM  dev253-0      0.33      0.00      2.67      8.00      0.00      8.88      3.66      0.12
07:40:01 AM  dev253-1      0.00      0.00      0.00      0.00      0.00      0.00      0.00      0.00
07:40:01 AM  dev253-2      0.00      0.00      0.00      0.00      0.00      0.00      0.00      0.00
07:50:01 AM    dev8-0      0.28      0.00      3.23     11.39      0.00      9.11      5.02      0.14
07:50:01 AM  dev253-0      0.40      0.00      3.23      8.00      0.00      9.61      3.52      0.14
07:50:01 AM  dev253-1      0.00      0.00      0.00      0.00      0.00      0.00      0.00      0.00
07:50:01 AM  dev253-2      0.00      0.00      0.00      0.00      0.00      0.00      0.00      0.00
08:00:01 AM    dev8-0      0.33      0.00      3.39     10.31      0.00     10.28      4.90      0.16
08:00:01 AM  dev253-0      0.43      0.00      3.47      8.00      0.00      9.94      3.72      0.16
08:00:01 AM  dev253-1      0.00      0.00      0.00      0.00      0.00      0.00      0.00      0.00
08:00:01 AM  dev253-2      0.00      0.00      0.00      0.00      0.00      0.00      0.00      0.00
08:10:01 AM    dev8-0      0.32      0.00      3.35     10.40      0.00      9.17      4.76      0.15
08:10:01 AM  dev253-0      0.41      0.00      3.27      8.00      0.00      9.04      3.75      0.15
08:10:01 AM  dev253-1      0.00      0.00      0.00      0.00      0.00      0.00      0.00      0.00
08:10:01 AM  dev253-2      0.00      0.00      0.00      0.00      0.00      0.00      0.00      0.00
08:20:01 AM    dev8-0      0.28      0.00      2.88     10.35      0.00      9.02      5.04      0.14
08:20:01 AM  dev253-0      0.37      0.00      2.96      8.00      0.00      8.93      3.79      0.14
08:20:01 AM  dev253-1      0.00      0.00      0.00      0.00      0.00      0.00      0.00      0.00
08:20:01 AM  dev253-2      0.00      0.00      0.00      0.00      0.00      0.00      0.00      0.00
08:30:01 AM    dev8-0      0.30      0.00      3.13     10.39      0.00      8.81      4.99      0.15
08:30:01 AM  dev253-0      0.38      0.00      3.05      8.00      0.00      9.08      3.95      0.15
08:30:01 AM  dev253-1      0.00      0.00      0.00      0.00      0.00      0.00      0.00      0.00
08:30:01 AM  dev253-2      0.00      0.00      0.00      0.00      0.00      0.00      0.00      0.00
08:40:01 AM    dev8-0      0.36      0.00      4.23     11.74      0.00     11.63      4.89      0.18
08:40:01 AM  dev253-0      0.53      0.00      4.23      8.00      0.01     11.64      3.33      0.18
08:40:01 AM  dev253-1      0.00      0.00      0.00      0.00      0.00      0.00      0.00      0.00
08:40:01 AM  dev253-2      0.00      0.00      0.00      0.00      0.00      0.00      0.00      0.00
08:50:01 AM    dev8-0      0.36      0.00      3.91     11.00      0.00      9.43      4.85      0.17
08:50:01 AM  dev253-0      0.49      0.00      3.91      8.00      0.00      9.56      3.53      0.17
08:50:01 AM  dev253-1      0.00      0.00      0.00      0.00      0.00      0.00      0.00      0.00
08:50:01 AM  dev253-2      0.00      0.00      0.00      0.00      0.00      0.00      0.00      0.00
09:00:01 AM    dev8-0      0.68      0.00     24.48     36.07      0.03     42.12      4.40      0.30
09:00:01 AM  dev253-0      3.06      0.00     24.48      8.00      0.24     76.91      0.98      0.30
09:00:01 AM  dev253-1      0.00      0.00      0.00      0.00      0.00      0.00      0.00      0.00
09:00:01 AM  dev253-2      0.00      0.00      0.00      0.00      0.00      0.00      0.00      0.00
09:10:01 AM    dev8-0      0.58      0.00      7.53     13.04      0.01     10.82      4.93      0.28
09:10:01 AM  dev253-0      0.93      0.00      7.47      8.00      0.01     10.86      2.99      0.28
09:10:01 AM  dev253-1      0.00      0.00      0.00      0.00      0.00      0.00      0.00      0.00
09:10:01 AM  dev253-2      0.01      0.00      0.05      8.00      0.00     12.00      8.50      0.01
09:20:01 AM    dev8-0      0.76      0.00      9.73     12.74      0.01     17.31      4.25      0.32
09:20:01 AM  dev253-0      1.21      0.00      9.70      8.00      0.02     14.90      2.66      0.32
09:20:01 AM  dev253-1      0.00      0.00      0.00      0.00      0.00      0.00      0.00      0.00
09:20:01 AM  dev253-2      0.00      0.00      0.03      8.00      0.00     17.00      8.50      0.00
09:30:01 AM    dev8-0      1.07      0.00     15.16     14.20      0.01     11.52      4.74      0.51
09:30:01 AM  dev253-0      1.58      0.00     12.62      8.00      0.02     11.43      2.66      0.42
09:30:01 AM  dev253-1      0.00      0.00      0.00      0.00      0.00      0.00      0.00      0.00
09:30:01 AM  dev253-2      0.32      0.00      2.53      8.00      0.00     14.97      2.85      0.09
09:40:01 AM    dev8-0      1.09      0.00     16.12     14.77      0.01     11.66      4.90      0.53
09:40:01 AM  dev253-0      1.67      0.00     13.34      8.00      0.02     10.47      2.68      0.45
09:40:01 AM  dev253-1      0.00      0.00      0.00      0.00      0.00      0.00      0.00      0.00
09:40:01 AM  dev253-2      0.36      0.00      2.87      8.00      0.01     20.67      2.63      0.09
09:50:01 AM    dev8-0      0.77      0.00     10.58     13.82      0.01     13.86      4.62      0.35
09:50:01 AM  dev253-0      1.18      0.00      9.42      8.00      0.02     12.98      2.73      0.32
09:50:01 AM  dev253-1      0.00      0.00      0.00      0.00      0.00      0.00      0.00      0.00
09:50:01 AM  dev253-2      0.14      0.00      1.09      8.00      0.00     14.51      2.41      0.03
10:00:01 AM    dev8-0      0.91      0.00     12.56     13.75      0.01     10.51      4.78      0.44
10:00:01 AM  dev253-0      1.52      0.00     12.15      8.00      0.02     10.79      2.72      0.41
10:00:01 AM  dev253-1      0.00      0.00      0.00      0.00      0.00      0.00      0.00      0.00
10:00:01 AM  dev253-2      0.05      0.00      0.40      8.00      0.00     14.30      4.73      0.02
10:10:01 AM    dev8-0      1.24      0.00     28.69     23.22      0.02     17.62      4.91      0.61
10:10:01 AM  dev253-0      1.84      0.00     14.71      8.00      0.02     11.45      2.69      0.49
10:10:01 AM  dev253-1      0.00      0.00      0.00      0.00      0.00      0.00      0.00      0.00
10:10:01 AM  dev253-2      1.75      0.00     13.99      8.00      0.14     77.98      0.71      0.12
10:20:01 AM    dev8-0      0.90      0.00     13.38     14.94      0.01     11.30      4.90      0.44
10:20:01 AM  dev253-0      1.49      0.00     11.90      8.00      0.02     11.60      2.65      0.39
10:20:01 AM  dev253-1      0.00      0.00      0.00      0.00      0.00      0.00      0.00      0.00
10:20:01 AM  dev253-2      0.18      0.00      1.47      8.00      0.00     13.49      2.45      0.04
10:30:01 AM    dev8-0      2.62      0.00     40.57     15.49      0.02      8.83      4.36      1.14
10:30:01 AM  dev253-0      4.91      0.00     39.29      8.00      0.05     11.05      2.24      1.10
10:30:01 AM  dev253-1      0.00      0.00      0.00      0.00      0.00      0.00      0.00      0.00
10:30:01 AM  dev253-2      0.16      0.00      1.28      8.00      0.00     15.49      2.59      0.04
10:40:01 AM    dev8-0      1.54      0.00     22.30     14.49      0.01      8.86      4.27      0.66
10:40:01 AM  dev253-0      2.77      0.00     22.17      8.00      0.03     10.23      2.36      0.65
10:40:01 AM  dev253-1      0.00      0.00      0.00      0.00      0.00      0.00      0.00      0.00
10:40:01 AM  dev253-2      0.02      0.00      0.13      8.00      0.00     11.10      2.70      0.00
10:50:01 AM    dev8-0      1.02      0.27     15.94     15.93      0.01     11.97      4.21      0.43
10:50:01 AM  dev253-0      1.76      0.00     14.12      8.00      0.02     11.80      2.21      0.39
10:50:01 AM  dev253-1      0.00      0.00      0.00      0.00      0.00      0.00      0.00      0.00
10:50:01 AM  dev253-2      0.26      0.27      1.83      8.00      0.00     14.92      1.56      0.04
11:00:01 AM    dev8-0      0.95      0.00     15.06     15.85      0.01     14.06      5.02      0.48
11:00:01 AM  dev253-0      1.58      0.00     12.62      8.00      0.02     14.08      2.47      0.39
11:00:01 AM  dev253-1      0.00      0.00      0.00      0.00      0.00      0.00      0.00      0.00
11:00:01 AM  dev253-2      0.31      0.00      2.44      8.00      0.00     15.48      2.91      0.09
11:10:01 AM    dev8-0      1.04      0.00     15.74     15.13      0.01     10.59      4.76      0.50
11:10:01 AM  dev253-0      1.92      0.00     15.36      8.00      0.02     10.77      2.45      0.47
11:10:01 AM  dev253-1      0.00      0.00      0.00      0.00      0.00      0.00      0.00      0.00
11:10:01 AM  dev253-2      0.05      0.00      0.41      8.00      0.00     14.03      4.74      0.02
11:20:01 AM    dev8-0      0.76      0.00     10.78     14.14      0.01      9.70      4.77      0.36
11:20:01 AM  dev253-0      1.29      0.00     10.28      8.00      0.01      9.83      2.75      0.35
11:20:01 AM  dev253-1      0.00      0.00      0.00      0.00      0.00      0.00      0.00      0.00
11:20:01 AM  dev253-2      0.06      0.00      0.45      8.00      0.00     15.59      1.79      0.01
11:30:01 AM    dev8-0      0.78      0.00      9.42     12.04      0.01      8.49      4.62      0.36
11:30:01 AM  dev253-0      1.18      0.00      9.42      8.00      0.01      8.74      3.07      0.36
11:30:01 AM  dev253-1      0.00      0.00      0.00      0.00      0.00      0.00      0.00      0.00
11:30:01 AM  dev253-2      0.00      0.00      0.00      0.00      0.00      0.00      0.00      0.00
11:40:01 AM    dev8-0      0.45      0.00      5.30     11.90      0.00      9.72      4.87      0.22
11:40:01 AM  dev253-0      0.67      0.00      5.38      8.00      0.01      9.87      3.22      0.22
11:40:01 AM  dev253-1      0.00      0.00      0.00      0.00      0.00      0.00      0.00      0.00
11:40:01 AM  dev253-2      0.00      0.00      0.00      0.00      0.00      0.00      0.00      0.00
11:50:01 AM    dev8-0      0.75      0.05     10.15     13.66      0.01      9.70      4.87      0.36
11:50:01 AM  dev253-0      1.20      0.00      9.56      8.00      0.01     10.30      2.85      0.34
11:50:01 AM  dev253-1      0.00      0.00      0.00      0.00      0.00      0.00      0.00      0.00
11:50:01 AM  dev253-2      0.07      0.05      0.56      8.56      0.00      9.74      3.14      0.02
12:00:01 PM    dev8-0      5.22      0.00    312.87     59.98      0.62    117.30      3.51      1.83
12:00:01 PM  dev253-0      2.90      0.00     23.18      8.00      0.03     11.69      2.38      0.69
12:00:01 PM  dev253-1      0.00      0.00      0.00      0.00      0.00      0.00      0.00      0.00
12:00:01 PM  dev253-2     36.20      0.00    289.63      8.00      8.33    230.17      0.32      1.15
12:10:01 PM    dev8-0      0.79      0.55     22.37     29.06      0.02     22.42      4.84      0.38
12:10:01 PM  dev253-0      0.95      0.00      7.58      8.00      0.01     12.15      2.82      0.27
12:10:01 PM  dev253-1      0.00      0.00      0.00      0.00      0.00      0.00      0.00      0.00
12:10:01 PM  dev253-2      1.86      0.55     14.79      8.24      0.13     70.68      0.65      0.12
12:20:01 PM    dev8-0      0.35      0.00      3.76     10.85      0.00      9.44      4.84      0.17
12:20:01 PM  dev253-0      0.47      0.00      3.76      8.00      0.00      9.32      3.57      0.17
12:20:01 PM  dev253-1      0.00      0.00      0.00      0.00      0.00      0.00      0.00      0.00
12:20:01 PM  dev253-2      0.00      0.00      0.00      0.00      0.00      0.00      0.00      0.00
12:30:02 PM    dev8-0      0.38      0.00      4.51     11.91      0.00      9.19      5.07      0.19
12:30:02 PM  dev253-0      0.56      0.00      4.51      8.00      0.01      9.49      3.40      0.19
12:30:02 PM  dev253-1      0.00      0.00      0.00      0.00      0.00      0.00      0.00      0.00
12:30:02 PM  dev253-2      0.00      0.00      0.00      0.00      0.00      0.00      0.00      0.00
12:40:01 PM    dev8-0      0.40      0.00      4.53     11.39      0.00      9.51      4.81      0.19
12:40:01 PM  dev253-0      0.57      0.00      4.60      8.00      0.01      9.22      3.33      0.19
12:40:01 PM  dev253-1      0.00      0.00      0.00      0.00      0.00      0.00      0.00      0.00
12:40:01 PM  dev253-2      0.00      0.00      0.00      0.00      0.00      0.00      0.00      0.00
12:50:01 PM    dev8-0      0.39      0.00      4.23     10.98      0.00     10.24      4.84      0.19
12:50:01 PM  dev253-0      0.52      0.00      4.16      8.00      0.01     10.57      3.59      0.19
12:50:01 PM  dev253-1      0.00      0.00      0.00      0.00      0.00      0.00      0.00      0.00
12:50:01 PM  dev253-2      0.00      0.00      0.00      0.00      0.00      0.00      0.00      0.00
01:00:01 PM    dev8-0      0.33      0.00      3.84     11.64      0.00     10.19      4.78      0.16
01:00:01 PM  dev253-0      0.48      0.00      3.84      8.00      0.00     10.32      3.28      0.16
01:00:01 PM  dev253-1      0.00      0.00      0.00      0.00      0.00      0.00      0.00      0.00
01:00:01 PM  dev253-2      0.00      0.00      0.00      0.00      0.00      0.00      0.00      0.00
01:10:01 PM    dev8-0      0.45      0.00      5.52     12.31      0.00     10.69      4.95      0.22
01:10:01 PM  dev253-0      0.68      0.00      5.47      8.00      0.01     10.53      3.18      0.22
01:10:01 PM  dev253-1      0.00      0.00      0.00      0.00      0.00      0.00      0.00      0.00
01:10:01 PM  dev253-2      0.01      0.00      0.05      8.00      0.00      9.75      6.50      0.00
01:20:01 PM    dev8-0      0.34      0.00      3.63     10.67      0.00      9.78      5.12      0.17
01:20:01 PM  dev253-0      0.45      0.00      3.63      8.00      0.00      9.97      3.84      0.17
01:20:01 PM  dev253-1      0.00      0.00      0.00      0.00      0.00      0.00      0.00      0.00
01:20:01 PM  dev253-2      0.00      0.00      0.00      0.00      0.00      0.00      0.00      0.00
07:30:01 PM    dev8-0      1.57     20.56     26.83     30.26      0.04     25.84      3.92      0.61
07:30:01 PM  dev253-0      3.43     20.42     23.81     12.90      0.27     78.18      1.66      0.57
07:30:01 PM  dev253-1      0.00      0.00      0.00      0.00      0.00      0.00      0.00      0.00
07:30:01 PM  dev253-2      0.39      0.14      3.02      8.08      0.02     48.68      1.22      0.05
07:40:01 PM    dev8-0      0.49      0.44      6.80     14.78      0.01     12.86      5.06      0.25
07:40:01 PM  dev253-0      0.79      0.44      5.91      8.00      0.01     13.40      2.73      0.22
07:40:01 PM  dev253-1      0.00      0.00      0.00      0.00      0.00      0.00      0.00      0.00
07:40:01 PM  dev253-2      0.11      0.00      0.89      8.00      0.00     20.31      3.30      0.04
08:10:01 PM    dev8-0      1.13      0.03     34.59     30.57      0.06     51.36      4.17      0.47
08:10:01 PM  dev253-0      4.25      0.03     34.00      8.00      0.64    150.21      1.07      0.46
08:10:01 PM  dev253-1      0.00      0.00      0.00      0.00      0.00      0.00      0.00      0.00
08:10:01 PM  dev253-2      0.07      0.00      0.59      8.00      0.00     15.29      2.63      0.02
08:20:01 PM    dev8-0      0.35      0.00      3.29      9.55      0.00     10.57      5.03      0.17
08:20:01 PM  dev253-0      0.41      0.00      3.29      8.00      0.00     10.77      4.21      0.17
08:20:01 PM  dev253-1      0.00      0.00      0.00      0.00      0.00      0.00      0.00      0.00
08:20:01 PM  dev253-2      0.00      0.00      0.00      0.00      0.00      0.00      0.00      0.00
08:30:01 PM    dev8-0      0.37      0.00      4.20     11.30      0.00     11.69      4.99      0.19
08:30:01 PM  dev253-0      0.53      0.00      4.20      8.00      0.01     11.48      3.53      0.19
08:30:01 PM  dev253-1      0.00      0.00      0.00      0.00      0.00      0.00      0.00      0.00
08:30:01 PM  dev253-2      0.00      0.00      0.00      0.00      0.00      0.00      0.00      0.00
08:40:01 PM    dev8-0      0.39      0.00      3.77      9.72      0.00     11.05      5.05      0.20
08:40:01 PM  dev253-0      0.48      0.00      3.87      8.00      0.01     10.86      4.06      0.20
08:40:01 PM  dev253-1      0.00      0.00      0.00      0.00      0.00      0.00      0.00      0.00
08:40:01 PM  dev253-2      0.00      0.00      0.00      0.00      0.00      0.00      0.00      0.00
08:50:01 PM    dev8-0      0.29      0.00      3.23     11.13      0.00     10.93      5.49      0.16
08:50:01 PM  dev253-0      0.39      0.00      3.13      8.00      0.00     10.83      4.07      0.16
08:50:01 PM  dev253-1      0.00      0.00      0.00      0.00      0.00      0.00      0.00      0.00
08:50:01 PM  dev253-2      0.00      0.00      0.00      0.00      0.00      0.00      0.00      0.00
09:00:01 PM    dev8-0      0.37      0.00      3.65      9.96      0.00     10.80      5.15      0.19
09:00:01 PM  dev253-0      0.46      0.00      3.65      8.00      0.00     10.69      4.14      0.19
09:00:01 PM  dev253-1      0.00      0.00      0.00      0.00      0.00      0.00      0.00      0.00
09:00:01 PM  dev253-2      0.00      0.00      0.00      0.00      0.00      0.00      0.00      0.00
09:10:01 PM    dev8-0      0.38      0.00      3.71      9.75      0.00     10.92      4.87      0.19
09:10:01 PM  dev253-0      0.46      0.00      3.71      8.00      0.00     10.55      4.00      0.19
09:10:01 PM  dev253-1      0.00      0.00      0.00      0.00      0.00      0.00      0.00      0.00
09:10:01 PM  dev253-2      0.00      0.00      0.00      0.00      0.00      0.00      0.00      0.00
09:20:01 PM    dev8-0      0.63      0.03     54.45     86.46      0.07    112.54      5.34      0.34
09:20:01 PM  dev253-0      6.81      0.03     54.45      8.00      1.96    287.45      0.49      0.34
09:20:01 PM  dev253-1      0.00      0.00      0.00      0.00      0.00      0.00      0.00      0.00
09:20:01 PM  dev253-2      0.00      0.00      0.00      0.00      0.00      0.00      0.00      0.00
09:30:01 PM    dev8-0      0.38      0.00      3.60      9.47      0.00     11.43      5.07      0.19
09:30:01 PM  dev253-0      0.45      0.00      3.60      8.00      0.01     11.21      4.28      0.19
09:30:01 PM  dev253-1      0.00      0.00      0.00      0.00      0.00      0.00      0.00      0.00
09:30:01 PM  dev253-2      0.00      0.00      0.00      0.00      0.00      0.00      0.00      0.00
09:40:01 PM    dev8-0      0.40      0.00      3.87      9.75      0.00     11.35      4.87      0.19
09:40:01 PM  dev253-0      0.48      0.00      3.87      8.00      0.01     11.22      3.99      0.19
09:40:01 PM  dev253-1      0.00      0.00      0.00      0.00      0.00      0.00      0.00      0.00
09:40:01 PM  dev253-2      0.00      0.00      0.00      0.00      0.00      0.00      0.00      0.00
09:50:01 PM    dev8-0      0.43      0.00      3.95      9.21      0.00     11.25      5.12      0.22
09:50:01 PM  dev253-0      0.49      0.00      3.95      8.00      0.01     11.09      4.45      0.22
09:50:01 PM  dev253-1      0.00      0.00      0.00      0.00      0.00      0.00      0.00      0.00
09:50:01 PM  dev253-2      0.00      0.00      0.00      0.00      0.00      0.00      0.00      0.00
10:00:01 PM    dev8-0      0.58      0.00      6.33     11.01      0.03     54.78      4.30      0.25
10:00:01 PM  dev253-0      0.79      0.00      6.33      8.00      0.04     55.19      3.12      0.25
10:00:01 PM  dev253-1      0.00      0.00      0.00      0.00      0.00      0.00      0.00      0.00
10:00:01 PM  dev253-2      0.00      0.00      0.00      0.00      0.00      0.00      0.00      0.00
10:10:01 PM    dev8-0      0.39      0.00      3.82      9.74      0.00     11.46      5.23      0.21
10:10:01 PM  dev253-0      0.48      0.00      3.82      8.00      0.01     11.22      4.30      0.21
10:10:01 PM  dev253-1      0.00      0.00      0.00      0.00      0.00      0.00      0.00      0.00
10:10:01 PM  dev253-2      0.00      0.00      0.00      0.00      0.00      0.00      0.00      0.00
10:20:01 PM    dev8-0      0.38      0.00      3.63      9.46      0.00     11.33      5.11      0.20
10:20:01 PM  dev253-0      0.45      0.00      3.63      8.00      0.00     10.94      4.32      0.20
10:20:01 PM  dev253-1      0.00      0.00      0.00      0.00      0.00      0.00      0.00      0.00
10:20:01 PM  dev253-2      0.00      0.00      0.00      0.00      0.00      0.00      0.00      0.00
10:30:01 PM    dev8-0      0.39      0.00      3.79      9.84      0.00     10.76      5.09      0.20
10:30:01 PM  dev253-0      0.48      0.00      3.80      8.00      0.00     10.41      4.13      0.20
10:30:01 PM  dev253-1      0.00      0.00      0.00      0.00      0.00      0.00      0.00      0.00
10:30:01 PM  dev253-2      0.00      0.00      0.00      0.00      0.00      0.00      0.00      0.00
10:40:01 PM    dev8-0      0.41      0.00      4.09     10.11      0.00     11.17      5.08      0.21
10:40:01 PM  dev253-0      0.51      0.00      4.08      8.00      0.01     11.10      4.04      0.21
10:40:01 PM  dev253-1      0.00      0.00      0.00      0.00      0.00      0.00      0.00      0.00
10:40:01 PM  dev253-2      0.00      0.00      0.00      0.00      0.00      0.00      0.00      0.00
10:50:01 PM    dev8-0      0.32      0.00      3.09      9.57      0.00      9.23      5.18      0.17
10:50:01 PM  dev253-0      0.39      0.00      3.09      8.00      0.00      9.21      4.33      0.17
10:50:01 PM  dev253-1      0.00      0.00      0.00      0.00      0.00      0.00      0.00      0.00
10:50:01 PM  dev253-2      0.00      0.00      0.00      0.00      0.00      0.00      0.00      0.00
11:00:01 PM    dev8-0      0.34      0.00      3.60     10.49      0.00      9.87      5.15      0.18
11:00:01 PM  dev253-0      0.45      0.00      3.60      8.00      0.00      9.87      3.93      0.18
11:00:01 PM  dev253-1      0.00      0.00      0.00      0.00      0.00      0.00      0.00      0.00
11:00:01 PM  dev253-2      0.00      0.00      0.00      0.00      0.00      0.00      0.00      0.00
11:10:01 PM    dev8-0      0.31      0.00      3.03      9.81      0.00     10.31      5.51      0.17
11:10:01 PM  dev253-0      0.38      0.00      3.03      8.00      0.00     10.04      4.50      0.17
11:10:01 PM  dev253-1      0.00      0.00      0.00      0.00      0.00      0.00      0.00      0.00
11:10:01 PM  dev253-2      0.00      0.00      0.00      0.00      0.00      0.00      0.00      0.00
11:20:01 PM    dev8-0      0.34      0.00      3.20      9.50      0.00      9.63      5.36      0.18
11:20:01 PM  dev253-0      0.40      0.00      3.20      8.00      0.00      9.83      4.51      0.18
11:20:01 PM  dev253-1      0.00      0.00      0.00      0.00      0.00      0.00      0.00      0.00
11:20:01 PM  dev253-2      0.00      0.00      0.00      0.00      0.00      0.00      0.00      0.00
11:30:01 PM    dev8-0      0.33      0.00      3.17      9.57      0.00      9.60      5.17      0.17
11:30:01 PM  dev253-0      0.40      0.00      3.21      8.00      0.00      9.73      4.27      0.17
11:30:01 PM  dev253-1      0.00      0.00      0.00      0.00      0.00      0.00      0.00      0.00
11:30:01 PM  dev253-2      0.00      0.00      0.00      0.00      0.00      0.00      0.00      0.00
11:40:01 PM    dev8-0      0.33      0.00      3.35     10.19      0.00      9.99      5.37      0.18
11:40:01 PM  dev253-0      0.41      0.00      3.31      8.00      0.00     10.23      4.27      0.18
11:40:01 PM  dev253-1      0.00      0.00      0.00      0.00      0.00      0.00      0.00      0.00
11:40:01 PM  dev253-2      0.00      0.00      0.00      0.00      0.00      0.00      0.00      0.00
11:50:01 PM    dev8-0      0.32      0.00      3.19      9.91      0.00      9.28      5.06      0.16
11:50:01 PM  dev253-0      0.40      0.00      3.19      8.00      0.00      9.02      4.08      0.16
11:50:01 PM  dev253-1      0.00      0.00      0.00      0.00      0.00      0.00      0.00      0.00
11:50:01 PM  dev253-2      0.00      0.00      0.00      0.00      0.00      0.00      0.00      0.00
Average:       dev8-0      0.81      5.38     15.07     25.21      0.02     26.25      4.26      0.35
Average:     dev253-0      1.61      5.30     11.94     10.70      0.12     74.19      1.98      0.32
Average:     dev253-1      0.00      0.00      0.00      0.00      0.00      0.00      0.00      0.00
Average:     dev253-2      0.40      0.08      3.14      8.03      0.07    162.99      0.68      0.03
