Linux 2.6.32-431.el6.i686 (bogon) 	06/11/2019 	_i686_	(24 CPU)

12:00:01 AM     IFACE   rxpck/s   txpck/s    rxkB/s    txkB/s   rxcmp/s   txcmp/s  rxmcst/s
12:10:01 AM        lo      0.10      0.10      0.01      0.01      0.00      0.00      0.00
12:10:01 AM  Auto_em1      0.09      0.02      0.02      0.00      0.00      0.00      0.08
12:10:01 AM  Auto_em2      0.00      0.00      0.00      0.00      0.00      0.00      0.00
12:20:01 AM        lo      0.10      0.10      0.01      0.01      0.00      0.00      0.00
12:20:01 AM  Auto_em1      0.06      0.01      0.01      0.00      0.00      0.00      0.05
12:20:01 AM  Auto_em2      0.00      0.00      0.00      0.00      0.00      0.00      0.00
12:30:01 AM        lo      0.32      0.32      0.02      0.02      0.00      0.00      0.00
12:30:01 AM  Auto_em1      0.09      0.06      0.02      0.01      0.00      0.00      0.05
12:30:01 AM  Auto_em2      0.00      0.00      0.00      0.00      0.00      0.00      0.00
12:40:01 AM        lo      0.10      0.10      0.01      0.01      0.00      0.00      0.00
12:40:01 AM  Auto_em1      0.06      0.01      0.01      0.00      0.00      0.00      0.05
12:40:01 AM  Auto_em2      0.00      0.00      0.00      0.00      0.00      0.00      0.00
12:50:01 AM        lo      0.10      0.10      0.01      0.01      0.00      0.00      0.00
12:50:01 AM  Auto_em1      0.06      0.01      0.01      0.00      0.00      0.00      0.05
12:50:01 AM  Auto_em2      0.00      0.00      0.00      0.00      0.00      0.00      0.00
01:00:01 AM        lo      0.32      0.32      0.02      0.02      0.00      0.00      0.00
01:00:01 AM  Auto_em1      0.09      0.04      0.02      0.00      0.00      0.00      0.05
01:00:01 AM  Auto_em2      0.00      0.00      0.00      0.00      0.00      0.00      0.00
01:10:01 AM        lo      0.10      0.10      0.01      0.01      0.00      0.00      0.00
01:10:01 AM  Auto_em1      0.06      0.01      0.01      0.00      0.00      0.00      0.05
01:10:01 AM  Auto_em2      0.00      0.00      0.00      0.00      0.00      0.00      0.00
01:20:01 AM        lo      0.10      0.10      0.01      0.01      0.00      0.00      0.00
01:20:01 AM  Auto_em1      0.06      0.01      0.01      0.00      0.00      0.00      0.05
01:20:01 AM  Auto_em2      0.00      0.00      0.00      0.00      0.00      0.00      0.00
01:30:01 AM        lo      0.36      0.36      0.03      0.03      0.00      0.00      0.00
01:30:01 AM  Auto_em1      0.09      0.06      0.02      0.01      0.00      0.00      0.05
01:30:01 AM  Auto_em2      0.00      0.00      0.00      0.00      0.00      0.00      0.00
01:40:01 AM        lo      0.10      0.10      0.01      0.01      0.00      0.00      0.00
01:40:01 AM  Auto_em1      0.06      0.00      0.01      0.00      0.00      0.00      0.05
01:40:01 AM  Auto_em2      0.00      0.00      0.00      0.00      0.00      0.00      0.00
01:50:01 AM        lo      0.10      0.10      0.01      0.01      0.00      0.00      0.00
01:50:01 AM  Auto_em1      0.06      0.01      0.01      0.00      0.00      0.00      0.05
01:50:01 AM  Auto_em2      0.00      0.00      0.00      0.00      0.00      0.00      0.00
02:00:01 AM        lo      0.32      0.32      0.02      0.02      0.00      0.00      0.00
02:00:01 AM  Auto_em1      0.09      0.05      0.02      0.00      0.00      0.00      0.05
02:00:01 AM  Auto_em2      0.00      0.00      0.00      0.00      0.00      0.00      0.00
02:10:01 AM        lo      0.10      0.10      0.01      0.01      0.00      0.00      0.00
02:10:01 AM  Auto_em1      0.07      0.02      0.01      0.00      0.00      0.00      0.05
02:10:01 AM  Auto_em2      0.00      0.00      0.00      0.00      0.00      0.00      0.00
02:20:01 AM        lo      0.10      0.10      0.01      0.01      0.00      0.00      0.00
02:20:01 AM  Auto_em1      0.05      0.00      0.01      0.00      0.00      0.00      0.05
02:20:01 AM  Auto_em2      0.00      0.00      0.00      0.00      0.00      0.00      0.00
02:30:01 AM        lo      1.66      1.66      0.20      0.20      0.00      0.00      0.00
02:30:01 AM  Auto_em1      0.17      0.14      0.05      0.04      0.00      0.00      0.05
02:30:01 AM  Auto_em2      0.00      0.00      0.00      0.00      0.00      0.00      0.00
02:40:01 AM        lo      0.30      0.30      0.02      0.02      0.00      0.00      0.00
02:40:01 AM  Auto_em1      0.06      0.01      0.01      0.00      0.00      0.00      0.05
02:40:01 AM  Auto_em2      0.00      0.00      0.00      0.00      0.00      0.00      0.00
02:50:01 AM        lo      0.30      0.30      0.02      0.02      0.00      0.00      0.00
02:50:01 AM  Auto_em1      0.10      0.04      0.04      0.00      0.00      0.00      0.05
02:50:01 AM  Auto_em2      0.00      0.00      0.00      0.00      0.00      0.00      0.00
03:00:01 AM        lo      0.37      0.37      0.03      0.03      0.00      0.00      0.00
03:00:01 AM  Auto_em1      0.08      0.04      0.02      0.00      0.00      0.00      0.05
03:00:01 AM  Auto_em2      0.00      0.00      0.00      0.00      0.00      0.00      0.00
03:10:01 AM        lo      0.10      0.10      0.01      0.01      0.00      0.00      0.00
03:10:01 AM  Auto_em1      0.06      0.01      0.01      0.00      0.00      0.00      0.05
03:10:01 AM  Auto_em2      0.00      0.00      0.00      0.00      0.00      0.00      0.00
03:20:01 AM        lo      0.10      0.10      0.01      0.01      0.00      0.00      0.00
03:20:01 AM  Auto_em1      0.06      0.01      0.01      0.00      0.00      0.00      0.05
03:20:01 AM  Auto_em2      0.00      0.00      0.00      0.00      0.00      0.00      0.00
03:30:01 AM        lo      0.32      0.32      0.02      0.02      0.00      0.00      0.00
03:30:01 AM  Auto_em1      0.09      0.05      0.02      0.00      0.00      0.00      0.05
03:30:01 AM  Auto_em2      0.00      0.00      0.00      0.00      0.00      0.00      0.00
03:40:01 AM        lo      0.10      0.10      0.01      0.01      0.00      0.00      0.00
03:40:01 AM  Auto_em1      0.06      0.01      0.01      0.00      0.00      0.00      0.05
03:40:01 AM  Auto_em2      0.00      0.00      0.00      0.00      0.00      0.00      0.00
03:50:01 AM        lo      0.10      0.10      0.01      0.01      0.00      0.00      0.00
03:50:01 AM  Auto_em1      0.06      0.01      0.01      0.00      0.00      0.00      0.05
03:50:01 AM  Auto_em2      0.00      0.00      0.00      0.00      0.00      0.00      0.00
04:00:01 AM        lo      0.32      0.32      0.02      0.02      0.00      0.00      0.00
04:00:01 AM  Auto_em1      0.09      0.04      0.02      0.00      0.00      0.00      0.05
04:00:01 AM  Auto_em2      0.00      0.00      0.00      0.00      0.00      0.00      0.00
04:10:01 AM        lo      0.10      0.10      0.01      0.01      0.00      0.00      0.00
04:10:01 AM  Auto_em1      0.06      0.02      0.01      0.00      0.00      0.00      0.05
04:10:01 AM  Auto_em2      0.00      0.00      0.00      0.00      0.00      0.00      0.00
04:20:01 AM        lo      0.10      0.10      0.01      0.01      0.00      0.00      0.00
04:20:01 AM  Auto_em1      0.05      0.00      0.01      0.00      0.00      0.00      0.05
04:20:01 AM  Auto_em2      0.00      0.00      0.00      0.00      0.00      0.00      0.00
04:30:01 AM        lo      0.32      0.32      0.02      0.02      0.00      0.00      0.00
04:30:01 AM  Auto_em1      0.09      0.05      0.02      0.00      0.00      0.00      0.05
04:30:01 AM  Auto_em2      0.00      0.00      0.00      0.00      0.00      0.00      0.00
04:40:01 AM        lo      0.10      0.10      0.01      0.01      0.00      0.00      0.00
04:40:01 AM  Auto_em1      0.05      0.00      0.01      0.00      0.00      0.00      0.05
04:40:01 AM  Auto_em2      0.00      0.00      0.00      0.00      0.00      0.00      0.00
04:50:01 AM        lo      0.10      0.10      0.01      0.01      0.00      0.00      0.00
04:50:01 AM  Auto_em1      0.06      0.02      0.01      0.00      0.00      0.00      0.05
04:50:01 AM  Auto_em2      0.00      0.00      0.00      0.00      0.00      0.00      0.00
05:00:01 AM        lo      0.32      0.32      0.02      0.02      0.00      0.00      0.00
05:00:01 AM  Auto_em1      0.08      0.03      0.02      0.00      0.00      0.00      0.05
05:00:01 AM  Auto_em2      0.00      0.00      0.00      0.00      0.00      0.00      0.00
05:10:01 AM        lo      0.10      0.10      0.01      0.01      0.00      0.00      0.00
05:10:01 AM  Auto_em1      0.07      0.03      0.01      0.00      0.00      0.00      0.05
05:10:01 AM  Auto_em2      0.00      0.00      0.00      0.00      0.00      0.00      0.00
05:20:01 AM        lo      0.10      0.10      0.01      0.01      0.00      0.00      0.00
05:20:01 AM  Auto_em1      0.06      0.01      0.01      0.00      0.00      0.00      0.05
05:20:01 AM  Auto_em2      0.00      0.00      0.00      0.00      0.00      0.00      0.00
05:30:01 AM        lo      0.32      0.32      0.02      0.02      0.00      0.00      0.00
05:30:01 AM  Auto_em1      0.08      0.04      0.02      0.00      0.00      0.00      0.05
05:30:01 AM  Auto_em2      0.00      0.00      0.00      0.00      0.00      0.00      0.00
05:40:01 AM        lo      0.10      0.10      0.01      0.01      0.00      0.00      0.00
05:40:01 AM  Auto_em1      0.06      0.02      0.01      0.00      0.00      0.00      0.05
05:40:01 AM  Auto_em2      0.00      0.00      0.00      0.00      0.00      0.00      0.00
05:50:01 AM        lo      0.10      0.10      0.01      0.01      0.00      0.00      0.00
05:50:01 AM  Auto_em1      0.06      0.01      0.01      0.00      0.00      0.00      0.05
05:50:01 AM  Auto_em2      0.00      0.00      0.00      0.00      0.00      0.00      0.00
06:00:01 AM        lo      0.32      0.32      0.02      0.02      0.00      0.00      0.00
06:00:01 AM  Auto_em1      0.09      0.04      0.02      0.00      0.00      0.00      0.05
06:00:01 AM  Auto_em2      0.00      0.00      0.00      0.00      0.00      0.00      0.00
06:10:01 AM        lo      0.10      0.10      0.01      0.01      0.00      0.00      0.00
06:10:01 AM  Auto_em1      0.06      0.02      0.01      0.00      0.00      0.00      0.05
06:10:01 AM  Auto_em2      0.00      0.00      0.00      0.00      0.00      0.00      0.00
06:20:01 AM        lo      0.10      0.10      0.01      0.01      0.00      0.00      0.00
06:20:01 AM  Auto_em1      0.09      0.01      0.02      0.00      0.00      0.00      0.05
06:20:01 AM  Auto_em2      0.00      0.00      0.00      0.00      0.00      0.00      0.00
06:30:01 AM        lo      0.32      0.32      0.02      0.02      0.00      0.00      0.00
06:30:01 AM  Auto_em1      0.16      0.04      0.04      0.00      0.00      0.00      0.05
06:30:01 AM  Auto_em2      0.00      0.00      0.00      0.00      0.00      0.00      0.00
06:40:01 AM        lo      0.10      0.10      0.01      0.01      0.00      0.00      0.00
06:40:01 AM  Auto_em1      0.14      0.02      0.04      0.00      0.00      0.00      0.05
06:40:01 AM  Auto_em2      0.00      0.00      0.00      0.00      0.00      0.00      0.00
06:50:01 AM        lo      0.10      0.10      0.01      0.01      0.00      0.00      0.00
06:50:01 AM  Auto_em1      0.13      0.01      0.04      0.00      0.00      0.00      0.05
06:50:01 AM  Auto_em2      0.00      0.00      0.00      0.00      0.00      0.00      0.00
07:00:01 AM        lo      0.32      0.32      0.02      0.02      0.00      0.00      0.00
07:00:01 AM  Auto_em1      0.16      0.04      0.04      0.00      0.00      0.00      0.05
07:00:01 AM  Auto_em2      0.00      0.00      0.00      0.00      0.00      0.00      0.00
07:10:01 AM        lo      0.10      0.10      0.01      0.01      0.00      0.00      0.00
07:10:01 AM  Auto_em1      0.16      0.05      0.04      0.00      0.00      0.00      0.05
07:10:01 AM  Auto_em2      0.00      0.00      0.00      0.00      0.00      0.00      0.00
07:20:01 AM        lo      0.10      0.10      0.01      0.01      0.00      0.00      0.00
07:20:01 AM  Auto_em1      0.26      0.01      0.05      0.00      0.00      0.00      0.16
07:20:01 AM  Auto_em2      0.00      0.00      0.00      0.00      0.00      0.00      0.00
07:30:01 AM        lo      0.32      0.32      0.02      0.02      0.00      0.00      0.00
07:30:01 AM  Auto_em1      0.20      0.06      0.05      0.01      0.00      0.00      0.07
07:30:01 AM  Auto_em2      0.00      0.00      0.00      0.00      0.00      0.00      0.00
07:40:01 AM        lo      0.10      0.10      0.01      0.01      0.00      0.00      0.00
07:40:01 AM  Auto_em1      0.16      0.03      0.04      0.00      0.00      0.00      0.06
07:40:01 AM  Auto_em2      0.00      0.00      0.00      0.00      0.00      0.00      0.00
07:50:01 AM        lo      0.10      0.10      0.01      0.01      0.00      0.00      0.00
07:50:01 AM  Auto_em1      0.14      0.01      0.04      0.00      0.00      0.00      0.06
07:50:01 AM  Auto_em2      0.00      0.00      0.00      0.00      0.00      0.00      0.00
08:00:01 AM        lo      0.32      0.32      0.02      0.02      0.00      0.00      0.00
08:00:01 AM  Auto_em1      0.16      0.04      0.04      0.00      0.00      0.00      0.05
08:00:01 AM  Auto_em2      0.00      0.00      0.00      0.00      0.00      0.00      0.00
08:10:01 AM        lo      0.10      0.10      0.01      0.01      0.00      0.00      0.00
08:10:01 AM  Auto_em1      0.13      0.02      0.04      0.00      0.00      0.00      0.05
08:10:01 AM  Auto_em2      0.00      0.00      0.00      0.00      0.00      0.00      0.00
08:20:01 AM        lo      0.10      0.10      0.01      0.01      0.00      0.00      0.00
08:20:01 AM  Auto_em1      0.18      0.02      0.04      0.00      0.00      0.00      0.05
08:20:01 AM  Auto_em2      0.00      0.00      0.00      0.00      0.00      0.00      0.00
08:30:01 AM        lo      0.32      0.32      0.02      0.02      0.00      0.00      0.00
08:30:01 AM  Auto_em1      0.30      0.03      0.05      0.00      0.00      0.00      0.05
08:30:01 AM  Auto_em2      0.00      0.00      0.00      0.00      0.00      0.00      0.00
08:40:01 AM        lo      0.10      0.10      0.01      0.01      0.00      0.00      0.00
08:40:01 AM  Auto_em1      0.32      0.03      0.05      0.00      0.00      0.00      0.05
08:40:01 AM  Auto_em2      0.00      0.00      0.00      0.00      0.00      0.00      0.00
08:50:01 AM        lo      0.11      0.11      0.01      0.01      0.00      0.00      0.00
08:50:01 AM  Auto_em1      0.34      0.03      0.06      0.01      0.00      0.00      0.05
08:50:01 AM  Auto_em2      0.00      0.00      0.00      0.00      0.00      0.00      0.00
09:00:01 AM        lo      0.33      0.33      0.04      0.04      0.00      0.00      0.00
09:00:01 AM  Auto_em1      9.45      9.11      1.06      3.40      0.00      0.00      0.15
09:00:01 AM  Auto_em2      0.00      0.00      0.00      0.00      0.00      0.00      0.00
09:10:01 AM        lo      8.23      8.23      2.46      2.46      0.00      0.00      0.00
09:10:01 AM  Auto_em1      2.93      4.50      0.47      5.78      0.00      0.00      0.06
09:10:01 AM  Auto_em2      0.00      0.00      0.00      0.00      0.00      0.00      0.00
09:20:01 AM        lo      6.77      6.77      2.16      2.16      0.00      0.00      0.00
09:20:01 AM  Auto_em1     27.33     30.31     23.28     30.52      0.00      0.00      0.07
09:20:01 AM  Auto_em2      0.00      0.00      0.00      0.00      0.00      0.00      0.00
09:30:01 AM        lo      5.26      5.26      1.18      1.18      0.00      0.00      0.00
09:30:01 AM  Auto_em1      1.67      1.46      0.27      1.12      0.00      0.00      0.23
09:30:01 AM  Auto_em2      0.00      0.00      0.00      0.00      0.00      0.00      0.00
09:40:01 AM        lo      4.21      4.21      1.07      1.07      0.00      0.00      0.00
09:40:01 AM  Auto_em1      0.63      0.43      0.09      0.21      0.00      0.00      0.06
09:40:01 AM  Auto_em2      0.00      0.00      0.00      0.00      0.00      0.00      0.00
09:50:01 AM        lo      1.08      1.08      0.20      0.20      0.00      0.00      0.00
09:50:01 AM  Auto_em1     10.19     17.25      0.81     24.45      0.00      0.00      0.06
09:50:01 AM  Auto_em2      0.00      0.00      0.00      0.00      0.00      0.00      0.00
10:00:01 AM        lo      5.13      5.13      1.10      1.10      0.00      0.00      0.00
10:00:01 AM  Auto_em1      4.75      6.28      0.69      7.61      0.00      0.00      0.17
10:00:01 AM  Auto_em2      0.00      0.00      0.00      0.00      0.00      0.00      0.00
10:10:01 AM        lo      1.92      1.92      0.44      0.44      0.00      0.00      0.00
10:10:01 AM  Auto_em1    209.48    323.78     20.37    370.14      0.00      0.00      0.10
10:10:01 AM  Auto_em2      0.00      0.00      0.00      0.00      0.00      0.00      0.00
10:20:01 AM        lo      7.44      7.44      2.43      2.43      0.00      0.00      0.00
10:20:01 AM  Auto_em1    390.33    591.57     38.54    645.07      0.00      0.00      0.06
10:20:01 AM  Auto_em2      0.00      0.00      0.00      0.00      0.00      0.00      0.00
10:30:02 AM        lo     12.69     12.69      3.20      3.20      0.00      0.00      0.00
10:30:02 AM  Auto_em1    449.37    656.75     47.38    670.04      0.00      0.00      0.21
10:30:02 AM  Auto_em2      0.00      0.00      0.00      0.00      0.00      0.00      0.00
10:40:01 AM        lo     18.35     18.35      4.87      4.87      0.00      0.00      0.00
10:40:01 AM  Auto_em1     15.42     29.98      2.18     34.97      0.00      0.00      0.06
10:40:01 AM  Auto_em2      0.00      0.00      0.00      0.00      0.00      0.00      0.00
10:50:01 AM        lo     19.13     19.13      4.36      4.36      0.00      0.00      0.00
10:50:01 AM  Auto_em1      4.30      4.64      0.56      4.02      0.00      0.00      0.07
10:50:01 AM  Auto_em2      0.00      0.00      0.00      0.00      0.00      0.00      0.00
11:00:01 AM        lo      1.00      1.00      0.20      0.20      0.00      0.00      0.00
11:00:01 AM  Auto_em1      1.95      1.18      0.20      0.32      0.00      0.00      0.20
11:00:01 AM  Auto_em2      0.00      0.00      0.00      0.00      0.00      0.00      0.00
11:10:01 AM        lo      0.24      0.24      0.02      0.02      0.00      0.00      0.00
11:10:01 AM  Auto_em1      0.91      0.43      0.09      0.05      0.00      0.00      0.07
11:10:01 AM  Auto_em2      0.00      0.00      0.00      0.00      0.00      0.00      0.00
11:20:01 AM        lo      1.27      1.27      0.22      0.22      0.00      0.00      0.00
11:20:01 AM  Auto_em1      1.02      0.58      0.12      0.11      0.00      0.00      0.06
11:20:01 AM  Auto_em2      0.00      0.00      0.00      0.00      0.00      0.00      0.00
11:30:01 AM        lo      0.64      0.64      0.06      0.06      0.00      0.00      0.00
11:30:01 AM  Auto_em1      1.48      0.74      0.15      0.11      0.00      0.00      0.24
11:30:01 AM  Auto_em2      0.00      0.00      0.00      0.00      0.00      0.00      0.00
11:40:01 AM        lo      2.52      2.52      0.53      0.53      0.00      0.00      0.00
11:40:01 AM  Auto_em1      1.33      1.01      0.16      0.55      0.00      0.00      0.07
11:40:01 AM  Auto_em2      0.00      0.00      0.00      0.00      0.00      0.00      0.00
11:50:01 AM        lo      1.82      1.82      0.45      0.45      0.00      0.00      0.00
11:50:01 AM  Auto_em1      1.65      1.12      0.18      0.30      0.00      0.00      0.07
11:50:01 AM  Auto_em2      0.00      0.00      0.00      0.00      0.00      0.00      0.00
12:00:01 PM        lo      0.10      0.10      0.01      0.01      0.00      0.00      0.00
12:00:01 PM  Auto_em1      1.05      0.43      0.10      0.05      0.00      0.00      0.20
12:00:01 PM  Auto_em2      0.00      0.00      0.00      0.00      0.00      0.00      0.00
12:10:01 PM        lo      0.38      0.38      0.03      0.03      0.00      0.00      0.00
12:10:01 PM  Auto_em1      0.80      0.33      0.08      0.03      0.00      0.00      0.07
12:10:01 PM  Auto_em2      0.00      0.00      0.00      0.00      0.00      0.00      0.00
12:20:01 PM        lo      0.32      0.32      0.02      0.02      0.00      0.00      0.00
12:20:01 PM  Auto_em1      0.78      0.35      0.08      0.03      0.00      0.00      0.06
12:20:01 PM  Auto_em2      0.00      0.00      0.00      0.00      0.00      0.00      0.00
12:30:01 PM        lo      0.10      0.10      0.01      0.01      0.00      0.00      0.00
12:30:01 PM  Auto_em1      0.89      0.31      0.09      0.02      0.00      0.00      0.16
12:30:01 PM  Auto_em2      0.00      0.00      0.00      0.00      0.00      0.00      0.00
12:40:01 PM        lo      0.32      0.32      0.02      0.02      0.00      0.00      0.00
12:40:01 PM  Auto_em1      0.80      0.34      0.08      0.03      0.00      0.00      0.07
12:40:01 PM  Auto_em2      0.00      0.00      0.00      0.00      0.00      0.00      0.00
12:50:02 PM        lo      0.32      0.32      0.02      0.02      0.00      0.00      0.00
12:50:02 PM  Auto_em1      0.79      0.34      0.08      0.03      0.00      0.00      0.06
12:50:02 PM  Auto_em2      0.00      0.00      0.00      0.00      0.00      0.00      0.00
01:00:01 PM        lo      0.10      0.10      0.01      0.01      0.00      0.00      0.00
01:00:01 PM  Auto_em1      0.89      0.31      0.09      0.02      0.00      0.00      0.17
01:00:01 PM  Auto_em2      0.00      0.00      0.00      0.00      0.00      0.00      0.00
01:10:01 PM        lo      2.05      2.05      0.46      0.46      0.00      0.00      0.00
01:10:01 PM  Auto_em1      1.16      0.75      0.17      0.34      0.00      0.00      0.07
01:10:01 PM  Auto_em2      0.00      0.00      0.00      0.00      0.00      0.00      0.00
01:20:01 PM        lo      1.76      1.76      0.37      0.37      0.00      0.00      0.00
01:20:01 PM  Auto_em1      7.52      9.79      0.59     12.78      0.00      0.00      0.06
01:20:01 PM  Auto_em2      0.00      0.00      0.00      0.00      0.00      0.00      0.00
01:30:01 PM        lo      0.91      0.91      0.12      0.12      0.00      0.00      0.00
01:30:01 PM  Auto_em1      4.61      5.17      0.36      6.69      0.00      0.00      0.20
01:30:01 PM  Auto_em2      0.00      0.00      0.00      0.00      0.00      0.00      0.00
01:40:01 PM        lo      0.59      0.59      0.05      0.05      0.00      0.00      0.00
01:40:01 PM  Auto_em1      0.78      0.33      0.08      0.03      0.00      0.00      0.06
01:40:01 PM  Auto_em2      0.00      0.00      0.00      0.00      0.00      0.00      0.00
01:50:01 PM        lo      0.93      0.93      0.12      0.12      0.00      0.00      0.00
01:50:01 PM  Auto_em1     10.13     16.49      0.69     22.30      0.00      0.00      0.08
01:50:01 PM  Auto_em2      0.00      0.00      0.00      0.00      0.00      0.00      0.00
02:00:01 PM        lo      0.32      0.32      0.03      0.03      0.00      0.00      0.00
02:00:01 PM  Auto_em1      0.96      0.34      0.09      0.03      0.00      0.00      0.19
02:00:01 PM  Auto_em2      0.00      0.00      0.00      0.00      0.00      0.00      0.00
02:10:01 PM        lo      2.36      2.36      0.56      0.56      0.00      0.00      0.00
02:10:01 PM  Auto_em1      0.99      0.53      0.20      0.14      0.00      0.00      0.06
02:10:01 PM  Auto_em2      0.00      0.00      0.00      0.00      0.00      0.00      0.00
02:20:01 PM        lo      0.37      0.37      0.03      0.03      0.00      0.00      0.00
02:20:01 PM  Auto_em1      0.79      0.34      0.08      0.03      0.00      0.00      0.07
02:20:01 PM  Auto_em2      0.00      0.00      0.00      0.00      0.00      0.00      0.00
02:30:01 PM        lo      0.54      0.54      0.15      0.15      0.00      0.00      0.00
02:30:01 PM  Auto_em1      0.96      0.43      0.11      0.14      0.00      0.00      0.16
02:30:01 PM  Auto_em2      0.00      0.00      0.00      0.00      0.00      0.00      0.00
02:40:01 PM        lo      3.21      3.21      0.80      0.80      0.00      0.00      0.00
02:40:01 PM  Auto_em1      1.97      2.81      0.27      3.30      0.00      0.00      0.06
02:40:01 PM  Auto_em2      0.00      0.00      0.00      0.00      0.00      0.00      0.00
02:50:01 PM        lo      0.46      0.46      0.06      0.06      0.00      0.00      0.00
02:50:01 PM  Auto_em1      0.81      0.36      0.08      0.04      0.00      0.00      0.07
02:50:01 PM  Auto_em2      0.00      0.00      0.00      0.00      0.00      0.00      0.00
03:00:01 PM        lo      2.86      2.86      0.44      0.44      0.00      0.00      0.00
03:00:01 PM  Auto_em1      9.70     11.80      1.04      9.86      0.00      0.00      0.23
03:00:01 PM  Auto_em2      0.00      0.00      0.00      0.00      0.00      0.00      0.00
03:10:01 PM        lo      2.85      2.85      1.29      1.29      0.00      0.00      0.00
03:10:01 PM  Auto_em1      1.76      2.12      0.30      1.99      0.00      0.00      0.06
03:10:01 PM  Auto_em2      0.00      0.00      0.00      0.00      0.00      0.00      0.00
03:20:01 PM        lo      0.91      0.91      0.09      0.09      0.00      0.00      0.00
03:20:01 PM  Auto_em1      2.44      2.42      0.32      1.81      0.00      0.00      0.07
03:20:01 PM  Auto_em2      0.00      0.00      0.00      0.00      0.00      0.00      0.00
03:30:01 PM        lo      7.95      7.95      1.80      1.80      0.00      0.00      0.00
03:30:01 PM  Auto_em1    157.56    142.05    136.11     52.83      0.00      0.00      0.18
03:30:01 PM  Auto_em2      0.00      0.00      0.00      0.00      0.00      0.00      0.00
03:40:01 PM        lo     10.18     10.18      2.71      2.71      0.00      0.00      0.00
03:40:01 PM  Auto_em1     17.63     29.94      1.73     39.25      0.00      0.00      0.06
03:40:01 PM  Auto_em2      0.00      0.00      0.00      0.00      0.00      0.00      0.00
03:50:01 PM        lo      2.97      2.97      0.67      0.67      0.00      0.00      0.00
03:50:01 PM  Auto_em1      1.94      1.33      0.24      0.46      0.00      0.00      0.07
03:50:01 PM  Auto_em2      0.00      0.00      0.00      0.00      0.00      0.00      0.00
04:00:01 PM        lo      4.57      4.57      1.45      1.45      0.00      0.00      0.00
04:00:01 PM  Auto_em1      1.77      1.68      0.26      1.29      0.00      0.00      0.17
04:00:01 PM  Auto_em2      0.00      0.00      0.00      0.00      0.00      0.00      0.00
04:10:01 PM        lo      0.72      0.72      0.06      0.06      0.00      0.00      0.00
04:10:01 PM  Auto_em1      0.82      0.36      0.08      0.05      0.00      0.00      0.06
04:10:01 PM  Auto_em2      0.00      0.00      0.00      0.00      0.00      0.00      0.00
04:20:01 PM        lo      2.04      2.04      0.40      0.40      0.00      0.00      0.00
04:20:01 PM  Auto_em1      2.16      3.69      0.34      4.50      0.00      0.00      0.07
04:20:01 PM  Auto_em2      0.00      0.00      0.00      0.00      0.00      0.00      0.00
04:30:01 PM        lo      0.81      0.81      0.14      0.14      0.00      0.00      0.00
04:30:01 PM  Auto_em1      1.12      0.49      0.11      0.17      0.00      0.00      0.19
04:30:01 PM  Auto_em2      0.00      0.00      0.00      0.00      0.00      0.00      0.00
04:40:01 PM        lo      0.24      0.24      0.04      0.04      0.00      0.00      0.00
04:40:01 PM  Auto_em1      1.23      0.76      0.14      0.32      0.00      0.00      0.06
04:40:01 PM  Auto_em2      0.00      0.00      0.00      0.00      0.00      0.00      0.00
04:50:01 PM        lo      0.36      0.36      0.03      0.03      0.00      0.00      0.00
04:50:01 PM  Auto_em1      1.28      1.01      0.12      0.39      0.00      0.00      0.07
04:50:01 PM  Auto_em2      0.00      0.00      0.00      0.00      0.00      0.00      0.00
05:00:01 PM        lo      6.37      6.37      1.99      1.99      0.00      0.00      0.00
05:00:01 PM  Auto_em1      4.49      5.08      0.59      4.01      0.00      0.00      0.10
05:00:01 PM  Auto_em2      0.00      0.00      0.00      0.00      0.00      0.00      0.00
05:10:01 PM        lo      3.52      3.52      0.62      0.62      0.00      0.00      0.00
05:10:01 PM  Auto_em1      3.01      2.95      0.36      2.57      0.00      0.00      0.16
05:10:01 PM  Auto_em2      0.00      0.00      0.00      0.00      0.00      0.00      0.00
05:20:01 PM        lo      5.53      5.53      1.79      1.79      0.00      0.00      0.00
05:20:01 PM  Auto_em1      2.37      2.06      0.31      0.84      0.00      0.00      0.07
05:20:01 PM  Auto_em2      0.00      0.00      0.00      0.00      0.00      0.00      0.00
05:30:01 PM        lo     11.34     11.34      3.70      3.70      0.00      0.00      0.00
05:30:01 PM  Auto_em1      6.73     12.82      1.16     16.19      0.00      0.00      0.06
05:30:01 PM  Auto_em2      0.00      0.00      0.00      0.00      0.00      0.00      0.00
05:40:01 PM        lo      1.83      1.83      0.35      0.35      0.00      0.00      0.00
05:40:01 PM  Auto_em1     54.62     61.73      7.08     38.45      0.00      0.00      0.23
05:40:01 PM  Auto_em2      0.00      0.00      0.00      0.00      0.00      0.00      0.00
05:50:01 PM        lo      1.26      1.26      0.11      0.11      0.00      0.00      0.00
05:50:01 PM  Auto_em1      1.58      1.01      0.17      0.27      0.00      0.00      0.07
05:50:01 PM  Auto_em2      0.00      0.00      0.00      0.00      0.00      0.00      0.00
06:00:01 PM        lo     10.20     10.20      2.97      2.97      0.00      0.00      0.00
06:00:01 PM  Auto_em1     17.37     26.91      1.70     36.10      0.00      0.00      0.06
06:00:01 PM  Auto_em2      0.00      0.00      0.00      0.00      0.00      0.00      0.00
06:10:01 PM        lo     14.58     14.58      3.10      3.10      0.00      0.00      0.00
06:10:01 PM  Auto_em1      3.66      4.15      0.60      4.01      0.00      0.00      0.16
06:10:01 PM  Auto_em2      0.00      0.00      0.00      0.00      0.00      0.00      0.00
06:20:01 PM        lo      1.08      1.08      0.26      0.26      0.00      0.00      0.00
06:20:01 PM  Auto_em1      1.19      0.89      0.16      0.60      0.00      0.00      0.07
06:20:01 PM  Auto_em2      0.00      0.00      0.00      0.00      0.00      0.00      0.00
06:30:01 PM        lo      0.92      0.92      0.08      0.08      0.00      0.00      0.00
06:30:01 PM  Auto_em1      0.85      0.37      0.08      0.03      0.00      0.00      0.06
06:30:01 PM  Auto_em2      0.00      0.00      0.00      0.00      0.00      0.00      0.00
06:40:01 PM        lo      0.23      0.23      0.01      0.01      0.00      0.00      0.00
06:40:01 PM  Auto_em1      0.94      0.33      0.09      0.03      0.00      0.00      0.16
06:40:01 PM  Auto_em2      0.00      0.00      0.00      0.00      0.00      0.00      0.00
06:50:01 PM        lo      0.10      0.10      0.01      0.01      0.00      0.00      0.00
06:50:01 PM  Auto_em1      0.97      0.42      0.09      0.03      0.00      0.00      0.07
06:50:01 PM  Auto_em2      0.00      0.00      0.00      0.00      0.00      0.00      0.00
07:00:01 PM        lo      0.59      0.59      0.06      0.06      0.00      0.00      0.00
07:00:01 PM  Auto_em1      1.17      0.62      0.12      0.25      0.00      0.00      0.11
07:00:01 PM  Auto_em2      0.00      0.00      0.00      0.00      0.00      0.00      0.00
07:10:01 PM        lo      0.12      0.12      0.02      0.02      0.00      0.00      0.00
07:10:01 PM  Auto_em1      1.46      0.92      0.16      0.77      0.00      0.00      0.18
07:10:01 PM  Auto_em2      0.00      0.00      0.00      0.00      0.00      0.00      0.00
07:20:01 PM        lo      6.00      6.00      1.73      1.73      0.00      0.00      0.00
07:20:01 PM  Auto_em1      5.65      7.20      0.66      8.88      0.00      0.00      0.06
07:20:01 PM  Auto_em2      0.00      0.00      0.00      0.00      0.00      0.00      0.00
07:30:01 PM        lo      0.91      0.91      0.11      0.11      0.00      0.00      0.00
07:30:01 PM  Auto_em1      2.12      1.69      0.25      1.41      0.00      0.00      0.06
07:30:01 PM  Auto_em2      0.00      0.00      0.00      0.00      0.00      0.00      0.00
07:40:01 PM        lo      0.31      0.31      0.03      0.03      0.00      0.00      0.00
07:40:01 PM  Auto_em1      1.45      1.07      0.18      0.57      0.00      0.00      0.07
07:40:01 PM  Auto_em2      0.00      0.00      0.00      0.00      0.00      0.00      0.00
07:50:01 PM        lo      0.52      0.52      0.05      0.05      0.00      0.00      0.00
07:50:01 PM  Auto_em1      1.17      1.05      0.15      1.20      0.00      0.00      0.05
07:50:01 PM  Auto_em2      0.00      0.00      0.00      0.00      0.00      0.00      0.00
08:00:01 PM        lo      0.33      0.33      0.03      0.03      0.00      0.00      0.00
08:00:01 PM  Auto_em1      0.12      0.05      0.02      0.00      0.00      0.00      0.05
08:00:01 PM  Auto_em2      0.00      0.00      0.00      0.00      0.00      0.00      0.00
08:10:01 PM        lo      0.11      0.11      0.01      0.01      0.00      0.00      0.00
08:10:01 PM  Auto_em1      0.08      0.03      0.02      0.00      0.00      0.00      0.05
08:10:01 PM  Auto_em2      0.00      0.00      0.00      0.00      0.00      0.00      0.00
08:20:01 PM        lo      0.10      0.10      0.01      0.01      0.00      0.00      0.00
08:20:01 PM  Auto_em1      0.07      0.02      0.01      0.00      0.00      0.00      0.05
08:20:01 PM  Auto_em2      0.00      0.00      0.00      0.00      0.00      0.00      0.00
08:30:01 PM        lo      0.32      0.32      0.04      0.04      0.00      0.00      0.00
08:30:01 PM  Auto_em1      0.54      0.42      0.08      0.47      0.00      0.00      0.05
08:30:01 PM  Auto_em2      0.00      0.00      0.00      0.00      0.00      0.00      0.00
08:40:01 PM        lo      0.11      0.11      0.01      0.01      0.00      0.00      0.00
08:40:01 PM  Auto_em1      0.16      0.10      0.03      0.05      0.00      0.00      0.05
08:40:01 PM  Auto_em2      0.00      0.00      0.00      0.00      0.00      0.00      0.00
08:50:01 PM        lo      0.11      0.11      0.01      0.01      0.00      0.00      0.00
08:50:01 PM  Auto_em1      0.68      0.60      0.09      0.74      0.00      0.00      0.05
08:50:01 PM  Auto_em2      0.00      0.00      0.00      0.00      0.00      0.00      0.00
09:00:01 PM        lo      0.31      0.31      0.02      0.02      0.00      0.00      0.00
09:00:01 PM  Auto_em1      0.11      0.06      0.02      0.01      0.00      0.00      0.05
09:00:01 PM  Auto_em2      0.00      0.00      0.00      0.00      0.00      0.00      0.00
09:10:01 PM        lo      0.11      0.11      0.01      0.01      0.00      0.00      0.00
09:10:01 PM  Auto_em1      0.06      0.02      0.01      0.00      0.00      0.00      0.05
09:10:01 PM  Auto_em2      0.00      0.00      0.00      0.00      0.00      0.00      0.00
09:20:01 PM        lo      0.10      0.10      0.01      0.01      0.00      0.00      0.00
09:20:01 PM  Auto_em1      0.08      0.03      0.02      0.00      0.00      0.00      0.05
09:20:01 PM  Auto_em2      0.00      0.00      0.00      0.00      0.00      0.00      0.00
09:30:01 PM        lo      0.31      0.31      0.02      0.02      0.00      0.00      0.00
09:30:01 PM  Auto_em1      0.09      0.03      0.02      0.00      0.00      0.00      0.05
09:30:01 PM  Auto_em2      0.00      0.00      0.00      0.00      0.00      0.00      0.00
09:40:01 PM        lo      0.11      0.11      0.01      0.01      0.00      0.00      0.00
09:40:01 PM  Auto_em1      0.07      0.03      0.02      0.00      0.00      0.00      0.05
09:40:01 PM  Auto_em2      0.00      0.00      0.00      0.00      0.00      0.00      0.00
09:50:01 PM        lo      0.10      0.10      0.01      0.01      0.00      0.00      0.00
09:50:01 PM  Auto_em1      0.06      0.01      0.01      0.00      0.00      0.00      0.05
09:50:01 PM  Auto_em2      0.00      0.00      0.00      0.00      0.00      0.00      0.00
10:00:01 PM        lo      0.31      0.31      0.02      0.02      0.00      0.00      0.00
10:00:01 PM  Auto_em1      0.09      0.04      0.02      0.00      0.00      0.00      0.05
10:00:01 PM  Auto_em2      0.00      0.00      0.00      0.00      0.00      0.00      0.00
10:10:01 PM        lo      0.11      0.11      0.01      0.01      0.00      0.00      0.00
10:10:01 PM  Auto_em1      0.06      0.03      0.01      0.00      0.00      0.00      0.05
10:10:01 PM  Auto_em2      0.00      0.00      0.00      0.00      0.00      0.00      0.00
10:20:02 PM        lo      0.10      0.10      0.01      0.01      0.00      0.00      0.00
10:20:02 PM  Auto_em1      0.06      0.01      0.01      0.00      0.00      0.00      0.05
10:20:02 PM  Auto_em2      0.00      0.00      0.00      0.00      0.00      0.00      0.00
10:30:01 PM        lo      0.31      0.31      0.02      0.02      0.00      0.00      0.00
10:30:01 PM  Auto_em1      0.09      0.04      0.02      0.00      0.00      0.00      0.05
10:30:01 PM  Auto_em2      0.00      0.00      0.00      0.00      0.00      0.00      0.00
10:40:01 PM        lo      0.11      0.11      0.01      0.01      0.00      0.00      0.00
10:40:01 PM  Auto_em1      0.06      0.02      0.01      0.00      0.00      0.00      0.05
10:40:01 PM  Auto_em2      0.00      0.00      0.00      0.00      0.00      0.00      0.00
10:50:01 PM        lo      0.10      0.10      0.01      0.01      0.00      0.00      0.00
10:50:01 PM  Auto_em1      0.18      0.18      0.05      0.02      0.00      0.00      0.05
10:50:01 PM  Auto_em2      0.00      0.00      0.00      0.00      0.00      0.00      0.00
11:00:01 PM        lo      0.31      0.31      0.02      0.02      0.00      0.00      0.00
11:00:01 PM  Auto_em1      0.09      0.03      0.02      0.00      0.00      0.00      0.05
11:00:01 PM  Auto_em2      0.00      0.00      0.00      0.00      0.00      0.00      0.00
11:10:01 PM        lo      0.11      0.11      0.01      0.01      0.00      0.00      0.00
11:10:01 PM  Auto_em1      0.08      0.04      0.02      0.00      0.00      0.00      0.05
11:10:01 PM  Auto_em2      0.00      0.00      0.00      0.00      0.00      0.00      0.00
11:20:01 PM        lo      0.10      0.10      0.01      0.01      0.00      0.00      0.00
11:20:01 PM  Auto_em1      0.10      0.04      0.02      0.00      0.00      0.00      0.05
11:20:01 PM  Auto_em2      0.00      0.00      0.00      0.00      0.00      0.00      0.00
11:30:01 PM        lo      0.31      0.31      0.02      0.02      0.00      0.00      0.00
11:30:01 PM  Auto_em1      0.08      0.03      0.02      0.00      0.00      0.00      0.05
11:30:01 PM  Auto_em2      0.00      0.00      0.00      0.00      0.00      0.00      0.00
11:40:01 PM        lo      0.11      0.11      0.01      0.01      0.00      0.00      0.00
11:40:01 PM  Auto_em1      0.08      0.03      0.02      0.00      0.00      0.00      0.05
11:40:01 PM  Auto_em2      0.00      0.00      0.00      0.00      0.00      0.00      0.00
11:50:01 PM        lo      0.10      0.10      0.01      0.01      0.00      0.00      0.00
11:50:01 PM  Auto_em1      0.24      0.07      0.03      0.01      0.00      0.00      0.16
11:50:01 PM  Auto_em2      0.00      0.00      0.00      0.00      0.00      0.00      0.00
Average:           lo      1.61      1.61      0.39      0.39      0.00      0.00      0.00
Average:     Auto_em1     10.41     14.35      2.07     14.50      0.00      0.00      0.08
Average:     Auto_em2      0.00      0.00      0.00      0.00      0.00      0.00      0.00
