Linux 2.6.32-431.el6.i686 (bogon) 	06/12/2019 	_i686_	(24 CPU)

12:00:01 AM kbmemfree kbmemused  %memused kbbuffers  kbcached  kbcommit   %commit
12:10:01 AM   7239960   8434096     53.81    321332   6287920   2223476      9.43
12:20:01 AM   7239704   8434352     53.81    321340   6287928   2223476      9.43
12:30:01 AM   7239696   8434360     53.81    321340   6287944   2223476      9.43
12:40:01 AM   7239580   8434476     53.81    321340   6287948   2223476      9.43
12:50:01 AM   7238952   8435104     53.82    321340   6287952   2224680      9.43
01:00:01 AM   7239456   8434600     53.81    321340   6287964   2223632      9.43
01:10:01 AM   7238828   8435228     53.82    321340   6287984   2223632      9.43
01:20:01 AM   7239216   8434840     53.81    321340   6288004   2223632      9.43
01:30:01 AM   7238712   8435344     53.82    321340   6288016   2223668      9.43
01:40:01 AM   7239216   8434840     53.81    321340   6288020   2223664      9.43
01:50:01 AM   7238836   8435220     53.82    321340   6288024   2224684      9.43
02:00:01 AM   7238952   8435104     53.82    321340   6288036   2223728      9.43
02:10:01 AM   7238084   8435972     53.82    321340   6288040   2223856      9.43
02:20:01 AM   7238208   8435848     53.82    321340   6288044   2223856      9.43
02:30:01 AM   7238216   8435840     53.82    321340   6288056   2223856      9.43
02:40:02 AM   7238216   8435840     53.82    321340   6288060   2223860      9.43
02:50:01 AM   7177564   8496492     54.21    322324   6345852   2226020      9.44
03:00:01 AM   7179640   8494416     54.19    322324   6345872   2223624      9.43
03:10:01 AM   7178896   8495160     54.20    322324   6345880   2224140      9.43
03:20:01 AM   7177292   8496764     54.21    322592   6345980   2223884      9.43
03:30:01 AM   7177208   8496848     54.21    322592   6345988   2223724      9.43
03:40:01 AM   7177340   8496716     54.21    322592   6345996   2224004      9.43
03:50:01 AM   7176836   8497220     54.21    322592   6346004   2224848      9.44
04:00:01 AM   7177084   8496972     54.21    322596   6346008   2224064      9.43
04:10:01 AM   7176844   8497212     54.21    322596   6346016   2224168      9.43
04:20:01 AM   7177092   8496964     54.21    322596   6346024   2224172      9.43
04:30:01 AM   7176472   8497584     54.21    322596   6346028   2223996      9.43
04:40:01 AM   7176596   8497460     54.21    322596   6346036   2223996      9.43
04:50:01 AM   7176464   8497592     54.21    322596   6346044   2224824      9.44
05:00:01 AM   7176340   8497716     54.22    322596   6346048   2223908      9.43
05:10:01 AM   7176340   8497716     54.22    322596   6346056   2223828      9.43
05:20:01 AM   7175968   8498088     54.22    322596   6346064   2223832      9.43
05:30:01 AM   7175968   8498088     54.22    322596   6346068   2223832      9.43
05:40:01 AM   7176340   8497716     54.22    322596   6346072   2223832      9.43
05:50:01 AM   7176208   8497848     54.22    322596   6346084   2224568      9.43
06:00:01 AM   7176456   8497600     54.21    322596   6346088   2223652      9.43
06:10:01 AM   7176348   8497708     54.22    322596   6346096   2223996      9.43
06:20:01 AM   7175976   8498080     54.22    322596   6346104   2223996      9.43
06:30:01 AM   7176092   8497964     54.22    322596   6346108   2223996      9.43
06:40:01 AM   7175852   8498204     54.22    322596   6346112   2223996      9.43
06:50:01 AM   7175720   8498336     54.22    322596   6346124   2224724      9.44
07:00:01 AM   7176588   8497468     54.21    322596   6346128   2225840      9.44
07:10:01 AM   7174364   8499692     54.23    322740   6347748   2223656      9.43
07:20:01 AM   7173868   8500188     54.23    322740   6347756   2223816      9.43
07:30:01 AM   7174224   8499832     54.23    322740   6347760   2223816      9.43
07:40:01 AM   7174232   8499824     54.23    322740   6347764   2223816      9.43
07:50:01 AM   7173728   8500328     54.23    322740   6347776   2224664      9.43
08:00:01 AM   7174480   8499576     54.23    322740   6347780   2223748      9.43
08:10:01 AM   7173612   8500444     54.23    322740   6347792   2223656      9.43
08:20:01 AM   7174116   8499940     54.23    322740   6347796   2224036      9.43
08:30:01 AM   7174480   8499576     54.23    322740   6347800   2223816      9.43
08:40:01 AM   7174116   8499940     54.23    322740   6347808   2223816      9.43
08:50:01 AM   7174100   8499956     54.23    322748   6347820   2224756      9.44
09:00:01 AM   7171968   8502088     54.24    322788   6347876   2228748      9.45
09:10:01 AM   7168432   8505624     54.27    322864   6348624   2235736      9.48
09:20:01 AM   7414220   8259836     52.70    323136   6608096   2584884     10.96
09:30:01 AM   6117292   9556764     60.97    326804   7259344   2592228     10.99
09:40:01 AM   6105256   9568800     61.05    326820   7259364   2584564     10.96
09:50:01 AM   6031368   9642688     61.52    326888   7259696   2520984     10.69
10:00:01 AM   6079460   9594596     61.21    326920   7259716   2469820     10.47
10:10:01 AM   6097120   9576936     61.10    326928   7259740   2450832     10.39
10:20:01 AM   6109752   9564304     61.02    326936   7259748   2438076     10.34
10:30:01 AM   6127476   9546580     60.91    326952   7259776   2420536     10.27
10:40:01 AM   6166536   9507520     60.66    327024   7259836   2378744     10.09
10:50:01 AM   6187980   9486076     60.52    327052   7259892   2355904      9.99
11:00:01 AM   6095560   9578496     61.11    327212   7260312   2603112     11.04
11:10:01 AM   6044232   9629824     61.44    327240   7260484   2536252     10.76
11:20:01 AM   6033984   9640072     61.50    327296   7260692   2531004     10.73
11:30:01 AM   6095160   9578896     61.11    327496   7284492   2614928     11.09
11:40:01 AM   6079792   9594264     61.21    327544   7285268   2579904     10.94
11:50:01 AM   6059812   9614244     61.34    327552   7285280   2566472     10.88
12:00:01 PM   5992396   9681660     61.77    327600   7285312   2538028     10.76
12:10:01 PM   6011152   9662904     61.65    327664   7285360   2517932     10.68
12:20:01 PM   6026652   9647404     61.55    327664   7285364   2502568     10.61
12:30:02 PM   6042152   9631904     61.45    327664   7285368   2486408     10.54
12:40:01 PM   6060380   9613676     61.33    327664   7285380   2468708     10.47
12:50:01 PM   6075500   9598556     61.24    327664   7285384   2453088     10.40
01:00:01 PM   6093852   9580204     61.12    327664   7285392   2434792     10.33
01:10:01 PM   6125588   9548468     60.92    327664   7285416   2401200     10.18
01:20:01 PM   6143304   9530752     60.81    327728   7286868   2380804     10.10
01:30:01 PM   6162408   9511648     60.68    327732   7286948   2360376     10.01
01:40:01 PM   6188796   9485260     60.52    327740   7287012   2336868      9.91
01:50:01 PM   6216340   9457716     60.34    327764   7287136   2303788      9.77
02:00:01 PM   6241512   9432544     60.18    327780   7287304   2275636      9.65
02:10:01 PM   6546328   9127728     58.23    327856   7288868   2607344     11.06
02:20:01 PM   6049692   9624364     61.40    327912   7289152   2606836     11.06
02:30:01 PM   6038904   9635152     61.47    327952   7289744   2588736     10.98
02:40:01 PM   6054156   9619900     61.37    327968   7289764   2569528     10.90
02:50:01 PM   7471136   8202920     52.33    328024   7289940    825104      3.50
03:00:01 PM   6051404   9622652     61.39    327164   7292428   2612804     11.08
03:10:02 PM   6022628   9651428     61.58    327220   7292728   2589132     10.98
03:20:01 PM   6047684   9626372     61.42    327280   7293220   2549568     10.81
03:30:01 PM   6075088   9598968     61.24    327288   7293304   2510524     10.65
03:40:01 PM   6109552   9564504     61.02    327308   7293468   2473128     10.49
03:50:01 PM   6126160   9547896     60.92    327308   7293504   2455160     10.41
04:00:01 PM   6178876   9495180     60.58    327328   7293656   2397640     10.17
04:10:01 PM   6204156   9469900     60.42    327360   7293860   2364276     10.03
04:20:01 PM   6248184   9425872     60.14    327368   7293968   2318508      9.83
04:30:01 PM   6273108   9400948     59.98    327376   7294504   2288832      9.71
04:40:01 PM   6282424   9391632     59.92    327472   7295016   2276104      9.65
04:50:01 PM   6279076   9394980     59.94    327672   7295724   2277612      9.66
05:00:01 PM   6271892   9402164     59.99    327704   7295768   2277020      9.66
05:10:01 PM   6264824   9409232     60.03    327728   7295872   2277076      9.66
05:20:01 PM   6262956   9411100     60.04    327796   7296264   2277304      9.66
05:30:01 PM   6106228   9567828     61.04    327912   7296596   2619568     11.11
05:40:01 PM   6070004   9604052     61.27    327976   7296796   2570016     10.90
05:50:01 PM   6078368   9595688     61.22    326832   7297128   2553228     10.83
06:00:01 PM   6105168   9568888     61.05    326832   7297268   2515916     10.67
06:10:01 PM   6136524   9537532     60.85    326832   7297288   2480040     10.52
06:20:01 PM   6152256   9521800     60.75    326848   7297324   2461784     10.44
06:30:01 PM   6179892   9494164     60.57    326904   7300000   2425064     10.28
06:40:01 PM   6208676   9465380     60.39    326960   7300060   2389144     10.13
06:50:01 PM   6251688   9422368     60.11    327024   7300236   2342548      9.93
07:00:01 PM   6280092   9393964     59.93    327032   7300348   2312800      9.81
07:10:01 PM   6307116   9366940     59.76    327040   7300344   2285544      9.69
07:20:01 PM   6315308   9358748     59.71    327048   7300360   2277208      9.66
07:30:01 PM   6315696   9358360     59.71    327048   7300372   2277244      9.66
07:40:01 PM   6315696   9358360     59.71    327056   7300376   2277244      9.66
07:50:01 PM   6315564   9358492     59.71    327056   7300380   2277964      9.66
08:00:01 PM   6323884   9350172     59.65    327056   7300376   2251604      9.55
08:10:01 PM   6331592   9342464     59.60    327056   7300372   2225856      9.44
08:20:01 PM   6331468   9342588     59.61    327056   7300380   2225856      9.44
08:30:01 PM   6331584   9342472     59.60    327056   7300388   2225856      9.44
08:40:01 PM   6331592   9342464     59.60    327056   7300392   2225856      9.44
08:50:01 PM   6332080   9341976     59.60    327056   7300400   2226688      9.44
09:00:01 PM   6332204   9341852     59.60    327056   7300404   2225772      9.44
09:10:01 PM   6331972   9342084     59.60    327056   7300416   2225852      9.44
09:20:02 PM   6331724   9342332     59.60    327056   7300424   2225852      9.44
09:30:01 PM   6332080   9341976     59.60    327056   7300428   2225852      9.44
09:40:01 PM   6331096   9342960     59.61    327056   7300436   2225852      9.44
09:50:01 PM   6331708   9342348     59.60    327056   7300444   2226612      9.44
10:00:01 PM   6331460   9342596     59.61    327056   7300448   2225800      9.44
10:10:01 PM   6330724   9343332     59.61    327060   7300456   2225884      9.44
10:20:01 PM   6331228   9342828     59.61    327060   7300464   2225884      9.44
10:30:01 PM   6331096   9342960     59.61    327060   7300468   2225884      9.44
10:40:01 PM   6331112   9342944     59.61    327060   7300472   2225884      9.44
10:50:01 PM   6331344   9342712     59.61    327060   7300484   2226780      9.44
11:00:01 PM   6331584   9342472     59.60    327060   7300488   2225816      9.44
11:10:01 PM   6331352   9342704     59.61    327060   7300496   2225952      9.44
11:20:01 PM   6330988   9343068     59.61    327060   7300504   2225952      9.44
11:30:01 PM   6330988   9343068     59.61    327060   7300508   2225904      9.44
11:40:01 PM   6331360   9342696     59.61    327060   7300516   2225904      9.44
11:50:01 PM   6330972   9343084     59.61    327060   7300520   2226740      9.44
Average:      6600306   9073750     57.89    325319   6915967   2312476      9.81
