Linux 2.6.32-431.el6.i686 (bogon) 	06/09/2019 	_i686_	(24 CPU)

12:00:01 AM kbmemfree kbmemused  %memused kbbuffers  kbcached  kbcommit   %commit
12:10:01 AM   5045400  10628656     67.81    331168   8497680   2224100      9.43
12:20:01 AM   5045028  10629028     67.81    331172   8497688   2224100      9.43
12:30:01 AM   5045400  10628656     67.81    331172   8497696   2223940      9.43
12:40:01 AM   5046020  10628036     67.81    331180   8497700   2223940      9.43
12:50:01 AM   5045392  10628664     67.81    331184   8497708   2224900      9.44
01:00:01 AM   5045524  10628532     67.81    331184   8497716   2225696      9.44
01:10:01 AM   5044400  10629656     67.82    331188   8497724   2224448      9.43
01:20:01 AM   5044524  10629532     67.82    331192   8497732   2224444      9.43
01:30:01 AM   5044524  10629532     67.82    331192   8497740   2224444      9.43
01:40:01 AM   5044524  10629532     67.82    331192   8497748   2224444      9.43
01:50:01 AM   5043756  10630300     67.82    331192   8497752   2225172      9.44
02:00:01 AM   5045028  10629028     67.81    331192   8497760   2224256      9.43
02:10:01 AM   5045152  10628904     67.81    331196   8497768   2224180      9.43
02:20:01 AM   5044732  10629324     67.81    331196   8497772   2224180      9.43
02:30:01 AM   5045352  10628704     67.81    331196   8497780   2224180      9.43
02:40:01 AM   5045104  10628952     67.81    331196   8497784   2224184      9.43
02:50:01 AM   5044764  10629292     67.81    331204   8497792   2224908      9.44
03:00:01 AM   5045020  10629036     67.81    331204   8497800   2223992      9.43
03:10:01 AM   5045136  10628920     67.81    331204   8497804   2224736      9.44
03:20:01 AM   5044516  10629540     67.82    331204   8497816   2224736      9.44
03:30:01 AM   5044764  10629292     67.81    331204   8497820   2224736      9.44
03:40:01 AM   5044764  10629292     67.81    331212   8497824   2224732      9.44
03:50:01 AM   5044880  10629176     67.81    329688   8497852   2225052      9.44
04:00:01 AM   5045640  10628416     67.81    329696   8497864   2224236      9.43
04:10:01 AM   5045632  10628424     67.81    329696   8497868   2224136      9.43
04:20:01 AM   5045392  10628664     67.81    329700   8497880   2224416      9.43
04:30:01 AM   5046012  10628044     67.81    329700   8497884   2224408      9.43
04:40:01 AM   5045764  10628292     67.81    329700   8497888   2224224      9.43
04:50:01 AM   5045260  10628796     67.81    329708   8497896   2224956      9.44
05:00:01 AM   5045516  10628540     67.81    329708   8497904   2224140      9.43
05:10:01 AM   5045020  10629036     67.81    329712   8497908   2224220      9.43
05:20:01 AM   5045268  10628788     67.81    329712   8497916   2224216      9.43
05:30:01 AM   5045392  10628664     67.81    329712   8497924   2224056      9.43
05:40:01 AM   5045144  10628912     67.81    329712   8497928   2224220      9.43
05:50:01 AM   5045020  10629036     67.81    329712   8497936   2224952      9.44
06:00:02 AM   5045400  10628656     67.81    329712   8497944   2224036      9.43
06:10:01 AM   5045392  10628664     67.81    329712   8497948   2224220      9.43
06:20:01 AM   5045020  10629036     67.81    329712   8497956   2224212      9.43
06:30:01 AM   5045516  10628540     67.81    329716   8497964   2224212      9.43
06:40:01 AM   5045144  10628912     67.81    329716   8497968   2224212      9.43
06:50:01 AM   5045632  10628424     67.81    329716   8497976   2224940      9.44
07:00:01 AM   5045756  10628300     67.81    329716   8497980   2227636      9.45
07:10:01 AM   5045400  10628656     67.81    329740   8498000   2224836      9.44
07:20:01 AM   5045152  10628904     67.81    329740   8498008   2225120      9.44
07:30:01 AM   5044904  10629152     67.81    329740   8498016   2224996      9.44
07:40:01 AM   5045276  10628780     67.81    329740   8498020   2224996      9.44
07:50:01 AM   5045268  10628788     67.81    329740   8498028   2225832      9.44
08:00:01 AM   5045276  10628780     67.81    329744   8498036   2224916      9.44
08:10:01 AM   5045648  10628408     67.81    329744   8498048   2224952      9.44
08:20:01 AM   5045524  10628532     67.81    329744   8498052   2224948      9.44
08:30:02 AM   5045400  10628656     67.81    329744   8498060   2224952      9.44
08:40:01 AM   5045392  10628664     67.81    329744   8498068   2224952      9.44
08:50:01 AM   5045384  10628672     67.81    329744   8498076   2224788      9.44
09:00:01 AM   5045268  10628788     67.81    329744   8498080   2223964      9.43
09:10:01 AM   5045020  10629036     67.81    329748   8498092   2224156      9.43
09:20:01 AM   5045028  10629028     67.81    329748   8498096   2224156      9.43
09:30:01 AM   5045028  10629028     67.81    329752   8498100   2224156      9.43
09:40:01 AM   5044904  10629152     67.81    329752   8498112   2224156      9.43
09:50:01 AM   5045516  10628540     67.81    329752   8498116   2225020      9.44
10:00:01 AM   5045276  10628780     67.81    329760   8498120   2224104      9.43
10:10:01 AM   5045152  10628904     67.81    329768   8498132   2224188      9.43
10:20:01 AM   5045632  10628424     67.81    329768   8498136   2224188      9.43
10:30:01 AM   5045756  10628300     67.81    329772   8498140   2224920      9.44
10:40:01 AM   5045632  10628424     67.81    329772   8498152   2225200      9.44
10:50:01 AM   5044640  10629416     67.82    329784   8498152   2226428      9.44
11:00:01 AM   5046004  10628052     67.81    329784   8498156   2225380      9.44
11:10:01 AM   5046012  10628044     67.81    329784   8498168   2225380      9.44
11:20:01 AM   5045508  10628548     67.81    329784   8498172   2225380      9.44
11:30:01 AM   5045508  10628548     67.81    329784   8498176   2225376      9.44
11:40:01 AM   5045136  10628920     67.81    329784   8498184   2225372      9.44
11:50:01 AM   5045252  10628804     67.81    329788   8498192   2226420      9.44
12:00:01 PM   5046012  10628044     67.81    329788   8498196   2225368      9.44
12:10:01 PM   5045640  10628416     67.81    329788   8498204   2224316      9.43
12:20:01 PM   5045896  10628160     67.81    329788   8498212   2224420      9.43
12:30:01 PM   5045772  10628284     67.81    329788   8498216   2224420      9.43
12:40:01 PM   5046020  10628036     67.81    329788   8498224   2224420      9.43
12:50:01 PM   5046012  10628044     67.81    329788   8498232   2225252      9.44
01:00:01 PM   5046516  10627540     67.80    329788   8498240   2224304      9.43
01:10:01 PM   5045896  10628160     67.81    329792   8498244   2224680      9.43
01:20:02 PM   5045648  10628408     67.81    329792   8498252   2224684      9.43
01:30:01 PM   5045888  10628168     67.81    329792   8498260   2224680      9.43
01:40:01 PM   5045400  10628656     67.81    329792   8498264   2224684      9.43
01:50:01 PM   5045384  10628672     67.81    329800   8498268   2226364      9.44
02:00:01 PM   5045648  10628408     67.81    329800   8498280   2225412      9.44
02:10:01 PM   5045392  10628664     67.81    329800   8498288   2225476      9.44
02:20:01 PM   5044780  10629276     67.81    329800   8498292   2225476      9.44
02:30:01 PM   5045028  10629028     67.81    329800   8498304   2225472      9.44
02:40:01 PM   5044656  10629400     67.82    329800   8498308   2225472      9.44
02:50:01 PM   5044896  10629160     67.81    329800   8498312   2226420      9.44
03:00:01 PM   5046268  10627788     67.80    329804   8498320   2225372      9.44
03:10:01 PM   5045276  10628780     67.81    329804   8498328   2225612      9.44
03:20:01 PM   5045152  10628904     67.81    329808   8498332   2225608      9.44
03:30:01 PM   5045276  10628780     67.81    329808   8498344   2224556      9.43
03:40:01 PM   5045276  10628780     67.81    329808   8498348   2224556      9.43
03:50:01 PM   5043524  10630532     67.82    329812   8498352   2225668      9.44
04:00:01 PM   5044772  10629284     67.81    329812   8498360   2224624      9.43
04:10:01 PM   5044524  10629532     67.82    329812   8498368   2224624      9.43
04:20:01 PM   5044152  10629904     67.82    329812   8498372   2224620      9.43
04:30:01 PM   5044400  10629656     67.82    329812   8498380   2224620      9.43
04:40:01 PM   5044896  10629160     67.81    329812   8498388   2224624      9.43
04:50:01 PM   5043036  10631020     67.83    329924   8498396   2226976      9.44
05:00:01 PM   5045772  10628284     67.81    329924   8498404   2224576      9.43
05:10:01 PM   5045400  10628656     67.81    329924   8498412   2224620      9.43
05:20:01 PM   5045152  10628904     67.81    329924   8498416   2224780      9.44
05:30:01 PM   5045152  10628904     67.81    329924   8498424   2224784      9.44
05:40:01 PM   5045408  10628648     67.81    329924   8498432   2224784      9.44
05:50:01 PM   5045020  10629036     67.81    329924   8498436   2225512      9.44
06:00:01 PM   5045648  10628408     67.81    329924   8498444   2224588      9.43
06:10:02 PM   5045516  10628540     67.81    329924   8498452   2224680      9.43
06:20:01 PM   5045384  10628672     67.81    329932   8498460   2224684      9.43
06:30:01 PM   5045276  10628780     67.81    329932   8498464   2224684      9.43
06:40:01 PM   5045144  10628912     67.81    329932   8498468   2224684      9.43
06:50:01 PM   5045136  10628920     67.81    329932   8498480   2225552      9.44
07:00:01 PM   5045516  10628540     67.81    329932   8498484   2224636      9.43
07:10:01 PM   5045268  10628788     67.81    329932   8498488   2224576      9.43
07:20:01 PM   5045400  10628656     67.81    329936   8498500   2224676      9.43
07:30:01 PM   5045524  10628532     67.81    329936   8498504   2224776      9.44
07:40:01 PM   5045152  10628904     67.81    329936   8498508   2225056      9.44
07:50:01 PM   5045516  10628540     67.81    329936   8498520   2225596      9.44
08:00:01 PM   5046392  10627664     67.80    329936   8498524   2224680      9.43
08:10:01 PM   5045524  10628532     67.81    329936   8498532   2224780      9.44
08:20:01 PM   5045152  10628904     67.81    329936   8498548   2224780      9.44
08:30:01 PM   5045524  10628532     67.81    329936   8498552   2224612      9.43
08:40:01 PM   5045648  10628408     67.81    329936   8498556   2224612      9.43
08:50:01 PM   5045516  10628540     67.81    329936   8498564   2225344      9.44
09:00:01 PM   5045640  10628416     67.81    329936   8498572   2224524      9.43
09:10:01 PM   5045144  10628912     67.81    329936   8498576   2224768      9.44
09:20:01 PM   5045640  10628416     67.81    329936   8498584   2224768      9.44
09:30:01 PM   5045392  10628664     67.81    329936   8498592   2224768      9.44
09:40:01 PM   5045144  10628912     67.81    329936   8498596   2224768      9.44
09:50:01 PM   5044896  10629160     67.81    329936   8498604   2225508      9.44
10:00:01 PM   5045152  10628904     67.81    329936   8498608   2224592      9.43
10:10:01 PM   5044664  10629392     67.82    329936   8498616   2224620      9.43
10:20:01 PM   5044292  10629764     67.82    329936   8498624   2224620      9.43
10:30:01 PM   5044532  10629524     67.82    329936   8498632   2224620      9.43
10:40:01 PM   5044780  10629276     67.81    329936   8498636   2224612      9.43
10:50:01 PM   5044648  10629408     67.82    329936   8498644   2225500      9.44
11:00:01 PM   5045028  10629028     67.81    329936   8498648   2224768      9.44
11:10:01 PM   5044780  10629276     67.81    329936   8498660   2224768      9.44
11:20:01 PM   5044408  10629648     67.82    329936   8498664   2224768      9.44
11:30:01 PM   5044896  10629160     67.81    329936   8498668   2224768      9.44
11:40:01 PM   5044648  10629408     67.82    329940   8498680   2224768      9.44
11:50:01 PM   5044640  10629416     67.82    329940   8498684   2225500      9.44
Average:      5045224  10628832     67.81    330033   8498193   2224813      9.44
