Linux 2.6.32-431.el6.i686 (bogon) 	06/13/2019 	_i686_	(24 CPU)

12:00:01 AM kbmemfree kbmemused  %memused kbbuffers  kbcached  kbcommit   %commit
12:10:01 AM   6329988   9344068     59.61    327060   7301220   2225960      9.44
12:20:01 AM   6330236   9343820     59.61    327060   7301224   2225952      9.44
12:30:01 AM   6329864   9344192     59.62    327060   7301236   2225952      9.44
12:40:01 AM   6330608   9343448     59.61    327060   7301240   2225952      9.44
12:50:01 AM   6329856   9344200     59.62    327060   7301244   2226772      9.44
01:00:01 AM   6330104   9343952     59.61    327060   7301256   2225964      9.44
01:10:01 AM   6329492   9344564     59.62    327060   7301260   2225988      9.44
01:20:01 AM   6329368   9344688     59.62    327060   7301264   2226148      9.44
01:30:01 AM   6329584   9344472     59.62    327064   7301296   2226136      9.44
01:40:01 AM   6329212   9344844     59.62    327064   7301300   2226136      9.44
01:50:01 AM   6328956   9345100     59.62    327064   7301304   2226968      9.44
02:00:01 AM   6329708   9344348     59.62    327068   7301312   2226004      9.44
02:10:01 AM   6329368   9344688     59.62    327072   7301324   2226032      9.44
02:20:01 AM   6329244   9344812     59.62    327072   7301328   2226032      9.44
02:30:01 AM   6328840   9345216     59.62    327072   7301352   2226032      9.44
02:40:01 AM   6329088   9344968     59.62    327072   7301360   2226032      9.44
02:50:01 AM   6327344   9346712     59.63    327072   7301364   2226860      9.44
03:00:01 AM   6327128   9346928     59.63    327072   7301372   2226176      9.44
03:10:01 AM   6326880   9347176     59.63    327072   7301380   2226448      9.44
03:20:01 AM   6327012   9347044     59.63    327072   7301388   2226448      9.44
03:30:01 AM   6326640   9347416     59.64    327072   7301392   2226448      9.44
03:40:01 AM   6326276   9347780     59.64    325536   7299924   2226040      9.44
03:50:01 AM   6323044   9351012     59.66    325536   7302716   2226724      9.44
04:00:01 AM   6323912   9350144     59.65    325536   7302720   2226088      9.44
04:10:01 AM   6323548   9350508     59.66    325536   7302728   2225972      9.44
04:20:01 AM   6323912   9350144     59.65    325536   7302736   2225972      9.44
04:30:01 AM   6323656   9350400     59.66    325536   7302740   2225812      9.44
04:40:01 AM   6323168   9350888     59.66    325536   7302744   2225812      9.44
04:50:01 AM   6322168   9351888     59.66    325536   7302756   2226908      9.44
05:00:01 AM   6323168   9350888     59.66    325536   7302760   2225860      9.44
05:10:01 AM   6323292   9350764     59.66    325536   7302764   2225968      9.44
05:20:01 AM   6323044   9351012     59.66    325536   7302776   2225968      9.44
05:30:01 AM   6322912   9351144     59.66    325536   7302780   2225968      9.44
05:40:01 AM   6323168   9350888     59.66    325536   7302784   2225968      9.44
05:50:01 AM   6322788   9351268     59.66    325536   7302792   2226932      9.44
06:00:01 AM   6323168   9350888     59.66    325536   7302800   2225968      9.44
06:10:01 AM   6322432   9351624     59.66    325536   7302808   2225800      9.44
06:20:01 AM   6322556   9351500     59.66    325536   7302816   2225800      9.44
06:30:01 AM   6322548   9351508     59.66    325536   7302824   2225800      9.44
06:40:01 AM   6322308   9351748     59.66    325536   7302828   2225960      9.44
06:50:01 AM   6322052   9352004     59.67    325536   7302836   2226904      9.44
07:00:01 AM   6322036   9352020     59.67    325536   7302840   2229604      9.46
07:10:01 AM   6322052   9352004     59.67    325560   7302852   2225932      9.44
07:20:01 AM   6322052   9352004     59.67    325560   7302860   2226092      9.44
07:30:01 AM   6322292   9351764     59.66    325560   7302868   2226092      9.44
07:40:01 AM   6322300   9351756     59.66    325560   7302872   2226092      9.44
07:50:01 AM   6322416   9351640     59.66    325560   7302880   2227916      9.45
08:00:01 AM   6322912   9351144     59.66    325564   7302884   2226868      9.44
08:10:01 AM   6322176   9351880     59.66    325564   7302896   2226780      9.44
08:20:01 AM   6322424   9351632     59.66    325564   7302900   2226780      9.44
08:30:01 AM   6321796   9352260     59.67    325564   7302904   2229696      9.46
08:40:01 AM   6322796   9351260     59.66    325564   7302920   2226640      9.44
08:50:01 AM   6322292   9351764     59.66    325564   7302932   2227744      9.45
09:00:01 AM   6318260   9355796     59.69    325572   7303584   2238100      9.49
09:10:01 AM   6315856   9358200     59.71    325584   7303620   2242652      9.51
09:20:01 AM   6313996   9360060     59.72    325584   7303668   2245176      9.52
09:30:01 AM   6104048   9570008     61.06    325684   7303876   2581108     10.95
09:40:01 AM   6086664   9587392     61.17    325820   7304056   2512848     10.66
09:50:01 AM   6061104   9612952     61.33    325856   7304100   2509148     10.64
10:00:01 AM   6073588   9600468     61.25    325904   7304172   2495168     10.58
10:10:01 AM   6134000   9540056     60.87    324884   7254708   2587364     10.97
10:20:01 AM   6479992   9194064     58.66    324940   7254948   2592392     10.99
10:30:01 AM   6094544   9579512     61.12    325004   7255060   2537028     10.76
10:40:01 AM   6081308   9592748     61.20    325012   7255280   2512120     10.65
10:50:01 AM   6052724   9621332     61.38    325076   7255516   2484448     10.54
11:00:01 AM   6131028   9543028     60.88    325188   7255728   2611544     11.08
11:10:01 AM   6131996   9542060     60.88    325220   7255800   2544328     10.79
11:20:01 AM   6112848   9561208     61.00    325236   7255836   2518708     10.68
11:30:01 AM   6089572   9584484     61.15    325236   7255848   2504048     10.62
11:40:01 AM   6018368   9655688     61.60    325236   7255864   2491252     10.57
11:50:01 AM   6043392   9630664     61.44    325292   7255948   2463232     10.45
12:00:01 PM   6475408   9198648     58.69    325512   7256408   2616112     11.09
12:10:01 PM   6082328   9591728     61.19    325608   7256672   2614344     11.09
12:20:01 PM   6071920   9602136     61.26    325608   7256676   2590028     10.98
12:30:02 PM   5997264   9676792     61.74    325608   7256680   2574108     10.92
12:40:01 PM   6017600   9656456     61.61    325608   7256692   2553528     10.83
12:50:01 PM   6033092   9640964     61.51    325608   7256696   2537256     10.76
01:00:01 PM   6051328   9622728     61.39    325608   7256704   2518100     10.68
01:10:01 PM   6073276   9600780     61.25    325616   7256716   2495908     10.59
01:20:01 PM   6091140   9582916     61.14    325616   7256720   2477432     10.51
07:30:01 PM   5848812   9825244     62.68    321652   7458616   2521312     10.69
07:40:01 PM   5936808   9737248     62.12    321676   7458824   2633268     11.17
08:10:01 PM   5800648   9873408     62.99    321768   7458892   2524552     10.71
08:20:01 PM   5800524   9873532     62.99    321768   7458904   2524552     10.71
08:30:01 PM   5827864   9846192     62.82    321768   7458888   2467064     10.46
08:40:01 PM   5842496   9831560     62.73    321768   7458892   2451960     10.40
08:50:01 PM   5876968   9797088     62.51    321768   7458904   2417848     10.25
09:00:01 PM   5894452   9779604     62.39    321768   7458908   2400756     10.18
09:10:01 PM   5910564   9763492     62.29    321768   7458912   2384068     10.11
09:20:01 PM   5927428   9746628     62.18    321776   7458936   2366564     10.04
09:30:01 PM   5942308   9731748     62.09    321776   7458940   2350660      9.97
09:40:01 PM   5956328   9717728     62.00    321776   7458944   2335620      9.91
09:50:01 PM   5969348   9704708     61.92    321776   7458952   2322280      9.85
10:00:01 PM   5994768   9679288     61.75    321776   7458960   2298812      9.75
10:10:01 PM   6004696   9669360     61.69    321776   7458964   2288576      9.71
10:20:01 PM   6014244   9659812     61.63    321776   7458972   2279080      9.67
10:30:01 PM   6031976   9642080     61.52    321776   7458980   2260868      9.59
10:40:01 PM   6040780   9633276     61.46    321776   7458984   2252404      9.55
10:50:01 PM   6054536   9619520     61.37    321776   7458992   2237268      9.49
11:00:01 PM   6061356   9612700     61.33    321776   7459000   2229728      9.46
11:10:01 PM   6066696   9607360     61.29    321776   7459004   2224348      9.43
11:20:01 PM   6066572   9607484     61.30    321776   7459012   2224436      9.43
11:30:01 PM   6066324   9607732     61.30    321776   7459020   2224436      9.43
11:40:01 PM   6066200   9607856     61.30    321776   7459024   2224436      9.43
11:50:01 PM   6066200   9607856     61.30    321776   7459032   2224436      9.43
Average:      6188997   9485059     60.51    324921   7330816   2326816      9.87
