Linux 2.6.32-431.el6.i686 (bogon) 	06/10/2019 	_i686_	(24 CPU)

12:00:01 AM kbmemfree kbmemused  %memused kbbuffers  kbcached  kbcommit   %commit
12:10:01 AM   5044408  10629648     67.82    329948   8499376   2224672      9.43
12:20:01 AM   5044532  10629524     67.82    329948   8499384   2224660      9.43
12:30:01 AM   5043912  10630144     67.82    329948   8499396   2224664      9.43
12:40:01 AM   5044036  10630020     67.82    329948   8499400   2224660      9.43
12:50:01 AM   5044152  10629904     67.82    329948   8499404   2225480      9.44
01:00:01 AM   5044284  10629772     67.82    329948   8499412   2224648      9.43
01:10:01 AM   5044292  10629764     67.82    329948   8499420   2224748      9.44
01:20:01 AM   5044160  10629896     67.82    329948   8499424   2224748      9.44
01:30:01 AM   5044400  10629656     67.82    329960   8499436   2224688      9.43
01:40:01 AM   5043780  10630276     67.82    329960   8499444   2224688      9.43
01:50:01 AM   5044648  10629408     67.82    329960   8499448   2225524      9.44
02:00:01 AM   5044532  10629524     67.82    329960   8499456   2224608      9.43
02:10:01 AM   5044648  10629408     67.82    329960   8499464   2224744      9.44
02:20:01 AM   5044376  10629680     67.82    329960   8499468   2225024      9.44
02:30:01 AM   5044252  10629804     67.82    329960   8499476   2224840      9.44
02:40:01 AM   5044368  10629688     67.82    329960   8499484   2224840      9.44
02:50:01 AM   5044384  10629672     67.82    329960   8499488   2225568      9.44
03:00:01 AM   5044764  10629292     67.81    329960   8499496   2224736      9.44
03:10:01 AM   5044508  10629548     67.82    329960   8499504   2225124      9.44
03:20:01 AM   5044020  10630036     67.82    329964   8499512   2225124      9.44
03:30:01 AM   5042540  10631516     67.83    329964   8499516   2224880      9.44
03:40:01 AM   5042656  10631400     67.83    329964   8499520   2225160      9.44
03:50:01 AM   5043144  10630912     67.82    329964   8499532   2225712      9.44
04:00:01 AM   5043152  10630904     67.82    329964   8499536   2224788      9.44
04:10:01 AM   5042772  10631284     67.83    329968   8499540   2224672      9.43
04:20:01 AM   5043268  10630788     67.82    329968   8499552   2224672      9.43
04:30:01 AM   5043772  10630284     67.82    329968   8499556   2224772      9.44
04:40:01 AM   5044020  10630036     67.82    329968   8499560   2224772      9.44
04:50:01 AM   5043764  10630292     67.82    329968   8499568   2226620      9.44
05:00:01 AM   5043896  10630160     67.82    329972   8499576   2225620      9.44
05:10:01 AM   5043904  10630152     67.82    329972   8499584   2225668      9.44
05:20:01 AM   5044160  10629896     67.82    329972   8499596   2225668      9.44
05:30:01 AM   5044036  10630020     67.82    329972   8499600   2225768      9.44
05:40:01 AM   5043780  10630276     67.82    329972   8499604   2225768      9.44
05:50:01 AM   5043648  10630408     67.82    329972   8499612   2226548      9.44
06:00:01 AM   5044400  10629656     67.82    329972   8499620   2225632      9.44
06:10:01 AM   5043904  10630152     67.82    329972   8499624   2225668      9.44
06:20:01 AM   5044392  10629664     67.82    329976   8499632   2225668      9.44
06:30:01 AM   5044144  10629912     67.82    329976   8499640   2224968      9.44
06:40:01 AM   5043648  10630408     67.82    329976   8499644   2224968      9.44
06:50:01 AM   5043888  10630168     67.82    329976   8499652   2225696      9.44
07:00:01 AM   5044128  10629928     67.82    329976   8499656   2228256      9.45
07:10:01 AM   5043408  10630648     67.82    330000   8499668   2224628      9.43
07:20:01 AM   5043780  10630276     67.82    330000   8499680   2224632      9.43
07:30:01 AM   5043160  10630896     67.82    330000   8499684   2224912      9.44
07:40:01 AM   5043656  10630400     67.82    330000   8499688   2224912      9.44
07:50:01 AM   5042540  10631516     67.83    330000   8499696   2225828      9.44
08:00:01 AM   5043532  10630524     67.82    330000   8499704   2224788      9.44
08:10:01 AM   5043532  10630524     67.82    330000   8499712   2224752      9.44
08:20:01 AM   5043532  10630524     67.82    330000   8499716   2225036      9.44
08:30:01 AM   5044152  10629904     67.82    330000   8499724   2224912      9.44
08:40:01 AM   5043788  10630268     67.82    330000   8499732   2224912      9.44
08:50:01 AM   5043540  10630516     67.82    330000   8499736   2225656      9.44
09:00:01 AM   5044036  10630020     67.82    330004   8499744   2224840      9.44
09:10:01 AM   5039524  10634532     67.85    330008   8500388   2236428      9.48
09:20:01 AM   5038780  10635276     67.85    330020   8501008   2236136      9.48
09:30:01 AM   5037788  10636268     67.86    330028   8502236   2236136      9.48
09:40:01 AM   5038308  10635748     67.86    330036   8502252   2228960      9.45
09:50:01 AM   5038176  10635880     67.86    330196   8502260   2229428      9.46
10:00:01 AM   5037556  10636500     67.86    330236   8502272   2233440      9.47
10:10:01 AM   5038044  10636012     67.86    330252   8502284   2233336      9.47
10:20:01 AM   5037416  10636640     67.86    330348   8502296   2233332      9.47
10:30:01 AM   5037160  10636896     67.86    330460   8502312   2233484      9.47
10:40:01 AM   5036168  10637888     67.87    330516   8502320   2233484      9.47
10:50:01 AM   5036300  10637756     67.87    330556   8502328   2234248      9.48
11:00:01 AM   5036936  10637120     67.86    330556   8502332   2233332      9.47
11:10:01 AM   5036540  10637516     67.87    330580   8502344   2233408      9.47
11:20:01 AM   4921372  10752684     68.60    329896   8505204   2548800     10.81
11:30:01 AM   4926008  10748048     68.57    329896   8505232   2521220     10.69
11:40:01 AM   4895644  10778412     68.77    329896   8505244   2508780     10.64
11:50:01 AM   4862584  10811472     68.98    329992   8505592   2583448     10.96
12:00:01 PM   4869912  10804144     68.93    328628   8506168   2579080     10.94
12:10:01 PM   4875996  10798060     68.89    328628   8506180   2538584     10.77
12:20:01 PM   4845616  10828440     69.09    328628   8506184   2524456     10.71
12:30:01 PM   4767908  10906148     69.58    328628   8506192   2509324     10.64
12:40:01 PM   4880848  10793208     68.86    328660   8506376   2574912     10.92
12:50:01 PM   4861760  10812296     68.98    328660   8506388   2574088     10.92
01:00:01 PM   4841912  10832144     69.11    328668   8506420   2545776     10.80
01:10:01 PM   4766212  10907844     69.59    328684   8506528   2523304     10.70
01:20:01 PM   4789476  10884580     69.44    328684   8506540   2498904     10.60
01:30:01 PM   4804852  10869204     69.35    328684   8506560   2484344     10.54
01:40:01 PM   4821352  10852704     69.24    328688   8506568   2467160     10.46
01:50:01 PM   4860024  10814032     68.99    328696   8506604   2428784     10.30
02:00:01 PM   4864496  10809560     68.96    328696   8506612   2423808     10.28
02:10:01 PM   4870820  10803236     68.92    328696   8506624   2417492     10.25
02:20:01 PM   4878476  10795580     68.88    328732   8506700   2408528     10.21
02:30:01 PM   4900912  10773144     68.73    328740   8506712   2385928     10.12
02:40:01 PM   4913816  10760240     68.65    328740   8506732   2372848     10.06
02:50:01 PM   4926000  10748056     68.57    328748   8506736   2360188     10.01
03:00:01 PM   4954776  10719280     68.39    328752   8506760   2331364      9.89
03:10:01 PM   4982544  10691512     68.21    328768   8506800   2301932      9.76
03:20:01 PM   4997432  10676624     68.12    328772   8506808   2287308      9.70
03:30:01 PM   5010948  10663108     68.03    328772   8506820   2272728      9.64
03:40:01 PM   5038584  10635472     67.85    328776   8506824   2245384      9.52
03:50:01 PM   5046636  10627420     67.80    328776   8506828   2237896      9.49
04:00:01 PM   5047016  10627040     67.80    328776   8506844   2236976      9.49
04:10:01 PM   5045272  10628784     67.81    328792   8506868   2237084      9.49
04:20:01 PM   5045040  10629016     67.81    328792   8506876   2237084      9.49
04:30:01 PM   5045404  10628652     67.81    328792   8506888   2236956      9.49
04:40:01 PM   5045652  10628404     67.81    328792   8506896   2236956      9.49
04:50:01 PM   5044892  10629164     67.81    328804   8506904   2238144      9.49
05:00:01 PM   5045776  10628280     67.81    328804   8506912   2237224      9.49
05:10:01 PM   5045528  10628528     67.81    328804   8506924   2237232      9.49
05:20:01 PM   5045156  10628900     67.81    328804   8506932   2237236      9.49
05:30:01 PM   5045404  10628652     67.81    328804   8506948   2237236      9.49
05:40:01 PM   5045900  10628156     67.81    328820   8507184   2237132      9.49
05:50:01 PM   5045148  10628908     67.81    328820   8507180   2238488      9.49
06:00:01 PM   5047404  10626652     67.80    328828   8507216   2230416      9.46
06:10:02 PM   5042412  10631644     67.83    328884   8507288   2237072      9.49
06:20:01 PM   5032724  10641332     67.89    328972   8507352   2243760      9.52
06:30:01 PM   4872848  10801208     68.91    329436   8520020   2545436     10.80
06:40:01 PM   4876212  10797844     68.89    329460   8520696   2528736     10.72
06:50:01 PM   4891588  10782468     68.79    329480   8520712   2511076     10.65
07:00:01 PM   4909212  10764844     68.68    329480   8520720   2492132     10.57
07:10:01 PM   4926944  10747112     68.57    329488   8520728   2473424     10.49
07:20:01 PM   4945444  10728612     68.45    329488   8520736   2454700     10.41
07:30:01 PM   4964664  10709392     68.33    329488   8520740   2435712     10.33
07:40:01 PM   4983512  10690544     68.21    329488   8520744   2416728     10.25
07:50:01 PM   5000988  10673068     68.09    329488   8520756   2399176     10.17
08:00:01 PM   5025312  10648744     67.94    329492   8520756   2358480     10.00
08:10:01 PM   5044036  10630020     67.82    329492   8520760   2340568      9.93
08:20:01 PM   5078136  10595920     67.60    329492   8520768   2306704      9.78
08:30:01 PM   5094380  10579676     67.50    329492   8520776   2290288      9.71
08:40:01 PM   5109996  10564060     67.40    329492   8520780   2274644      9.65
08:50:01 PM   5124992  10549064     67.30    329492   8520788   2260164      9.59
09:00:01 PM   5154512  10519544     67.11    329492   8520792   2230672      9.46
09:10:01 PM   5164680  10509376     67.05    329496   8520800   2220144      9.42
09:20:01 PM   5164184  10509872     67.05    329496   8520808   2220248      9.42
09:30:01 PM   5164936  10509120     67.05    329496   8520812   2220120      9.42
09:40:01 PM   5164812  10509244     67.05    329496   8520820   2220120      9.42
09:50:01 PM   5163192  10510864     67.06    329540   8520836   2222696      9.43
10:00:01 PM   5165184  10508872     67.05    329540   8520840   2220276      9.42
10:10:01 PM   5164440  10509616     67.05    329544   8520848   2220416      9.42
10:20:01 PM   5164316  10509740     67.05    329544   8520856   2220416      9.42
10:30:01 PM   5163696  10510360     67.06    329544   8520860   2220412      9.42
10:40:01 PM   5163696  10510360     67.06    329548   8520868   2220408      9.42
10:50:01 PM   5164308  10509748     67.05    329548   8520876   2221136      9.42
11:00:01 PM   5164316  10509740     67.05    329548   8520880   2220216      9.42
11:10:01 PM   5163944  10510112     67.05    329548   8520896   2221028      9.42
11:20:01 PM   5164192  10509864     67.05    329548   8520900   2221188      9.42
11:30:01 PM   5164060  10509996     67.05    329548   8520904   2221192      9.42
11:40:01 PM   5164184  10509872     67.05    329548   8520912   2221188      9.42
11:50:01 PM   5164176  10509880     67.05    329548   8520920   2221968      9.42
Average:      5023074  10650982     67.95    329559   8506804   2288684      9.71
