Linux 2.6.32-431.el6.i686 (bogon) 	06/06/2019 	_i686_	(24 CPU)

12:00:01 AM kbmemfree kbmemused  %memused kbbuffers  kbcached  kbcommit   %commit
12:10:01 AM   5048872  10625184     67.79    341332   8460292   2221220      9.42
12:20:01 AM   5048996  10625060     67.79    341332   8460300   2221220      9.42
12:30:01 AM   5048376  10625680     67.79    341336   8460312   2221220      9.42
12:40:01 AM   5048872  10625184     67.79    341336   8460316   2221220      9.42
12:50:02 AM   5048128  10625928     67.79    341336   8460320   2222160      9.42
01:00:01 AM   5048756  10625300     67.79    341340   8460332   2221320      9.42
01:10:01 AM   5048384  10625672     67.79    341340   8460336   2221324      9.42
01:20:01 AM   5048128  10625928     67.79    341340   8460344   2221324      9.42
01:30:01 AM   5048624  10625432     67.79    341344   8460352   2221324      9.42
01:40:01 AM   5048376  10625680     67.79    341344   8460356   2221324      9.42
01:50:01 AM   5044160  10629896     67.82    341344   8460360   2223476      9.43
02:00:01 AM   5043656  10630400     67.82    341356   8460372   2221160      9.42
02:10:01 AM   5043424  10630632     67.82    341364   8460376   2221592      9.42
02:20:01 AM   5043300  10630756     67.82    341368   8460380   2221592      9.42
02:30:01 AM   5043176  10630880     67.82    341368   8460392   2221412      9.42
02:40:01 AM   5043300  10630756     67.82    341368   8460396   2221412      9.42
02:50:01 AM   5043292  10630764     67.82    341372   8460400   2222148      9.42
03:00:01 AM   5042896  10631160     67.83    341380   8460416   2221316      9.42
03:10:02 AM   5045500  10628556     67.81    339588   8458564   2221440      9.42
03:20:01 AM   5045872  10628184     67.81    339596   8458572   2221440      9.42
03:30:01 AM   5046260  10627796     67.81    339608   8458576   2221440      9.42
03:40:01 AM   5046012  10628044     67.81    339608   8458584   2221440      9.42
03:50:01 AM   5045764  10628292     67.81    339608   8458592   2222168      9.42
04:00:01 AM   5046632  10627424     67.80    339612   8458596   2221348      9.42
04:10:01 AM   5046764  10627292     67.80    339612   8458604   2221268      9.42
04:20:01 AM   5047012  10627044     67.80    339616   8458612   2221268      9.42
04:30:01 AM   5046516  10627540     67.80    339620   8458616   2221268      9.42
04:40:01 AM   5043664  10630392     67.82    339620   8458624   2221268      9.42
04:50:01 AM   5044152  10629904     67.82    339620   8458632   2222104      9.42
05:00:01 AM   5044160  10629896     67.82    339624   8458636   2221284      9.42
05:10:01 AM   5043912  10630144     67.82    339636   8458644   2221420      9.42
05:20:01 AM   5043292  10630764     67.82    339640   8458652   2221420      9.42
05:30:01 AM   5043292  10630764     67.82    339644   8458656   2221432      9.42
05:40:02 AM   5043672  10630384     67.82    339652   8458660   2221432      9.42
05:50:01 AM   5043780  10630276     67.82    339652   8458672   2222148      9.42
06:00:01 AM   5043540  10630516     67.82    339660   8458676   2221224      9.42
06:10:01 AM   5042168  10631888     67.83    339676   8458680   2221208      9.42
06:20:01 AM   5042044  10632012     67.83    339688   8458692   2221208      9.42
06:30:01 AM   5041920  10632136     67.83    339704   8458696   2221208      9.42
06:40:01 AM   5042300  10631756     67.83    339712   8458700   2221208      9.42
06:50:01 AM   5041672  10632384     67.83    339720   8458712   2222048      9.42
07:00:01 AM   5041788  10632268     67.83    339724   8458716   2224720      9.44
07:10:01 AM   5040440  10633616     67.84    339756   8458732   2221288      9.42
07:20:01 AM   5041068  10632988     67.84    339756   8458740   2221288      9.42
07:30:01 AM   5040820  10633236     67.84    339768   8458744   2221288      9.42
07:40:01 AM   5041068  10632988     67.84    339776   8458748   2221288      9.42
07:50:01 AM   5039944  10634112     67.85    339780   8458760   2222276      9.42
08:00:01 AM   5040200  10633856     67.84    339780   8458764   2221620      9.42
08:10:02 AM   5039580  10634476     67.85    339780   8458772   2221396      9.42
08:20:01 AM   5039704  10634352     67.85    339780   8458780   2221396      9.42
08:30:01 AM   5039952  10634104     67.85    339780   8458784   2221396      9.42
08:40:01 AM   5040208  10633848     67.84    339780   8458792   2221396      9.42
08:50:01 AM   5040076  10633980     67.84    339784   8458796   2222024      9.42
09:00:01 AM   5040572  10633484     67.84    339800   8458812   2221236      9.42
09:10:01 AM   5037092  10636964     67.86    339804   8459448   2225456      9.44
09:20:01 AM   5035788  10638268     67.87    339824   8459460   2229340      9.45
09:30:01 AM   5027448  10646608     67.93    340152   8462284   2239440      9.50
09:40:01 AM   4918800  10755256     68.62    338888   8457248   2559740     10.86
09:50:01 AM   4887420  10786636     68.82    339032   8457792   2499680     10.60
10:00:01 AM   4910352  10763704     68.67    339120   8457980   2467544     10.46
10:10:01 AM   4919420  10754636     68.61    339184   8458424   2454792     10.41
10:20:01 AM   4934160  10739896     68.52    339264   8458680   2590576     10.99
10:30:01 AM   4937632  10736424     68.50    339292   8458692   2545464     10.80
10:40:01 AM   4871184  10802872     68.92    339364   8458764   2501664     10.61
10:50:02 AM   4839364  10834692     69.13    339444   8458832   2490384     10.56
11:00:01 AM   4855304  10818752     69.02    339452   8458844   2472276     10.48
11:10:01 AM   4868704  10805352     68.94    339460   8458852   2458992     10.43
11:20:01 AM   4883220  10790836     68.85    339468   8458860   2444500     10.37
11:30:01 AM   4914592  10759464     68.65    339484   8458880   2413108     10.23
11:40:01 AM   4927844  10746212     68.56    339512   8458920   2397208     10.17
11:50:01 AM   4945816  10728240     68.45    339524   8458952   2379404     10.09
12:00:01 PM   4979204  10694852     68.23    339532   8458956   2346460      9.95
12:10:01 PM   4997960  10676096     68.11    339564   8458992   2320480      9.84
12:20:01 PM   5031192  10642864     67.90    339568   8458992   2287900      9.70
12:30:01 PM   5046816  10627240     67.80    339568   8458996   2272984      9.64
12:40:01 PM   5062084  10611972     67.70    339568   8459004   2258108      9.58
12:50:01 PM   5089356  10584700     67.53    339572   8459012   2231496      9.46
01:00:01 PM   5092588  10581468     67.51    339576   8459020   2228008      9.45
01:10:01 PM   5092720  10581336     67.51    339580   8459032   2228056      9.45
01:20:02 PM   5092588  10581468     67.51    339592   8459048   2228056      9.45
01:30:01 PM   5093076  10580980     67.51    339592   8459056   2228052      9.45
01:40:01 PM   5092952  10581104     67.51    339596   8459056   2228052      9.45
01:50:01 PM   5093324  10580732     67.50    339604   8459068   2228700      9.45
02:00:01 PM   5092960  10581096     67.51    339608   8459076   2227752      9.45
02:10:01 PM   5092960  10581096     67.51    339612   8459080   2226604      9.44
02:20:01 PM   5092596  10581460     67.51    339612   8459088   2226764      9.44
02:30:01 PM   5092588  10581468     67.51    339612   8459100   2226764      9.44
02:40:01 PM   5092712  10581344     67.51    339612   8459108   2226764      9.44
02:50:01 PM   5092828  10581228     67.51    339616   8459112   2227624      9.45
03:00:01 PM   5092216  10581840     67.51    339656   8459460   2226944      9.44
03:10:01 PM   5091348  10582708     67.52    339660   8459464   2227064      9.44
03:20:01 PM   5091100  10582956     67.52    339664   8459472   2227064      9.44
03:30:02 PM   5091472  10582584     67.52    339668   8459480   2227064      9.44
03:40:01 PM   5091216  10582840     67.52    339676   8459484   2227064      9.44
03:50:01 PM   5090580  10583476     67.52    339704   8459492   2227984      9.45
04:00:01 PM   5091092  10582964     67.52    339712   8459504   2227168      9.45
04:10:01 PM   5091216  10582840     67.52    339716   8459508   2227192      9.45
04:20:01 PM   5091340  10582716     67.52    339728   8459512   2227192      9.45
04:30:01 PM   5090976  10583080     67.52    339756   8459540   2227192      9.45
04:40:01 PM   5091224  10582832     67.52    339768   8459548   2227088      9.45
04:50:01 PM   5089604  10584452     67.53    339812   8459604   2228324      9.45
05:00:01 PM   5090000  10584056     67.53    339812   8459612   2227400      9.45
05:10:01 PM   5089380  10584676     67.53    339812   8459620   2227692      9.45
05:20:01 PM   5089388  10584668     67.53    339816   8459616   2227592      9.45
05:30:01 PM   5089636  10584420     67.53    339820   8459632   2228380      9.45
05:40:01 PM   5089140  10584916     67.53    339820   8459640   2228380      9.45
05:50:01 PM   5089132  10584924     67.53    339832   8459644   2229164      9.45
06:00:01 PM   5090760  10583296     67.52    339840   8459656   2224220      9.43
06:10:01 PM   5090760  10583296     67.52    339844   8459660   2224148      9.43
06:20:01 PM   5090752  10583304     67.52    339852   8459668   2224148      9.43
06:30:01 PM   5090512  10583544     67.52    339852   8459676   2224148      9.43
06:40:01 PM   5090760  10583296     67.52    339852   8459680   2224428      9.43
06:50:01 PM   5090752  10583304     67.52    339856   8459688   2225108      9.44
07:00:01 PM   5091512  10582544     67.52    339856   8459692   2224276      9.43
07:10:01 PM   5091272  10582784     67.52    339856   8459704   2223024      9.43
07:20:01 PM   5091148  10582908     67.52    339864   8459712   2223120      9.43
07:30:01 PM   5091024  10583032     67.52    339864   8459720   2223120      9.43
07:40:01 PM   5091396  10582660     67.52    339864   8459724   2223120      9.43
07:50:01 PM   5090272  10583784     67.52    339864   8459732   2224064      9.43
08:00:01 PM   5090900  10583156     67.52    339868   8459736   2223308      9.43
08:10:01 PM   5090528  10583528     67.52    339872   8459744   2223352      9.43
08:20:01 PM   5090528  10583528     67.52    339872   8459752   2223592      9.43
08:30:01 PM   5090272  10583784     67.52    339884   8459756   2223592      9.43
08:40:01 PM   5090892  10583164     67.52    339892   8459764   2223592      9.43
08:50:01 PM   5090140  10583916     67.53    339892   8459776   2224372      9.43
09:00:01 PM   5090644  10583412     67.52    339900   8459780   2223456      9.43
09:10:01 PM   5089776  10584280     67.53    339900   8459788   2223696      9.43
09:20:01 PM   5089776  10584280     67.53    339900   8459796   2223696      9.43
09:30:01 PM   5090264  10583792     67.52    339908   8459800   2223692      9.43
09:40:01 PM   5090280  10583776     67.52    339908   8459804   2223696      9.43
09:50:01 PM   5090644  10583412     67.52    339908   8459816   2224424      9.43
10:00:01 PM   5090660  10583396     67.52    339908   8459820   2223508      9.43
10:10:01 PM   5090652  10583404     67.52    339908   8459828   2223688      9.43
10:20:01 PM   5090156  10583900     67.52    339908   8459848   2223788      9.43
10:30:01 PM   5090156  10583900     67.52    339908   8459852   2223656      9.43
10:40:01 PM   5090280  10583776     67.52    339912   8459856   2223816      9.43
10:50:01 PM   5090272  10583784     67.52    339912   8459868   2224544      9.43
11:00:01 PM   5090900  10583156     67.52    339916   8459872   2223628      9.43
11:10:01 PM   5090272  10583784     67.52    339916   8459880   2223716      9.43
11:20:01 PM   5090272  10583784     67.52    339916   8459888   2223716      9.43
11:30:01 PM   5090520  10583536     67.52    339916   8459892   2223716      9.43
11:40:01 PM   5090892  10583164     67.52    339916   8459900   2223716      9.43
11:50:01 PM   5090140  10583916     67.53    339916   8459904   2224596      9.43
Average:      5051073  10622983     67.77    339911   8459346   2251299      9.55
