Linux 2.6.32-431.el6.i686 (bogon) 	06/07/2019 	_i686_	(24 CPU)

12:00:01 AM kbmemfree kbmemused  %memused kbbuffers  kbcached  kbcommit   %commit
12:10:01 AM   5089164  10584892     67.53    339924   8460620   2223656      9.43
12:20:01 AM   5089040  10585016     67.53    339924   8460628   2223656      9.43
12:30:01 AM   5089412  10584644     67.53    339924   8460636   2223656      9.43
12:40:01 AM   5088916  10585140     67.53    339924   8460640   2223656      9.43
12:50:01 AM   5088536  10585520     67.54    339924   8460652   2224596      9.43
01:00:01 AM   5088784  10585272     67.53    339924   8460660   2223680      9.43
01:10:01 AM   5089156  10584900     67.53    339924   8460664   2223808      9.43
01:20:01 AM   5087676  10586380     67.54    339932   8460672   2223812      9.43
01:30:01 AM   5087668  10586388     67.54    339936   8460680   2223812      9.43
01:40:01 AM   5087792  10586264     67.54    339940   8460684   2223812      9.43
01:50:01 AM   5087668  10586388     67.54    339944   8460688   2224464      9.43
02:00:01 AM   5088172  10585884     67.54    339944   8460700   2223548      9.43
02:10:01 AM   5087676  10586380     67.54    339944   8460704   2223860      9.43
02:20:01 AM   5087768  10586288     67.54    339944   8460716   2223860      9.43
02:30:01 AM   5087900  10586156     67.54    339944   8460728   2223860      9.43
02:40:01 AM   5087644  10586412     67.54    339944   8460732   2223860      9.43
02:50:01 AM   5087296  10586760     67.54    339948   8460736   2224792      9.44
03:00:01 AM   5088172  10585884     67.54    339952   8460748   2223748      9.43
03:10:01 AM   5087660  10586396     67.54    339952   8460752   2224132      9.43
03:20:01 AM   5087660  10586396     67.54    339956   8460760   2224128      9.43
03:30:01 AM   5087412  10586644     67.54    339956   8460768   2224860      9.44
03:40:01 AM   5051840  10622216     67.77    331960   8493232   2224548      9.43
03:50:01 AM   5050840  10623216     67.78    331960   8493240   2225988      9.44
04:00:01 AM   5051716  10622340     67.77    331960   8493248   2224860      9.44
04:10:01 AM   5050848  10623208     67.78    331960   8493256   2224860      9.44
04:20:01 AM   5050848  10623208     67.78    331960   8493264   2224860      9.44
04:30:01 AM   5050476  10623580     67.78    331964   8493268   2224860      9.44
04:40:01 AM   5050724  10623332     67.78    331964   8493276   2224860      9.44
04:50:01 AM   5049476  10624580     67.78    331968   8493284   2225916      9.44
05:00:01 AM   5050228  10623828     67.78    331968   8493288   2224868      9.44
05:10:01 AM   5050228  10623828     67.78    331968   8493296   2223808      9.43
05:20:01 AM   5049484  10624572     67.78    331968   8493304   2223808      9.43
05:30:01 AM   5049856  10624200     67.78    331968   8493308   2223808      9.43
05:40:01 AM   5049608  10624448     67.78    331968   8493316   2223808      9.43
05:50:01 AM   5049476  10624580     67.78    331968   8493324   2224640      9.43
06:00:01 AM   5050352  10623704     67.78    331968   8493328   2223588      9.43
06:10:01 AM   5049732  10624324     67.78    331976   8493336   2223864      9.43
06:20:01 AM   5049600  10624456     67.78    331976   8493344   2223864      9.43
06:30:01 AM   5050592  10623464     67.78    331988   8493348   2223968      9.43
06:40:01 AM   5049972  10624084     67.78    331988   8493352   2223964      9.43
06:50:01 AM   5048972  10625084     67.79    331992   8493364   2224764      9.44
07:00:01 AM   5049484  10624572     67.78    331996   8493368   2227096      9.45
07:10:01 AM   5049484  10624572     67.78    332024   8493380   2223872      9.43
07:20:01 AM   5049484  10624572     67.78    332028   8493388   2223872      9.43
07:30:01 AM   5049484  10624572     67.78    332032   8493392   2223872      9.43
07:40:01 AM   5050104  10623952     67.78    332036   8493400   2223872      9.43
07:50:01 AM   5048112  10625944     67.79    332040   8493408   2226420      9.44
08:00:01 AM   5050476  10623580     67.78    332048   8493416   2223892      9.43
08:10:01 AM   5049732  10624324     67.78    332048   8493428   2223820      9.43
08:20:02 AM   5049856  10624200     67.78    332052   8493432   2223820      9.43
08:30:01 AM   5050468  10623588     67.78    332056   8493436   2223660      9.43
08:40:01 AM   5049848  10624208     67.78    332060   8493448   2223660      9.43
08:50:01 AM   5049592  10624464     67.78    332060   8493452   2224496      9.43
09:00:01 AM   5049476  10624580     67.78    332060   8493456   2223716      9.43
09:10:01 AM   5049104  10624952     67.79    332064   8493468   2223812      9.43
09:20:01 AM   5048616  10625440     67.79    332080   8493472   2223812      9.43
09:30:01 AM   5048740  10625316     67.79    332088   8493476   2223812      9.43
09:40:01 AM   5048864  10625192     67.79    332092   8493484   2223812      9.43
09:50:01 AM   5049228  10624828     67.79    332096   8493496   2224640      9.43
10:00:01 AM   5049608  10624448     67.78    332096   8493500   2223724      9.43
10:10:01 AM   5048996  10625060     67.79    332104   8493508   2223908      9.43
10:20:01 AM   5048848  10625208     67.79    332104   8493540   2224008      9.43
10:30:01 AM   5049220  10624836     67.79    332108   8493544   2224008      9.43
10:40:01 AM   5048848  10625208     67.79    332124   8493552   2224008      9.43
10:50:01 AM   5049592  10624464     67.78    332128   8493556   2224736      9.44
11:00:01 AM   5049228  10624828     67.79    332128   8493564   2223924      9.43
11:10:01 AM   5049104  10624952     67.79    332132   8493572   2223904      9.43
11:20:01 AM   5048856  10625200     67.79    332132   8493576   2223904      9.43
11:30:01 AM   5049228  10624828     67.79    332132   8493584   2223904      9.43
11:40:01 AM   5049352  10624704     67.79    332132   8493592   2223904      9.43
11:50:01 AM   5048980  10625076     67.79    332132   8493596   2224876      9.44
12:00:01 PM   5049608  10624448     67.78    332136   8493604   2223912      9.43
12:10:01 PM   5049484  10624572     67.78    332144   8493612   2223904      9.43
12:20:01 PM   5049360  10624696     67.79    332144   8493616   2223904      9.43
12:30:01 PM   5049608  10624448     67.78    332144   8493624   2223904      9.43
12:40:01 PM   5049608  10624448     67.78    332144   8493632   2223904      9.43
12:50:01 PM   5049228  10624828     67.79    332144   8493636   2224632      9.43
01:00:01 PM   5049236  10624820     67.79    332148   8493644   2223824      9.43
01:10:01 PM   5048616  10625440     67.79    332152   8493652   2223900      9.43
01:20:02 PM   5049236  10624820     67.79    332156   8493656   2224000      9.43
01:30:01 PM   5049484  10624572     67.78    332156   8493664   2223840      9.43
01:40:01 PM   5048980  10625076     67.79    332156   8493672   2223840      9.43
01:50:01 PM   5049228  10624828     67.79    332156   8493676   2224676      9.43
02:00:01 PM   5049104  10624952     67.79    332156   8493684   2223764      9.43
02:10:01 PM   5048964  10625092     67.79    332156   8493692   2223696      9.43
02:20:01 PM   5049600  10624456     67.78    332160   8493696   2223796      9.43
02:30:01 PM   5050096  10623960     67.78    332160   8493704   2223796      9.43
02:40:01 PM   5049476  10624580     67.78    332160   8493712   2223800      9.43
02:50:01 PM   5049344  10624712     67.79    332160   8493716   2224580      9.43
03:00:01 PM   5049352  10624704     67.79    332160   8493724   2223800      9.43
03:10:01 PM   5049228  10624828     67.79    332168   8493732   2223732      9.43
03:20:01 PM   5046500  10627556     67.80    332176   8495456   2223892      9.43
03:30:01 PM   5046376  10627680     67.80    332180   8495464   2223892      9.43
03:40:01 PM   5046500  10627556     67.80    332184   8495468   2223892      9.43
03:50:01 PM   5047484  10626572     67.80    332184   8495476   2224728      9.44
04:00:01 PM   5047368  10626688     67.80    332188   8495488   2223896      9.43
04:10:01 PM   5047616  10626440     67.80    332196   8495492   2223792      9.43
04:20:01 PM   5047120  10626936     67.80    332196   8495500   2223792      9.43
04:30:01 PM   5047492  10626564     67.80    332196   8495508   2223796      9.43
04:40:01 PM   5047988  10626068     67.79    332196   8495512   2223796      9.43
04:50:01 PM   5047376  10626680     67.80    332212   8495520   2224724      9.44
05:00:01 PM   5048112  10625944     67.79    332212   8495528   2223808      9.43
05:10:01 PM   5047988  10626068     67.79    332220   8495532   2223872      9.43
05:20:01 PM   5047616  10626440     67.80    332228   8495540   2223872      9.43
05:30:01 PM   5047864  10626192     67.79    332228   8495548   2223872      9.43
05:40:01 PM   5047988  10626068     67.79    332228   8495552   2223872      9.43
05:50:01 PM   5047856  10626200     67.79    332232   8495556   2224604      9.43
06:00:01 PM   5048236  10625820     67.79    332236   8495568   2223792      9.43
06:10:01 PM   5048236  10625820     67.79    332236   8495572   2223880      9.43
06:20:01 PM   5047980  10626076     67.79    332244   8495584   2223876      9.43
06:30:01 PM   5048360  10625696     67.79    332244   8495592   2223716      9.43
06:40:01 PM   5048360  10625696     67.79    332244   8495596   2223712      9.43
06:50:01 PM   5048476  10625580     67.79    332256   8495604   2224548      9.43
07:00:01 PM   5049228  10624828     67.79    332268   8495612   2223912      9.43
07:10:01 PM   5048236  10625820     67.79    332268   8495616   2223872      9.43
07:20:01 PM   5048236  10625820     67.79    332272   8495624   2223872      9.43
07:30:01 PM   5048484  10625572     67.79    332272   8495632   2223868      9.43
07:40:01 PM   5048732  10625324     67.79    332272   8495636   2223864      9.43
07:50:01 PM   5048352  10625704     67.79    332276   8495644   2224596      9.43
08:00:01 PM   5048608  10625448     67.79    332280   8495648   2223784      9.43
08:10:01 PM   5048988  10625068     67.79    332284   8495656   2223700      9.43
08:20:01 PM   5048732  10625324     67.79    332292   8495664   2223704      9.43
08:30:01 PM   5048732  10625324     67.79    332292   8495668   2223700      9.43
08:40:01 PM   5048732  10625324     67.79    332304   8495676   2223700      9.43
08:50:01 PM   5048104  10625952     67.79    332308   8495684   2224776      9.44
09:00:01 PM   5049104  10624952     67.79    332312   8495688   2223960      9.43
09:10:01 PM   5048236  10625820     67.79    332312   8495696   2223964      9.43
09:20:01 PM   5048112  10625944     67.79    332312   8495704   2223964      9.43
09:30:01 PM   5048112  10625944     67.79    332312   8495708   2223964      9.43
09:40:01 PM   5048360  10625696     67.79    332312   8495716   2223964      9.43
09:50:01 PM   5048104  10625952     67.79    332316   8495724   2224692      9.43
10:00:01 PM   5048112  10625944     67.79    332320   8495732   2223728      9.43
10:10:01 PM   5049104  10624952     67.79    332320   8495740   2223764      9.43
10:20:01 PM   5048484  10625572     67.79    332320   8495748   2223768      9.43
10:30:01 PM   5049104  10624952     67.79    332324   8495752   2223756      9.43
10:40:01 PM   5048856  10625200     67.79    332328   8495756   2223756      9.43
10:50:01 PM   5047732  10626324     67.80    332332   8495768   2224488      9.43
11:00:01 PM   5048360  10625696     67.79    332336   8495772   2223524      9.43
11:10:01 PM   5048732  10625324     67.79    332336   8495780   2223652      9.43
11:20:01 PM   5048360  10625696     67.79    332340   8495788   2223648      9.43
11:30:01 PM   5048856  10625200     67.79    332348   8495792   2223492      9.43
11:40:01 PM   5048732  10625324     67.79    332356   8495800   2223772      9.43
11:50:01 PM   5048600  10625456     67.79    332364   8495808   2224456      9.43
Average:      5054741  10619315     67.75    333298   8489449   2224070      9.43
