Linux 2.6.32-431.el6.i686 (bogon) 	06/14/2019 	_i686_	(24 CPU)

09:50:09 AM kbmemfree kbmemused  %memused kbbuffers  kbcached  kbcommit   %commit
10:00:01 AM   6133872   9540184     60.87    325640   7256816   2434552     10.32
10:10:01 AM   6148992   9525064     60.77    325644   7256824   2418700     10.26
10:20:01 AM   5960148   9713908     61.97    321300   7473948   2383432     10.11
10:30:01 AM   5884120   9789936     62.46    321456   7474172   2626464     11.14
10:40:01 AM   5827220   9846836     62.82    321528   7474208   2592860     11.00
10:50:01 AM   5825948   9848108     62.83    321572   7474560   2577336     10.93
11:00:01 AM   5865272   9808784     62.58    321652   7474648   2521040     10.69
02:50:37 AM   5927344   9746712     62.18    320748   7456488   2623664     11.13
12:00:01 AM   6065828   9608228     61.30    321776   7459532   2224576      9.43
12:10:01 AM   6065820   9608236     61.30    321776   7459544   2224800      9.44
12:20:01 AM   6056644   9617412     61.36    321776   7459548   2224800      9.44
12:30:01 AM   6056396   9617660     61.36    321776   7459560   2224768      9.44
12:40:01 AM   6055652   9618404     61.37    321776   7459564   2224768      9.44
12:50:01 AM   6055404   9618652     61.37    321776   7459568   2224768      9.44
01:00:01 AM   6055528   9618528     61.37    321776   7459576   2224452      9.43
01:10:01 AM   6054544   9619512     61.37    321776   7459588   2224564      9.43
01:20:01 AM   6054420   9619636     61.37    321776   7459592   2224844      9.44
01:30:01 AM   6054420   9619636     61.37    321776   7459600   2224664      9.43
01:40:01 AM   6053304   9620752     61.38    321776   7459608   2224664      9.43
01:50:01 AM   6040036   9634020     61.46    321776   7459616   2224664      9.43
02:00:01 AM   6038796   9635260     61.47    321776   7459620   2224560      9.43
02:10:01 AM   6037680   9636376     61.48    321776   7459628   2224520      9.43
02:20:01 AM   6037680   9636376     61.48    321776   7459636   2224620      9.43
02:30:01 AM   6037680   9636376     61.48    321776   7459640   2224620      9.43
02:40:01 AM   6037192   9636864     61.48    321776   7459644   2224620      9.43
02:50:01 AM   6037564   9636492     61.48    321776   7459656   2224620      9.43
03:00:01 AM   6036704   9637352     61.49    321776   7459660   2224516      9.43
03:10:01 AM   6035820   9638236     61.49    321776   7459664   2225456      9.44
03:20:01 AM   6036316   9637740     61.49    321776   7459676   2225456      9.44
03:30:01 AM   6035820   9638236     61.49    321780   7459680   2225456      9.44
03:40:01 AM   6034960   9639096     61.50    321780   7459684   2225028      9.44
03:50:01 AM   6036076   9637980     61.49    321780   7459692   2225028      9.44
04:00:01 AM   6034720   9639336     61.50    321780   7459700   2224792      9.44
04:10:01 AM   6034596   9639460     61.50    321780   7459704   2224928      9.44
04:20:01 AM   6034596   9639460     61.50    321780   7459716   2224924      9.44
04:30:01 AM   6034596   9639460     61.50    321780   7459724   2224924      9.44
04:40:01 AM   6034720   9639336     61.50    321780   7459728   2224924      9.44
04:50:01 AM   6034844   9639212     61.50    321780   7459736   2224924      9.44
05:00:01 AM   6034720   9639336     61.50    321780   7459740   2224816      9.44
05:10:01 AM   6034844   9639212     61.50    321780   7459748   2224828      9.44
05:20:01 AM   6034596   9639460     61.50    321780   7459756   2224924      9.44
05:30:01 AM   6034348   9639708     61.50    321780   7459760   2224924      9.44
05:40:01 AM   6034216   9639840     61.50    321780   7459768   2224924      9.44
05:50:01 AM   6034588   9639468     61.50    321780   7459776   2224924      9.44
06:00:01 AM   6034960   9639096     61.50    321780   7459780   2224736      9.44
06:10:01 AM   6034588   9639468     61.50    321780   7459788   2224824      9.44
06:20:01 AM   6034836   9639220     61.50    321780   7459796   2224824      9.44
06:30:01 AM   6034712   9639344     61.50    321780   7459800   2224824      9.44
06:40:01 AM   6034712   9639344     61.50    321780   7459808   2224920      9.44
06:50:01 AM   6034472   9639584     61.50    321780   7459816   2224920      9.44
07:00:01 AM   6034472   9639584     61.50    321780   7459820   2226756      9.44
07:10:01 AM   6033984   9640072     61.50    321804   7459844   2223360      9.43
07:20:01 AM   6034108   9639948     61.50    321804   7459848   2223516      9.43
07:30:01 AM   6033860   9640196     61.50    321804   7459852   2223516      9.43
07:40:01 AM   6034108   9639948     61.50    321804   7459864   2223516      9.43
07:50:01 AM   6033728   9640328     61.50    321804   7459868   2223516      9.43
08:00:01 AM   6034720   9639336     61.50    321808   7459872   2223404      9.43
08:10:01 AM   6033860   9640196     61.50    321808   7459884   2223600      9.43
08:20:02 AM   6033736   9640320     61.50    321808   7459888   2223600      9.43
08:30:01 AM   6033596   9640460     61.51    321808   7459892   2226520      9.44
08:40:01 AM   6033232   9640824     61.51    321812   7459904   2223544      9.43
08:50:01 AM   6033728   9640328     61.50    321820   7459912   2223704      9.43
09:00:01 AM   6033092   9640964     61.51    321836   7459940   2223464      9.43
09:10:01 AM   6026992   9647064     61.55    321848   7461104   2236908      9.49
09:20:01 AM   6023008   9651048     61.57    321852   7461488   2239768      9.50
09:30:01 AM   6019396   9654660     61.60    321856   7462324   2239420      9.50
09:40:01 AM   6020768   9653288     61.59    321868   7462344   2238220      9.49
09:50:01 AM   6020948   9653108     61.59    321868   7462352   2238352      9.49
10:00:01 AM   5908256   9765800     62.31    321924   7461856   2581176     10.95
10:10:01 AM   5899040   9775016     62.36    321924   7461868   2565500     10.88
10:20:01 AM   5746016   9928040     63.34    321924   7461876   2575464     10.92
10:30:01 AM   5743924   9930132     63.35    321924   7461892   2573664     10.91
10:40:01 AM   5765476   9908580     63.22    321940   7462928   2540368     10.77
10:50:01 AM   5783588   9890468     63.10    321940   7462932   2522348     10.70
11:00:01 AM   5792732   9881324     63.04    322580   7463440   2510688     10.65
11:10:01 AM   5809868   9864188     62.93    322580   7463552   2492132     10.57
11:20:01 AM   5825988   9848068     62.83    322580   7463560   2476152     10.50
11:30:01 AM   5842736   9831320     62.72    322580   7463568   2459488     10.43
11:40:01 AM   5844348   9829708     62.71    322580   7463572   2441820     10.36
11:50:01 AM   5861584   9812472     62.60    322580   7463576   2424380     10.28
12:00:01 PM   5877704   9796352     62.50    322580   7463588   2406900     10.21
12:10:01 PM   5893700   9780356     62.40    322580   7463592   2390780     10.14
12:20:01 PM   5908836   9765220     62.30    322580   7463596   2375640     10.08
12:30:01 PM   5935620   9738436     62.13    322580   7463608   2348696      9.96
12:40:01 PM   5947020   9727036     62.06    322580   7463612   2336900      9.91
12:50:02 PM   5958180   9715876     61.99    322580   7463616   2325888      9.86
01:00:01 PM   5967960   9706096     61.92    322580   7463624   2316004      9.82
01:10:01 PM   5983716   9690340     61.82    322580   7463632   2297660      9.74
01:20:01 PM   5992288   9681768     61.77    322580   7463636   2289196      9.71
01:30:01 PM   6000820   9673236     61.71    322580   7463644   2280432      9.67
01:40:01 PM   6016220   9657836     61.62    322580   7463652   2265404      9.61
01:50:01 PM   6023040   9651016     61.57    322580   7463656   2257984      9.58
02:00:01 PM   6036556   9637500     61.49    322580   7463664   2243768      9.52
02:10:01 PM   6042020   9632036     61.45    322580   7463672   2238104      9.49
02:20:01 PM   6041896   9632160     61.45    322580   7463692   2238100      9.49
02:30:01 PM   5931660   9742396     62.16    322652   7463880   2589488     10.98
02:40:01 PM   5886352   9787704     62.45    322660   7463912   2540684     10.78
02:50:01 PM   5886352   9787704     62.45    322660   7463920   2540848     10.78
03:00:01 PM   5861292   9812764     62.61    322660   7463936   2523908     10.70
03:10:01 PM   5786936   9887120     63.08    322660   7463940   2507416     10.63
03:20:01 PM   5803180   9870876     62.98    322660   7463952   2490524     10.56
03:30:01 PM   5820416   9853640     62.87    322660   7463964   2472828     10.49
03:40:01 PM   5840380   9833676     62.74    322660   7463968   2452572     10.40
03:50:01 PM   5877200   9796856     62.50    322660   7463972   2416400     10.25
04:00:01 PM   5894560   9779496     62.39    322660   7463984   2398068     10.17
04:10:01 PM   5910092   9763964     62.29    322676   7463988   2376428     10.08
04:20:01 PM   5931288   9742768     62.16    322708   7464012   2351560      9.97
04:30:01 PM   5942704   9731352     62.09    322708   7464024   2339064      9.92
04:40:01 PM   5956220   9717836     62.00    322708   7464028   2325764      9.86
04:50:01 PM   5981144   9692912     61.84    322708   7464036   2300908      9.76
05:00:01 PM   5991196   9682860     61.78    322708   7464044   2290264      9.71
05:10:01 PM   5999876   9674180     61.72    322708   7464048   2281076      9.67
05:20:01 PM   6018352   9655704     61.60    322708   7464056   2263136      9.60
05:30:01 PM   6026660   9647396     61.55    322708   7464064   2254524      9.56
05:40:01 PM   6039680   9634376     61.47    322708   7464072   2239896      9.50
05:50:01 PM   6042160   9631896     61.45    322708   7464080   2237316      9.49
06:00:01 PM   6042780   9631276     61.45    322708   7464088   2237416      9.49
06:10:01 PM   6042036   9632020     61.45    322708   7464092   2237324      9.49
06:20:01 PM   6041788   9632268     61.45    322708   7464100   2237420      9.49
06:30:01 PM   6041532   9632524     61.46    322708   7464112   2237452      9.49
06:40:01 PM   6043432   9630624     61.44    322708   7464100   2228360      9.45
06:50:01 PM   6043300   9630756     61.44    322708   7464108   2228360      9.45
07:00:01 PM   6044688   9629368     61.44    322708   7464108   2222728      9.43
07:10:01 PM   6044812   9629244     61.43    322708   7464116   2222428      9.43
07:20:01 PM   6044812   9629244     61.43    322708   7464124   2222528      9.43
07:30:01 PM   6044440   9629616     61.44    322708   7464128   2222528      9.43
07:40:01 PM   6044812   9629244     61.43    322708   7464136   2222560      9.43
07:50:01 PM   6044820   9629236     61.43    322708   7464144   2222560      9.43
08:00:01 PM   6044820   9629236     61.43    322708   7464148   2222388      9.43
08:10:01 PM   6044944   9629112     61.43    322708   7464156   2222520      9.43
08:20:01 PM   6044696   9629360     61.44    322708   7464164   2222520      9.43
08:30:01 PM   6044944   9629112     61.43    322708   7464168   2222520      9.43
08:40:01 PM   6042340   9631716     61.45    322708   7464176   2222520      9.43
08:50:01 PM   6042588   9631468     61.45    322708   7464184   2222620      9.43
09:00:01 PM   6042216   9631840     61.45    322708   7464188   2222748      9.43
09:10:01 PM   6041844   9632212     61.45    322708   7464196   2222648      9.43
09:20:01 PM   6042092   9631964     61.45    322712   7464208   2222928      9.43
09:30:01 PM   6041464   9632592     61.46    322712   7464212   2222744      9.43
09:40:01 PM   6041836   9632220     61.45    322712   7464220   2222744      9.43
09:50:01 PM   6041836   9632220     61.45    322712   7464228   2222744      9.43
10:00:01 PM   6041960   9632096     61.45    322712   7464232   2222552      9.43
10:10:01 PM   6041712   9632344     61.45    322712   7464240   2222408      9.43
10:20:01 PM   6041960   9632096     61.45    322712   7464248   2222688      9.43
10:30:01 PM   6041836   9632220     61.45    322712   7464252   2222508      9.43
10:40:01 PM   6041348   9632708     61.46    322712   7464260   2222508      9.43
10:50:01 PM   6041596   9632460     61.45    322712   7464264   2222508      9.43
11:00:01 PM   6041596   9632460     61.45    322712   7464272   2222420      9.43
11:10:01 PM   6040728   9633328     61.46    322712   7464280   2222512      9.43
11:20:01 PM   6040852   9633204     61.46    322712   7464284   2222508      9.43
11:30:01 PM   6040976   9633080     61.46    322712   7464292   2222508      9.43
11:40:01 PM   6040852   9633204     61.46    322712   7464300   2222508      9.43
11:50:01 PM   6041348   9632708     61.46    322712   7464304   2222508      9.43
Average:      5995202   9678854     61.75    322281   7459868   2294580      9.73
