Linux 2.6.32-431.el6.i686 (bogon) 	06/08/2019 	_i686_	(24 CPU)

12:00:01 AM kbmemfree kbmemused  %memused kbbuffers  kbcached  kbcommit   %commit
12:10:01 AM   5047616  10626440     67.80    332388   8496512   2223648      9.43
12:20:01 AM   5048112  10625944     67.79    332392   8496520   2223744      9.43
12:30:01 AM   5048236  10625820     67.79    332396   8496528   2223748      9.43
12:40:01 AM   5048236  10625820     67.79    332404   8496532   2223748      9.43
12:50:01 AM   5047484  10626572     67.80    332408   8496540   2224576      9.43
01:00:01 AM   5048360  10625696     67.79    332412   8496548   2223740      9.43
01:10:01 AM   5048112  10625944     67.79    332412   8496552   2223540      9.43
01:20:01 AM   5047864  10626192     67.79    332412   8496560   2223820      9.43
01:30:01 AM   5048112  10625944     67.79    332412   8496568   2223816      9.43
01:40:01 AM   5048236  10625820     67.79    332412   8496572   2223820      9.43
01:50:01 AM   5048228  10625828     67.79    332412   8496580   2224544      9.43
02:00:01 AM   5048484  10625572     67.79    332412   8496588   2223628      9.43
02:10:01 AM   5048608  10625448     67.79    332412   8496592   2224008      9.43
02:20:01 AM   5047948  10626108     67.79    332412   8496600   2224112      9.43
02:30:01 AM   5047824  10626232     67.80    332412   8496608   2224108      9.43
02:40:01 AM   5048196  10625860     67.79    332412   8496612   2224108      9.43
02:50:01 AM   5048352  10625704     67.79    332420   8496616   2224836      9.44
03:00:01 AM   5048980  10625076     67.79    332420   8496632   2224004      9.43
03:10:01 AM   5048476  10625580     67.79    332420   8496636   2224556      9.43
03:20:01 AM   5046624  10627432     67.80    330896   8496148   2224056      9.43
03:30:01 AM   5046624  10627432     67.80    330900   8496156   2224056      9.43
03:40:01 AM   5046872  10627184     67.80    330900   8496160   2224056      9.43
03:50:01 AM   5046740  10627316     67.80    330904   8496168   2224680      9.43
04:00:01 AM   5047120  10626936     67.80    330908   8496172   2223848      9.43
04:10:01 AM   5046996  10627060     67.80    330908   8496180   2223948      9.43
04:20:01 AM   5046376  10627680     67.80    330908   8496188   2223948      9.43
04:30:01 AM   5047492  10626564     67.80    330908   8496196   2223788      9.43
04:40:01 AM   5047492  10626564     67.80    330912   8496200   2223788      9.43
04:50:01 AM   5046740  10627316     67.80    330916   8496208   2224756      9.44
05:00:01 AM   5046872  10627184     67.80    330916   8496212   2224040      9.43
05:10:01 AM   5046500  10627556     67.80    330924   8496220   2223944      9.43
05:20:01 AM   5046624  10627432     67.80    330924   8496228   2223944      9.43
05:30:01 AM   5046252  10627804     67.81    330924   8496232   2223944      9.43
05:40:01 AM   5046748  10627308     67.80    330924   8496240   2223944      9.43
05:50:01 AM   5046244  10627812     67.81    330924   8496248   2224772      9.44
06:00:01 AM   5046872  10627184     67.80    330924   8496252   2223856      9.43
06:10:01 AM   5047244  10626812     67.80    330924   8496260   2223880      9.43
06:20:01 AM   5046996  10627060     67.80    330924   8496268   2223880      9.43
06:30:01 AM   5046996  10627060     67.80    330928   8496272   2223880      9.43
06:40:01 AM   5046748  10627308     67.80    330928   8496284   2223880      9.43
06:50:01 AM   5046864  10627192     67.80    330928   8496292   2224720      9.44
07:00:01 AM   5046492  10627564     67.80    330928   8496296   2227416      9.45
07:10:01 AM   5046012  10628044     67.81    330952   8496308   2223976      9.43
07:20:01 AM   5046128  10627928     67.81    330952   8496316   2223972      9.43
07:30:01 AM   5046128  10627928     67.81    330952   8496320   2223972      9.43
07:40:01 AM   5045508  10628548     67.81    330952   8496328   2223972      9.43
07:50:01 AM   5046500  10627556     67.80    330952   8496336   2224700      9.43
08:00:01 AM   5047012  10627044     67.80    330952   8496340   2223884      9.43
08:10:01 AM   5046632  10627424     67.80    330952   8496352   2223868      9.43
08:20:01 AM   5046252  10627804     67.81    330956   8496356   2223868      9.43
08:30:02 AM   5046260  10627796     67.81    330956   8496360   2223868      9.43
08:40:01 AM   5046872  10627184     67.80    330956   8496368   2223868      9.43
08:50:01 AM   5046616  10627440     67.80    330956   8496372   2224932      9.44
09:00:01 AM   5047244  10626812     67.80    330956   8496376   2224012      9.43
09:10:01 AM   5046996  10627060     67.80    330956   8496388   2224020      9.43
09:20:01 AM   5046632  10627424     67.80    330956   8496392   2224020      9.43
09:30:01 AM   5047004  10627052     67.80    330960   8496396   2223860      9.43
09:40:01 AM   5047012  10627044     67.80    330960   8496408   2223860      9.43
09:50:01 AM   5045392  10628664     67.81    330964   8496416   2226308      9.44
10:00:01 AM   5048244  10625812     67.79    330968   8496420   2223796      9.43
10:10:01 AM   5047128  10626928     67.80    330972   8496428   2224176      9.43
10:20:01 AM   5046368  10627688     67.80    330972   8496436   2224176      9.43
10:30:01 AM   5046616  10627440     67.80    330972   8496440   2224176      9.43
10:40:01 AM   5046988  10627068     67.80    330972   8496448   2224176      9.43
10:50:01 AM   5046864  10627192     67.80    330972   8496452   2224904      9.44
11:00:01 AM   5047368  10626688     67.80    330972   8496460   2224188      9.43
11:10:01 AM   5046996  10627060     67.80    330972   8496468   2223908      9.43
11:20:01 AM   5046872  10627184     67.80    330972   8496480   2223908      9.43
11:30:01 AM   5046880  10627176     67.80    330972   8496484   2223908      9.43
11:40:01 AM   5046508  10627548     67.80    330972   8496492   2223908      9.43
11:50:01 AM   5046872  10627184     67.80    330972   8496496   2224744      9.44
12:00:01 PM   5047368  10626688     67.80    330976   8496504   2223824      9.43
12:10:01 PM   5047368  10626688     67.80    330976   8496512   2223960      9.43
12:20:01 PM   5046748  10627308     67.80    330976   8496516   2223960      9.43
12:30:01 PM   5046996  10627060     67.80    330976   8496528   2223960      9.43
12:40:01 PM   5046500  10627556     67.80    330980   8496536   2223960      9.43
12:50:01 PM   5046864  10627192     67.80    330988   8496540   2224528      9.43
01:00:01 PM   5047120  10626936     67.80    330996   8496548   2223612      9.43
01:10:01 PM   5046996  10627060     67.80    330996   8496556   2223952      9.43
01:20:01 PM   5047376  10626680     67.80    331000   8496560   2223952      9.43
01:30:01 PM   5046624  10627432     67.80    331000   8496572   2223952      9.43
01:40:01 PM   5046624  10627432     67.80    331000   8496576   2223952      9.43
01:50:01 PM   5047608  10626448     67.80    331004   8496580   2224696      9.43
02:00:01 PM   5047244  10626812     67.80    331004   8496588   2223912      9.43
02:10:01 PM   5046996  10627060     67.80    331004   8496596   2223860      9.43
02:20:01 PM   5047120  10626936     67.80    331004   8496600   2223860      9.43
02:30:01 PM   5047128  10626928     67.80    331008   8496608   2223700      9.43
02:40:01 PM   5047128  10626928     67.80    331008   8496616   2223700      9.43
02:50:01 PM   5046748  10627308     67.80    331008   8496620   2224636      9.43
03:00:01 PM   5046632  10627424     67.80    331012   8496628   2223716      9.43
03:10:01 PM   5047252  10626804     67.80    331012   8496636   2223856      9.43
03:20:01 PM   5046880  10627176     67.80    331012   8496640   2223856      9.43
03:30:01 PM   5046756  10627300     67.80    331012   8496648   2223856      9.43
03:40:01 PM   5047004  10627052     67.80    331012   8496652   2223856      9.43
03:50:01 PM   5047244  10626812     67.80    331012   8496660   2224608      9.43
04:00:01 PM   5047012  10627044     67.80    331012   8496668   2223692      9.43
04:10:01 PM   5047120  10626936     67.80    331012   8496676   2223772      9.43
04:20:01 PM   5046624  10627432     67.80    331012   8496680   2223772      9.43
04:30:01 PM   5047120  10626936     67.80    331012   8496688   2223872      9.43
04:40:01 PM   5046748  10627308     67.80    331012   8496692   2223872      9.43
04:50:01 PM   5046368  10627688     67.80    331012   8496700   2224700      9.43
05:00:01 PM   5046748  10627308     67.80    331012   8496708   2223776      9.43
05:10:01 PM   5046508  10627548     67.80    331012   8496712   2223764      9.43
05:20:01 PM   5047128  10626928     67.80    331012   8496720   2223776      9.43
05:30:01 PM   5046756  10627300     67.80    331012   8496728   2223780      9.43
05:40:01 PM   5047128  10626928     67.80    331012   8496732   2223776      9.43
05:50:01 PM   5046500  10627556     67.80    331016   8496736   2224588      9.43
06:00:01 PM   5046508  10627548     67.80    331016   8496748   2223808      9.43
06:10:01 PM   5046384  10627672     67.80    331020   8496752   2223976      9.43
06:20:01 PM   5046128  10627928     67.81    331040   8496764   2223976      9.43
06:30:02 PM   5045516  10628540     67.81    331048   8496772   2223976      9.43
06:40:01 PM   5045384  10628672     67.81    331048   8496776   2223976      9.43
06:50:01 PM   5045872  10628184     67.81    331064   8496784   2224704      9.43
07:00:01 PM   5046252  10627804     67.81    331068   8496792   2223892      9.43
07:10:01 PM   5046384  10627672     67.80    331072   8496796   2223968      9.43
07:20:01 PM   5046136  10627920     67.81    331080   8496804   2223968      9.43
07:30:01 PM   5046376  10627680     67.80    331080   8496812   2223808      9.43
07:40:01 PM   5046136  10627920     67.81    331080   8496816   2223808      9.43
07:50:01 PM   5046252  10627804     67.81    331080   8496824   2224880      9.44
08:00:01 PM   5046012  10628044     67.81    331084   8496828   2224064      9.43
08:10:01 PM   5046136  10627920     67.81    331084   8496836   2224196      9.43
08:20:01 PM   5045888  10628168     67.81    331084   8496844   2224196      9.43
08:30:01 PM   5046136  10627920     67.81    331084   8496848   2224196      9.43
08:40:01 PM   5046136  10627920     67.81    331088   8496856   2224196      9.43
08:50:01 PM   5046632  10627424     67.80    331092   8496864   2224944      9.44
09:00:02 PM   5046392  10627664     67.80    331092   8496868   2223980      9.43
09:10:01 PM   5046888  10627168     67.80    331096   8496876   2223916      9.43
09:20:01 PM   5047012  10627044     67.80    331096   8496884   2223916      9.43
09:30:01 PM   5046764  10627292     67.80    331100   8496888   2223916      9.43
09:40:01 PM   5047252  10626804     67.80    331104   8496896   2224016      9.43
09:50:01 PM   5046748  10627308     67.80    331116   8496904   2224880      9.44
10:00:01 PM   5046260  10627796     67.81    331120   8496908   2224048      9.43
10:10:01 PM   5046640  10627416     67.80    331124   8496916   2224108      9.43
10:20:01 PM   5047012  10627044     67.80    331124   8496924   2224208      9.43
10:30:01 PM   5046764  10627292     67.80    331128   8496928   2224208      9.43
10:40:01 PM   5046648  10627408     67.80    331132   8496932   2224208      9.43
10:50:01 PM   5046260  10627796     67.81    331136   8496944   2224884      9.44
11:00:01 PM   5046640  10627416     67.80    331136   8496948   2223964      9.43
11:10:01 PM   5046392  10627664     67.80    331136   8496960   2224108      9.43
11:20:01 PM   5046516  10627540     67.80    331136   8496964   2224108      9.43
11:30:01 PM   5046508  10627548     67.80    331140   8496968   2224108      9.43
11:40:01 PM   5046012  10628044     67.81    331140   8496976   2224108      9.43
11:50:01 PM   5046252  10627804     67.81    331144   8496984   2224664      9.43
Average:      5046890  10627166     67.80    331191   8496568   2224103      9.43
