Linux 2.6.32-431.el6.i686 (bogon) 	06/11/2019 	_i686_	(24 CPU)

12:00:01 AM kbmemfree kbmemused  %memused kbbuffers  kbcached  kbcommit   %commit
12:10:01 AM   5163316  10510740     67.06    329552   8521612   2221284      9.42
12:20:01 AM   5163564  10510492     67.06    329552   8521616   2221284      9.42
12:30:01 AM   5163068  10510988     67.06    329552   8521628   2221284      9.42
12:40:01 AM   5163076  10510980     67.06    329552   8521636   2221280      9.42
12:50:01 AM   5163184  10510872     67.06    329552   8521640   2221164      9.42
01:00:01 AM   5163564  10510492     67.06    329552   8521648   2220248      9.42
01:10:01 AM   5163200  10510856     67.06    329556   8521656   2220188      9.42
01:20:01 AM   5162944  10511112     67.06    329556   8521660   2220188      9.42
01:30:01 AM   5160960  10513096     67.07    329556   8521668   2220188      9.42
01:40:01 AM   5160216  10513840     67.08    329556   8521672   2220184      9.42
01:50:01 AM   5160836  10513220     67.07    329556   8521680   2220960      9.42
02:00:01 AM   5159968  10514088     67.08    329556   8521688   2220244      9.42
02:10:01 AM   5160092  10513964     67.08    329556   8521692   2220988      9.42
02:20:01 AM   5160216  10513840     67.08    329556   8521700   2220988      9.42
02:30:01 AM   5159068  10514988     67.09    329564   8521716   2221996      9.42
02:40:01 AM   5157952  10516104     67.09    329564   8521720   2222156      9.42
02:50:01 AM   5157696  10516360     67.09    329564   8521728   2222888      9.43
03:00:01 AM   5157860  10516196     67.09    329564   8521736   2221972      9.42
03:10:01 AM   5157488  10516568     67.10    329564   8521740   2221444      9.42
03:20:01 AM   5157744  10516312     67.09    329564   8521756   2221440      9.42
03:30:01 AM   5157744  10516312     67.09    329564   8521760   2221440      9.42
03:40:01 AM   5157860  10516196     67.09    329564   8521764   2221440      9.42
03:50:01 AM   5157232  10516824     67.10    329564   8521772   2222452      9.43
04:00:01 AM   5156868  10517188     67.10    329564   8521780   2221636      9.42
04:10:01 AM   5156860  10517196     67.10    329564   8521784   2221984      9.42
04:20:01 AM   5157232  10516824     67.10    329564   8521792   2221984      9.42
04:30:01 AM   5155264  10518792     67.11    329696   8521812   2221624      9.42
04:40:01 AM   5156008  10518048     67.10    329696   8521816   2221904      9.42
04:50:01 AM   5155008  10519048     67.11    329696   8521824   2222556      9.43
05:00:01 AM   5155388  10518668     67.11    329696   8521828   2221640      9.42
05:10:01 AM   5155512  10518544     67.11    329696   8521836   2221620      9.42
05:20:01 AM   5155388  10518668     67.11    329696   8521844   2221616      9.42
05:30:01 AM   5155636  10518420     67.11    329696   8521852   2221620      9.42
05:40:01 AM   5155016  10519040     67.11    329696   8521856   2221616      9.42
05:50:01 AM   5155000  10519056     67.11    329696   8521864   2222288      9.42
06:00:01 AM   5155504  10518552     67.11    329696   8521868   2221376      9.42
06:10:01 AM   5155752  10518304     67.11    329696   8521876   2221304      9.42
06:20:01 AM   5156000  10518056     67.10    329700   8521884   2221308      9.42
06:30:01 AM   5156248  10517808     67.10    329700   8521888   2221308      9.42
06:40:01 AM   5155876  10518180     67.11    329704   8521896   2221312      9.42
06:50:01 AM   5156000  10518056     67.10    329708   8521904   2222136      9.42
07:00:01 AM   5156488  10517568     67.10    329708   8521908   2224472      9.43
07:10:01 AM   5156628  10517428     67.10    329732   8521924   2221176      9.42
07:20:01 AM   5156876  10517180     67.10    329732   8521932   2221336      9.42
07:30:01 AM   5157372  10516684     67.10    329732   8521940   2221336      9.42
07:40:01 AM   5157248  10516808     67.10    329732   8521944   2221340      9.42
07:50:01 AM   5156248  10517808     67.10    329732   8521952   2222300      9.42
08:00:01 AM   5157000  10517056     67.10    329736   8521956   2221384      9.42
08:10:01 AM   5156868  10517188     67.10    329736   8521968   2221308      9.42
08:20:01 AM   5156992  10517064     67.10    329736   8521972   2221312      9.42
08:30:01 AM   5156496  10517560     67.10    329740   8521976   2221308      9.42
08:40:01 AM   5157116  10516940     67.10    329740   8521988   2221304      9.42
08:50:01 AM   5156860  10517196     67.10    329740   8521992   2222164      9.42
09:00:01 AM   5153124  10520932     67.12    329752   8522628   2226564      9.44
09:10:01 AM   5150016  10524040     67.14    329800   8522688   2227504      9.45
09:20:01 AM   5130268  10543788     67.27    329860   8535436   2231188      9.46
09:30:01 AM   5129376  10544680     67.27    329880   8535444   2231348      9.46
09:40:01 AM   5128144  10545912     67.28    329888   8535460   2231348      9.46
09:50:01 AM   5125740  10548316     67.30    329976   8535472   2232068      9.47
10:00:01 AM   5124152  10549904     67.31    330040   8535640   2231504      9.46
10:10:01 AM   4958904  10715152     68.36    323176   8692088   2250636      9.54
10:20:01 AM   4534196  11139860     71.07    322060   8818456   2586892     10.97
10:30:02 AM   4764780  10909276     69.60    321044   8545884   2561644     10.86
10:40:01 AM   7140684   8533372     54.44    320052   6162184   2535088     10.75
10:50:01 AM   7162876   8511180     54.30    320060   6163068   2510764     10.65
11:00:01 AM   7181636   8492420     54.18    320060   6163076   2491484     10.57
11:10:01 AM   7191796   8482260     54.12    320060   6163600   2480312     10.52
11:20:01 AM   7204716   8469340     54.03    320060   6163600   2467496     10.46
11:30:01 AM   7235344   8438712     53.84    320060   6163604   2437000     10.34
11:40:01 AM   7253076   8420980     53.73    320064   6163628   2418180     10.26
11:50:01 AM   7264344   8409712     53.65    320068   6163632   2405080     10.20
12:00:01 PM   7281092   8392964     53.55    320068   6163636   2388008     10.13
12:10:01 PM   7295352   8378704     53.46    320068   6163648   2373360     10.07
12:20:01 PM   7322508   8351548     53.28    320068   6163652   2346424      9.95
12:30:01 PM   7334908   8339148     53.20    320068   6163656   2333948      9.90
12:40:01 PM   7345944   8328112     53.13    320068   6163668   2323588      9.85
12:50:02 PM   7356228   8317828     53.07    320068   6163672   2314060      9.81
01:00:01 PM   7374456   8299600     52.95    320068   6163684   2295024      9.73
01:10:01 PM   7381252   8292804     52.91    320068   6163692   2287280      9.70
01:20:01 PM   7374904   8299152     52.95    320072   6163700   2275508      9.65
01:30:01 PM   7385948   8288108     52.88    320076   6163712   2264128      9.60
01:40:01 PM   7385708   8288348     52.88    320076   6163720   2264120      9.60
01:50:01 PM   7385864   8288192     52.88    320076   6163728   2264852      9.61
02:00:01 PM   7386128   8287928     52.88    320076   6163732   2264216      9.60
02:10:01 PM   7385864   8288192     52.88    320096   6163796   2264024      9.60
02:20:01 PM   7385500   8288556     52.88    320096   6163800   2269400      9.62
02:30:01 PM   7385864   8288192     52.88    320104   6163812   2268416      9.62
02:40:01 PM   7384756   8289300     52.89    320104   6164368   2264156      9.60
02:50:01 PM   7384376   8289680     52.89    320104   6164376   2264968      9.61
03:00:01 PM   7383344   8290712     52.89    320320   6164500   2264428      9.60
03:10:01 PM   7383236   8290820     52.90    320328   6164532   2264248      9.60
03:20:01 PM   7383360   8290696     52.89    320336   6164532   2259860      9.58
03:30:01 PM   7395616   8278440     52.82    320564   6173832   2605556     11.05
03:40:01 PM   7204520   8469536     54.04    320696   6173892   2568184     10.89
03:50:01 PM   7221400   8452656     53.93    320720   6173904   2534956     10.75
04:00:01 PM   7237280   8436776     53.83    320760   6173924   2513648     10.66
04:10:01 PM   7251432   8422624     53.74    320760   6173932   2494216     10.58
04:20:01 PM   7261484   8412572     53.67    320768   6173948   2476624     10.50
04:30:01 PM   7279704   8394352     53.56    320776   6173964   2458236     10.43
04:40:01 PM   7314564   8359492     53.33    320808   6173968   2422088     10.27
04:50:01 PM   7331164   8342892     53.23    320808   6173972   2405504     10.20
05:00:01 PM   7229972   8444084     53.87    320848   6174176   2610484     11.07
05:10:01 PM   7207784   8466272     54.01    320880   6174528   2597664     11.02
05:20:01 PM   7287704   8386352     53.50    320956   6174580   2605184     11.05
05:30:01 PM   7224936   8449120     53.91    321032   6174832   2608624     11.06
05:40:01 PM   7207188   8466868     54.02    321104   6174916   2592940     11.00
05:50:01 PM   7187976   8486080     54.14    321108   6174920   2565640     10.88
06:00:01 PM   7218616   8455440     53.95    321220   6176008   2609400     11.07
06:10:01 PM   7189756   8484300     54.13    321252   6176272   2545052     10.79
06:20:01 PM   7170784   8503272     54.25    321272   6176296   2525440     10.71
06:30:01 PM   7101788   8572268     54.69    321276   6176296   2511576     10.65
06:40:01 PM   7115768   8558288     54.60    321280   6176304   2496704     10.59
06:50:01 PM   7130020   8544036     54.51    321280   6176308   2481676     10.52
07:00:01 PM   7147760   8526296     54.40    321280   6176320   2463572     10.45
07:10:01 PM   7165376   8508680     54.29    321280   6176332   2444760     10.37
07:20:01 PM   7193236   8480820     54.11    321312   6176380   2414908     10.24
07:30:01 PM   7212016   8462040     53.99    321312   6176388   2386360     10.12
07:40:01 PM   7232996   8441060     53.85    321316   6176392   2359228     10.01
07:50:01 PM   7252560   8421496     53.73    321316   6176408   2330444      9.88
08:00:01 PM   7283220   8390836     53.53    321316   6176408   2295296      9.73
08:10:01 PM   7294264   8379792     53.46    321316   6176416   2284116      9.69
08:20:01 PM   7315592   8358464     53.33    321316   6176424   2262824      9.60
08:30:01 PM   7324884   8349172     53.27    321316   6176432   2253332      9.56
08:40:01 PM   7333696   8340360     53.21    321316   6176440   2244756      9.52
08:50:01 PM   7349064   8324992     53.11    321316   6176452   2229244      9.45
09:00:01 PM   7353660   8320396     53.08    321316   6176456   2223732      9.43
09:10:01 PM   7353420   8320636     53.09    321316   6176464   2223468      9.43
09:20:01 PM   7352924   8321132     53.09    321320   6176472   2223472      9.43
09:30:01 PM   7352916   8321140     53.09    321320   6176476   2223468      9.43
09:40:01 PM   7352924   8321132     53.09    321320   6176480   2223468      9.43
09:50:01 PM   7352668   8321388     53.09    321324   6176492   2224348      9.43
10:00:01 PM   7352916   8321140     53.09    321328   6176500   2223436      9.43
10:10:01 PM   7353668   8320388     53.08    321328   6176504   2223604      9.43
10:20:02 PM   7353420   8320636     53.09    321328   6176516   2223604      9.43
10:30:01 PM   7351180   8322876     53.10    321328   6176520   2223700      9.43
10:40:01 PM   7351188   8322868     53.10    321328   6176524   2223700      9.43
10:50:01 PM   7241688   8432368     53.80    321328   6286976   2224656      9.43
11:00:01 PM   7242424   8431632     53.79    321328   6286980   2223712      9.43
11:10:01 PM   7241316   8432740     53.80    321328   6286988   2223740      9.43
11:20:01 PM   7241440   8432616     53.80    321328   6286996   2223740      9.43
11:30:01 PM   7241440   8432616     53.80    321328   6287000   2223744      9.43
11:40:01 PM   7241820   8432236     53.80    321328   6287008   2223744      9.43
11:50:01 PM   7241068   8432988     53.80    321328   6287012   2224792      9.44
Average:      6338053   9336003     59.56    324538   7216229   2306544      9.78
